
synpwrap -msg -prj "Projeto_impl1_synplify.tcl" -log "Projeto_impl1.srf"
Copyright (C) 1992-2024 Lattice Semiconductor Corporation. All rights reserved.
Lattice Diamond Version 3.14.0.75.2
    <postMsg mid="2011000" type="Info"    dynamic="0" navigation="0"  />

==contents of Projeto_impl1.srf
#Build: Synplify Pro (R) V-2023.09L-2, Build 349R, Sep 17 2024
#install: C:\lscc\diamond\3.14\synpbase
#OS: Windows 10 or later
#Hostname: BRMASOFT41

# Thu Oct  2 11:10:14 2025

#Implementation: impl1


Copyright (C) 1994-2023 Synopsys, Inc.
This Synopsys software and all associated documentation are proprietary to Synopsys, Inc.
and may only be used pursuant to the terms and conditions of a written license agreement
with Synopsys, Inc. All other use, reproduction, modification, or distribution of the
Synopsys software or the associated documentation is strictly prohibited.
Tool: Synplify Pro (R)
Build: V-2023.09L-2
Install: C:\lscc\diamond\3.14\synpbase
OS: Windows 10 or later
Hostname: BRMASOFT41

Implementation : impl1
Synopsys HDL Compiler, Version comp202309synp1, Build 349R, Built Sep 17 2024 08:16:26, @

@N|Running in 64-bit mode
###########################################################[

Copyright (C) 1994-2023 Synopsys, Inc.
This Synopsys software and all associated documentation are proprietary to Synopsys, Inc.
and may only be used pursuant to the terms and conditions of a written license agreement
with Synopsys, Inc. All other use, reproduction, modification, or distribution of the
Synopsys software or the associated documentation is strictly prohibited.
Tool: Synplify Pro (R)
Build: V-2023.09L-2
Install: C:\lscc\diamond\3.14\synpbase
OS: Windows 10 or later
Hostname: BRMASOFT41

Implementation : impl1
Synopsys Verilog Compiler, Version comp202309synp1, Build 349R, Built Sep 17 2024 08:16:26, @

@N|Running in 64-bit mode
@I::"C:\lscc\diamond\3.14\synpbase\lib\lucent\ecp5u.v" (library work)
@I::"C:\lscc\diamond\3.14\synpbase\lib\lucent\pmi_def.v" (library work)
@I::"C:\lscc\diamond\3.14\synpbase\lib\vlog\hypermods.v" (library __hyper__lib__)
@I::"C:\Users\ResTIC16\Documents\fpga\AulaPratica_02102025\BlinkNormalFull\Arquivos\blinknormalfull.sv" (library work)
Verilog syntax check successful!
Selecting top level module top
@N: CG364 :"C:\Users\ResTIC16\Documents\fpga\AulaPratica_02102025\BlinkNormalFull\Arquivos\blinknormalfull.sv":10:7:10:9|Synthesizing module top in library work.
Running optimization stage 1 on top .......
Finished optimization stage 1 on top (CPU Time 0h:00m:00s, Memory Used current: 97MB peak: 98MB)
Running optimization stage 2 on top .......
Finished optimization stage 2 on top (CPU Time 0h:00m:00s, Memory Used current: 98MB peak: 99MB)

For a summary of runtime per design unit, please see file:
==========================================================
@L: C:\Users\ResTIC16\Documents\fpga\AulaPratica_02102025\BlinkNormalFull\Projeto\impl1\synwork\layer0.duruntime



At c_ver Exit (Real Time elapsed 0h:00m:01s; CPU Time elapsed 0h:00m:01s; Memory used current: 97MB peak: 99MB)

Process took 0h:00m:01s realtime, 0h:00m:01s cputime

Process completed successfully.
# Thu Oct  2 11:10:16 2025

###########################################################]
###########################################################[

Copyright (C) 1994-2023 Synopsys, Inc.
This Synopsys software and all associated documentation are proprietary to Synopsys, Inc.
and may only be used pursuant to the terms and conditions of a written license agreement
with Synopsys, Inc. All other use, reproduction, modification, or distribution of the
Synopsys software or the associated documentation is strictly prohibited.
Tool: Synplify Pro (R)
Build: V-2023.09L-2
Install: C:\lscc\diamond\3.14\synpbase
OS: Windows 10 or later
Hostname: BRMASOFT41

Implementation : impl1
Synopsys Synopsys Netlist Linker, Version comp202309synp1, Build 349R, Built Sep 17 2024 08:16:26, @

@N|Running in 64-bit mode

At syn_nfilter Exit (Real Time elapsed 0h:00m:00s; CPU Time elapsed 0h:00m:00s; Memory used current: 95MB peak: 96MB)

Process took 0h:00m:01s realtime, 0h:00m:01s cputime

Process completed successfully.
# Thu Oct  2 11:10:16 2025

###########################################################]

For a summary of runtime and memory usage for all design units, please see file:
==========================================================
@L: C:\Users\ResTIC16\Documents\fpga\AulaPratica_02102025\BlinkNormalFull\Projeto\impl1\synwork\Projeto_impl1_comp.rt.csv

@END

At c_hdl Exit (Real Time elapsed 0h:00m:02s; CPU Time elapsed 0h:00m:02s; Memory used current: 27MB peak: 28MB)

Process took 0h:00m:02s realtime, 0h:00m:02s cputime

Process completed successfully.
# Thu Oct  2 11:10:16 2025

###########################################################]
###########################################################[

Copyright (C) 1994-2023 Synopsys, Inc.
This Synopsys software and all associated documentation are proprietary to Synopsys, Inc.
and may only be used pursuant to the terms and conditions of a written license agreement
with Synopsys, Inc. All other use, reproduction, modification, or distribution of the
Synopsys software or the associated documentation is strictly prohibited.
Tool: Synplify Pro (R)
Build: V-2023.09L-2
Install: C:\lscc\diamond\3.14\synpbase
OS: Windows 10 or later
Hostname: BRMASOFT41

Implementation : impl1
Synopsys Synopsys Netlist Linker, Version comp202309synp1, Build 349R, Built Sep 17 2024 08:16:26, @

@N|Running in 64-bit mode

At syn_nfilter Exit (Real Time elapsed 0h:00m:00s; CPU Time elapsed 0h:00m:00s; Memory used current: 95MB peak: 96MB)

Process took 0h:00m:01s realtime, 0h:00m:01s cputime

Process completed successfully.
# Thu Oct  2 11:10:18 2025

###########################################################]
Premap Report

# Thu Oct  2 11:10:18 2025


Copyright (C) 1994-2023 Synopsys, Inc.
This Synopsys software and all associated documentation are proprietary to Synopsys, Inc.
and may only be used pursuant to the terms and conditions of a written license agreement
with Synopsys, Inc. All other use, reproduction, modification, or distribution of the
Synopsys software or the associated documentation is strictly prohibited.
Tool: Synplify Pro (R)
Build: V-2023.09L-2
Install: C:\lscc\diamond\3.14\synpbase
OS: Windows 10 or later
Hostname: BRMASOFT41

Implementation : impl1
Synopsys Lattice Technology Pre-mapping, Version map202309lat, Build 191R, Built Sep 17 2024 10:38:50, @


Mapper Startup Complete (Real Time elapsed 0h:00m:00s; CPU Time elapsed 0h:00m:00s; Memory used current: 187MB peak: 187MB)


Done reading skeleton netlist (Real Time elapsed 0h:00m:00s; CPU Time elapsed 0h:00m:00s; Memory used current: 191MB peak: 202MB)

@A: MF827 |No constraint file specified.
@L: C:\Users\ResTIC16\Documents\fpga\AulaPratica_02102025\BlinkNormalFull\Projeto\impl1\Projeto_impl1_scck.rpt 
See clock summary report "C:\Users\ResTIC16\Documents\fpga\AulaPratica_02102025\BlinkNormalFull\Projeto\impl1\Projeto_impl1_scck.rpt"
@N: MF916 |Option synthesis_strategy=base is enabled. 
@N: MF248 |Running in 64-bit mode.
@N: MF666 |Clock conversion enabled. (Command "set_option -fix_gated_and_generated_clocks 1" in the project file.)

Design Input Complete (Real Time elapsed 0h:00m:00s; CPU Time elapsed 0h:00m:00s; Memory used current: 194MB peak: 202MB)


Mapper Initialization Complete (Real Time elapsed 0h:00m:00s; CPU Time elapsed 0h:00m:00s; Memory used current: 194MB peak: 202MB)


Start loading timing files (Real Time elapsed 0h:00m:01s; CPU Time elapsed 0h:00m:01s; Memory used current: 208MB peak: 208MB)


Finished loading timing files (Real Time elapsed 0h:00m:01s; CPU Time elapsed 0h:00m:01s; Memory used current: 208MB peak: 210MB)

NConnInternalConnection caching is on

Starting HSTDM IP insertion (Real Time elapsed 0h:00m:01s; CPU Time elapsed 0h:00m:01s; Memory used current: 258MB peak: 259MB)


Finished HSTDM IP insertion (Real Time elapsed 0h:00m:01s; CPU Time elapsed 0h:00m:01s; Memory used current: 258MB peak: 259MB)


Started DisTri Cleanup (Real Time elapsed 0h:00m:02s; CPU Time elapsed 0h:00m:02s; Memory used current: 258MB peak: 259MB)


Finished DisTri Cleanup (Real Time elapsed 0h:00m:02s; CPU Time elapsed 0h:00m:02s; Memory used current: 258MB peak: 259MB)


Starting clock optimization phase (Real Time elapsed 0h:00m:02s; CPU Time elapsed 0h:00m:02s; Memory used current: 260MB peak: 260MB)


mixed edge conversion for GCC is OFF

Finished clock optimization phase (Real Time elapsed 0h:00m:02s; CPU Time elapsed 0h:00m:02s; Memory used current: 260MB peak: 261MB)


Starting clock optimization report phase (Real Time elapsed 0h:00m:03s; CPU Time elapsed 0h:00m:03s; Memory used current: 260MB peak: 261MB)


Finished clock optimization report phase (Real Time elapsed 0h:00m:03s; CPU Time elapsed 0h:00m:03s; Memory used current: 260MB peak: 261MB)

@N: FX1184 |Applying syn_allowed_resources blockrams=108 on top level netlist top 

Finished netlist restructuring (Real Time elapsed 0h:00m:03s; CPU Time elapsed 0h:00m:03s; Memory used current: 260MB peak: 261MB)



Clock Summary
******************

          Start       Requested     Requested     Clock        Clock          Clock
Level     Clock       Frequency     Period        Type         Group          Load 
-----------------------------------------------------------------------------------
0 -       top|clk     200.0 MHz     5.000         inferred     (multiple)     82   
===================================================================================



Clock Load Summary
***********************

            Clock     Source        Clock Pin       Non-clock Pin     Non-clock Pin
Clock       Load      Pin           Seq Example     Seq Example       Comb Example 
-----------------------------------------------------------------------------------
top|clk     82        clk(port)     g1_q[2:0].C     -                 -            
===================================================================================

@W: MT529 :"c:\users\restic16\documents\fpga\aulapratica_02102025\blinknormalfull\arquivos\blinknormalfull.sv":93:4:93:12|Found inferred clock top|clk which controls 82 sequential elements including g3_cnt[22:0]. This clock has no specified timing constraint which may prevent conversion of gated or generated clocks and may adversely impact design performance. 

ICG Latch Removal Summary:
Number of ICG latches removed: 0
Number of ICG latches not removed:	0


@S |Clock Optimization Summary



#### START OF PREMAP CLOCK OPTIMIZATION REPORT #####[

1 non-gated/non-generated clock tree(s) driving 82 clock pin(s) of sequential element(s)
0 gated/generated clock tree(s) driving 0 clock pin(s) of sequential element(s)
0 instances converted, 0 sequential instances remain driven by gated/generated clocks

=========================== Non-Gated/Non-Generated Clocks ============================
Clock Tree ID     Driving Element     Drive Element Type     Fanout     Sample Instance
---------------------------------------------------------------------------------------
@KP:ckid0_0       clk                 port                   82         g3_cnt[22:0]   
=======================================================================================


##### END OF CLOCK OPTIMIZATION REPORT ######


Summary of user generated gated clocks:
0 user generated gated/generated clock tree(s) driving 0 clock pin(s) of sequential element(s)

@N: FX1143 |Skipping assigning INTERNAL_VREF to iobanks, because the table of mapping from pin to iobank is not initialized.
Finished Pre Mapping Phase.

Starting constraint checker (Real Time elapsed 0h:00m:04s; CPU Time elapsed 0h:00m:03s; Memory used current: 261MB peak: 261MB)


Finished constraint checker preprocessing (Real Time elapsed 0h:00m:04s; CPU Time elapsed 0h:00m:04s; Memory used current: 261MB peak: 262MB)


Finished constraint checker (Real Time elapsed 0h:00m:04s; CPU Time elapsed 0h:00m:04s; Memory used current: 262MB peak: 262MB)

Pre-mapping successful!

At Mapper Exit (Real Time elapsed 0h:00m:04s; CPU Time elapsed 0h:00m:04s; Memory used current: 177MB peak: 263MB)

Process took 0h:00m:05s realtime, 0h:00m:04s cputime
# Thu Oct  2 11:10:24 2025

###########################################################]
Map & Optimize Report

# Thu Oct  2 11:10:24 2025


Copyright (C) 1994-2023 Synopsys, Inc.
This Synopsys software and all associated documentation are proprietary to Synopsys, Inc.
and may only be used pursuant to the terms and conditions of a written license agreement
with Synopsys, Inc. All other use, reproduction, modification, or distribution of the
Synopsys software or the associated documentation is strictly prohibited.
Tool: Synplify Pro (R)
Build: V-2023.09L-2
Install: C:\lscc\diamond\3.14\synpbase
OS: Windows 10 or later
Hostname: BRMASOFT41

Implementation : impl1
Synopsys Lattice Technology Mapper, Version map202309lat, Build 191R, Built Sep 17 2024 10:38:50, @


Mapper Startup Complete (Real Time elapsed 0h:00m:00s; CPU Time elapsed 0h:00m:00s; Memory used current: 187MB peak: 187MB)

@N: MF916 |Option synthesis_strategy=base is enabled. 
@N: MF248 |Running in 64-bit mode.
@N: MF666 |Clock conversion enabled. (Command "set_option -fix_gated_and_generated_clocks 1" in the project file.)

Design Input Complete (Real Time elapsed 0h:00m:00s; CPU Time elapsed 0h:00m:00s; Memory used current: 189MB peak: 202MB)


Mapper Initialization Complete (Real Time elapsed 0h:00m:00s; CPU Time elapsed 0h:00m:00s; Memory used current: 189MB peak: 202MB)


Start loading timing files (Real Time elapsed 0h:00m:00s; CPU Time elapsed 0h:00m:00s; Memory used current: 203MB peak: 203MB)


Finished loading timing files (Real Time elapsed 0h:00m:01s; CPU Time elapsed 0h:00m:01s; Memory used current: 205MB peak: 207MB)



Starting Optimization and Mapping (Real Time elapsed 0h:00m:01s; CPU Time elapsed 0h:00m:01s; Memory used current: 257MB peak: 257MB)


Finished RTL optimizations (Real Time elapsed 0h:00m:01s; CPU Time elapsed 0h:00m:01s; Memory used current: 261MB peak: 261MB)

@W: BN161 :"c:\users\restic16\documents\fpga\aulapratica_02102025\blinknormalfull\arquivos\blinknormalfull.sv":10:7:10:9|Net N_97 has multiple drivers .
@W: FX474 |User-specified initial value defined for some sequential elements which can prevent optimum synthesis results from being achieved. 
@W: BN161 :"c:\users\restic16\documents\fpga\aulapratica_02102025\blinknormalfull\arquivos\blinknormalfull.sv":10:7:10:9|Net ledlto24 has multiple drivers .
@W: BN161 :"c:\users\restic16\documents\fpga\aulapratica_02102025\blinknormalfull\arquivos\blinknormalfull.sv":10:7:10:9|Net ledlto23 has multiple drivers .
@W: BN161 :"c:\users\restic16\documents\fpga\aulapratica_02102025\blinknormalfull\arquivos\blinknormalfull.sv":10:7:10:9|Net ledlto22 has multiple drivers .
@W: BN161 :"c:\users\restic16\documents\fpga\aulapratica_02102025\blinknormalfull\arquivos\blinknormalfull.sv":10:7:10:9|Net ledlto16 has multiple drivers .
@W: BN161 :"c:\users\restic16\documents\fpga\aulapratica_02102025\blinknormalfull\arquivos\blinknormalfull.sv":10:7:10:9|Net ledlto15 has multiple drivers .
@W: BN161 :"c:\users\restic16\documents\fpga\aulapratica_02102025\blinknormalfull\arquivos\blinknormalfull.sv":10:7:10:9|Net ledlto14 has multiple drivers .
@W: BN161 :"c:\users\restic16\documents\fpga\aulapratica_02102025\blinknormalfull\arquivos\blinknormalfull.sv":10:7:10:9|Net ledlto5 has multiple drivers .

Starting factoring (Real Time elapsed 0h:00m:01s; CPU Time elapsed 0h:00m:01s; Memory used current: 262MB peak: 262MB)


Finished factoring (Real Time elapsed 0h:00m:02s; CPU Time elapsed 0h:00m:02s; Memory used current: 263MB peak: 263MB)


Available hyper_sources - for debug and ip models
	None Found

NConnInternalConnection caching is on

Finished generic timing optimizations - Pass 1 (Real Time elapsed 0h:00m:02s; CPU Time elapsed 0h:00m:02s; Memory used current: 263MB peak: 264MB)

@W: BN161 :"c:\users\restic16\documents\fpga\aulapratica_02102025\blinknormalfull\arquivos\blinknormalfull.sv":10:7:10:9|Net N_1647 has multiple drivers .
@W: BN161 :"c:\users\restic16\documents\fpga\aulapratica_02102025\blinknormalfull\arquivos\blinknormalfull.sv":10:7:10:9|Net un37_g1_cnt_axb_0 has multiple drivers .
@W: BN161 :"c:\users\restic16\documents\fpga\aulapratica_02102025\blinknormalfull\arquivos\blinknormalfull.sv":10:7:10:9|Net un37_g1_cnt_axb_1 has multiple drivers .
@W: BN161 :"c:\users\restic16\documents\fpga\aulapratica_02102025\blinknormalfull\arquivos\blinknormalfull.sv":10:7:10:9|Net un37_g1_cnt_axb_2 has multiple drivers .
@W: BN161 :"c:\users\restic16\documents\fpga\aulapratica_02102025\blinknormalfull\arquivos\blinknormalfull.sv":10:7:10:9|Net un37_g1_cnt_axb_3 has multiple drivers .
@W: BN161 :"c:\users\restic16\documents\fpga\aulapratica_02102025\blinknormalfull\arquivos\blinknormalfull.sv":10:7:10:9|Net un37_g1_cnt_axb_4 has multiple drivers .
@W: BN161 :"c:\users\restic16\documents\fpga\aulapratica_02102025\blinknormalfull\arquivos\blinknormalfull.sv":10:7:10:9|Net un37_g1_cnt_axb_5 has multiple drivers .
@W: BN161 :"c:\users\restic16\documents\fpga\aulapratica_02102025\blinknormalfull\arquivos\blinknormalfull.sv":10:7:10:9|Net un37_g1_cnt_axb_6 has multiple drivers .
@W: BN161 :"c:\users\restic16\documents\fpga\aulapratica_02102025\blinknormalfull\arquivos\blinknormalfull.sv":10:7:10:9|Net un37_g1_cnt_axb_7 has multiple drivers .
@W: BN161 :"c:\users\restic16\documents\fpga\aulapratica_02102025\blinknormalfull\arquivos\blinknormalfull.sv":10:7:10:9|Net un37_g1_cnt_axb_8 has multiple drivers .
@W: BN161 :"c:\users\restic16\documents\fpga\aulapratica_02102025\blinknormalfull\arquivos\blinknormalfull.sv":10:7:10:9|Net un37_g1_cnt_axb_9 has multiple drivers .
@W: BN161 :"c:\users\restic16\documents\fpga\aulapratica_02102025\blinknormalfull\arquivos\blinknormalfull.sv":10:7:10:9|Net un37_g1_cnt_axb_10 has multiple drivers .
@W: BN161 :"c:\users\restic16\documents\fpga\aulapratica_02102025\blinknormalfull\arquivos\blinknormalfull.sv":10:7:10:9|Net un37_g1_cnt_axb_11 has multiple drivers .
@W: BN161 :"c:\users\restic16\documents\fpga\aulapratica_02102025\blinknormalfull\arquivos\blinknormalfull.sv":10:7:10:9|Net un37_g1_cnt_axb_12 has multiple drivers .
@W: BN161 :"c:\users\restic16\documents\fpga\aulapratica_02102025\blinknormalfull\arquivos\blinknormalfull.sv":10:7:10:9|Net un37_g1_cnt_axb_13 has multiple drivers .
@W: BN161 :"c:\users\restic16\documents\fpga\aulapratica_02102025\blinknormalfull\arquivos\blinknormalfull.sv":10:7:10:9|Net un37_g1_cnt_axb_14 has multiple drivers .
@W: BN161 :"c:\users\restic16\documents\fpga\aulapratica_02102025\blinknormalfull\arquivos\blinknormalfull.sv":10:7:10:9|Net un37_g1_cnt_axb_15 has multiple drivers .
@W: BN161 :"c:\users\restic16\documents\fpga\aulapratica_02102025\blinknormalfull\arquivos\blinknormalfull.sv":10:7:10:9|Net un37_g1_cnt_axb_16 has multiple drivers .
@W: BN161 :"c:\users\restic16\documents\fpga\aulapratica_02102025\blinknormalfull\arquivos\blinknormalfull.sv":10:7:10:9|Net un37_g1_cnt_axb_17 has multiple drivers .
@W: BN161 :"c:\users\restic16\documents\fpga\aulapratica_02102025\blinknormalfull\arquivos\blinknormalfull.sv":10:7:10:9|Net un37_g1_cnt_axb_18 has multiple drivers .
@W: BN161 :"c:\users\restic16\documents\fpga\aulapratica_02102025\blinknormalfull\arquivos\blinknormalfull.sv":10:7:10:9|Net un37_g1_cnt_axb_19 has multiple drivers .
@W: BN161 :"c:\users\restic16\documents\fpga\aulapratica_02102025\blinknormalfull\arquivos\blinknormalfull.sv":10:7:10:9|Net un37_g1_cnt_axb_20 has multiple drivers .
@W: BN161 :"c:\users\restic16\documents\fpga\aulapratica_02102025\blinknormalfull\arquivos\blinknormalfull.sv":10:7:10:9|Net un37_g1_cnt_axb_21 has multiple drivers .
@W: BN161 :"c:\users\restic16\documents\fpga\aulapratica_02102025\blinknormalfull\arquivos\blinknormalfull.sv":10:7:10:9|Net un37_g1_cnt_axb_22 has multiple drivers .
@W: BN161 :"c:\users\restic16\documents\fpga\aulapratica_02102025\blinknormalfull\arquivos\blinknormalfull.sv":10:7:10:9|Net un37_g1_cnt_axb_23 has multiple drivers .
@W: BN161 :"c:\users\restic16\documents\fpga\aulapratica_02102025\blinknormalfull\arquivos\blinknormalfull.sv":10:7:10:9|Net un37_g1_cnt_axb_24 has multiple drivers .
@W: BN161 :"c:\users\restic16\documents\fpga\aulapratica_02102025\blinknormalfull\arquivos\blinknormalfull.sv":10:7:10:9|Net un37_g2_cnt_axb_0 has multiple drivers .
@W: BN161 :"c:\users\restic16\documents\fpga\aulapratica_02102025\blinknormalfull\arquivos\blinknormalfull.sv":10:7:10:9|Net un37_g2_cnt_axb_1 has multiple drivers .
@W: BN161 :"c:\users\restic16\documents\fpga\aulapratica_02102025\blinknormalfull\arquivos\blinknormalfull.sv":10:7:10:9|Net un37_g2_cnt_axb_2 has multiple drivers .
@W: BN161 :"c:\users\restic16\documents\fpga\aulapratica_02102025\blinknormalfull\arquivos\blinknormalfull.sv":10:7:10:9|Net un37_g2_cnt_axb_3 has multiple drivers .
@W: BN161 :"c:\users\restic16\documents\fpga\aulapratica_02102025\blinknormalfull\arquivos\blinknormalfull.sv":10:7:10:9|Net un37_g2_cnt_axb_4 has multiple drivers .
@W: BN161 :"c:\users\restic16\documents\fpga\aulapratica_02102025\blinknormalfull\arquivos\blinknormalfull.sv":10:7:10:9|Net un37_g2_cnt_axb_5 has multiple drivers .
@W: BN161 :"c:\users\restic16\documents\fpga\aulapratica_02102025\blinknormalfull\arquivos\blinknormalfull.sv":10:7:10:9|Net un37_g2_cnt_axb_6 has multiple drivers .
@W: BN161 :"c:\users\restic16\documents\fpga\aulapratica_02102025\blinknormalfull\arquivos\blinknormalfull.sv":10:7:10:9|Net un37_g2_cnt_axb_7 has multiple drivers .
@W: BN161 :"c:\users\restic16\documents\fpga\aulapratica_02102025\blinknormalfull\arquivos\blinknormalfull.sv":10:7:10:9|Net un37_g2_cnt_axb_8 has multiple drivers .
@W: BN161 :"c:\users\restic16\documents\fpga\aulapratica_02102025\blinknormalfull\arquivos\blinknormalfull.sv":10:7:10:9|Net un37_g2_cnt_axb_9 has multiple drivers .
@W: BN161 :"c:\users\restic16\documents\fpga\aulapratica_02102025\blinknormalfull\arquivos\blinknormalfull.sv":10:7:10:9|Net un37_g2_cnt_axb_10 has multiple drivers .
@W: BN161 :"c:\users\restic16\documents\fpga\aulapratica_02102025\blinknormalfull\arquivos\blinknormalfull.sv":10:7:10:9|Net un37_g2_cnt_axb_11 has multiple drivers .
@W: BN161 :"c:\users\restic16\documents\fpga\aulapratica_02102025\blinknormalfull\arquivos\blinknormalfull.sv":10:7:10:9|Net un37_g2_cnt_axb_12 has multiple drivers .
@W: BN161 :"c:\users\restic16\documents\fpga\aulapratica_02102025\blinknormalfull\arquivos\blinknormalfull.sv":10:7:10:9|Net un37_g2_cnt_axb_13 has multiple drivers .
@W: BN161 :"c:\users\restic16\documents\fpga\aulapratica_02102025\blinknormalfull\arquivos\blinknormalfull.sv":10:7:10:9|Net un37_g2_cnt_axb_14 has multiple drivers .
@W: BN161 :"c:\users\restic16\documents\fpga\aulapratica_02102025\blinknormalfull\arquivos\blinknormalfull.sv":10:7:10:9|Net un37_g2_cnt_axb_15 has multiple drivers .
@W: BN161 :"c:\users\restic16\documents\fpga\aulapratica_02102025\blinknormalfull\arquivos\blinknormalfull.sv":10:7:10:9|Net un37_g2_cnt_axb_16 has multiple drivers .
@W: BN161 :"c:\users\restic16\documents\fpga\aulapratica_02102025\blinknormalfull\arquivos\blinknormalfull.sv":10:7:10:9|Net un37_g2_cnt_axb_17 has multiple drivers .
@W: BN161 :"c:\users\restic16\documents\fpga\aulapratica_02102025\blinknormalfull\arquivos\blinknormalfull.sv":10:7:10:9|Net un37_g2_cnt_axb_18 has multiple drivers .
@W: BN161 :"c:\users\restic16\documents\fpga\aulapratica_02102025\blinknormalfull\arquivos\blinknormalfull.sv":10:7:10:9|Net un37_g2_cnt_axb_19 has multiple drivers .
@W: BN161 :"c:\users\restic16\documents\fpga\aulapratica_02102025\blinknormalfull\arquivos\blinknormalfull.sv":10:7:10:9|Net un37_g2_cnt_axb_20 has multiple drivers .
@W: BN161 :"c:\users\restic16\documents\fpga\aulapratica_02102025\blinknormalfull\arquivos\blinknormalfull.sv":10:7:10:9|Net un37_g2_cnt_axb_21 has multiple drivers .
@W: BN161 :"c:\users\restic16\documents\fpga\aulapratica_02102025\blinknormalfull\arquivos\blinknormalfull.sv":10:7:10:9|Net un37_g2_cnt_axb_22 has multiple drivers .
@W: BN161 :"c:\users\restic16\documents\fpga\aulapratica_02102025\blinknormalfull\arquivos\blinknormalfull.sv":10:7:10:9|Net un37_g2_cnt_axb_23 has multiple drivers .
@W: BN161 :"c:\users\restic16\documents\fpga\aulapratica_02102025\blinknormalfull\arquivos\blinknormalfull.sv":10:7:10:9|Net un37_g2_cnt_axb_24 has multiple drivers .
@W: BN161 :"c:\users\restic16\documents\fpga\aulapratica_02102025\blinknormalfull\arquivos\blinknormalfull.sv":10:7:10:9|Net un35_g3_cnt_axb_0 has multiple drivers .
@W: BN161 :"c:\users\restic16\documents\fpga\aulapratica_02102025\blinknormalfull\arquivos\blinknormalfull.sv":10:7:10:9|Net un35_g3_cnt_axb_1 has multiple drivers .
@W: BN161 :"c:\users\restic16\documents\fpga\aulapratica_02102025\blinknormalfull\arquivos\blinknormalfull.sv":10:7:10:9|Net un35_g3_cnt_axb_2 has multiple drivers .
@W: BN161 :"c:\users\restic16\documents\fpga\aulapratica_02102025\blinknormalfull\arquivos\blinknormalfull.sv":10:7:10:9|Net un35_g3_cnt_axb_3 has multiple drivers .
@W: BN161 :"c:\users\restic16\documents\fpga\aulapratica_02102025\blinknormalfull\arquivos\blinknormalfull.sv":10:7:10:9|Net un35_g3_cnt_axb_4 has multiple drivers .
@W: BN161 :"c:\users\restic16\documents\fpga\aulapratica_02102025\blinknormalfull\arquivos\blinknormalfull.sv":10:7:10:9|Net un35_g3_cnt_axb_5 has multiple drivers .
@W: BN161 :"c:\users\restic16\documents\fpga\aulapratica_02102025\blinknormalfull\arquivos\blinknormalfull.sv":10:7:10:9|Net un35_g3_cnt_axb_6 has multiple drivers .
@W: BN161 :"c:\users\restic16\documents\fpga\aulapratica_02102025\blinknormalfull\arquivos\blinknormalfull.sv":10:7:10:9|Net un35_g3_cnt_axb_7 has multiple drivers .
@W: BN161 :"c:\users\restic16\documents\fpga\aulapratica_02102025\blinknormalfull\arquivos\blinknormalfull.sv":10:7:10:9|Net un35_g3_cnt_axb_8 has multiple drivers .
@W: BN161 :"c:\users\restic16\documents\fpga\aulapratica_02102025\blinknormalfull\arquivos\blinknormalfull.sv":10:7:10:9|Net un35_g3_cnt_axb_9 has multiple drivers .
@W: BN161 :"c:\users\restic16\documents\fpga\aulapratica_02102025\blinknormalfull\arquivos\blinknormalfull.sv":10:7:10:9|Net un35_g3_cnt_axb_10 has multiple drivers .
@W: BN161 :"c:\users\restic16\documents\fpga\aulapratica_02102025\blinknormalfull\arquivos\blinknormalfull.sv":10:7:10:9|Net un35_g3_cnt_axb_11 has multiple drivers .
@W: BN161 :"c:\users\restic16\documents\fpga\aulapratica_02102025\blinknormalfull\arquivos\blinknormalfull.sv":10:7:10:9|Net un35_g3_cnt_axb_12 has multiple drivers .
@W: BN161 :"c:\users\restic16\documents\fpga\aulapratica_02102025\blinknormalfull\arquivos\blinknormalfull.sv":10:7:10:9|Net un35_g3_cnt_axb_13 has multiple drivers .
@W: BN161 :"c:\users\restic16\documents\fpga\aulapratica_02102025\blinknormalfull\arquivos\blinknormalfull.sv":10:7:10:9|Net un35_g3_cnt_axb_14 has multiple drivers .
@W: BN161 :"c:\users\restic16\documents\fpga\aulapratica_02102025\blinknormalfull\arquivos\blinknormalfull.sv":10:7:10:9|Net un35_g3_cnt_axb_15 has multiple drivers .
@W: BN161 :"c:\users\restic16\documents\fpga\aulapratica_02102025\blinknormalfull\arquivos\blinknormalfull.sv":10:7:10:9|Net un35_g3_cnt_axb_16 has multiple drivers .
@W: BN161 :"c:\users\restic16\documents\fpga\aulapratica_02102025\blinknormalfull\arquivos\blinknormalfull.sv":10:7:10:9|Net un35_g3_cnt_axb_17 has multiple drivers .
@W: BN161 :"c:\users\restic16\documents\fpga\aulapratica_02102025\blinknormalfull\arquivos\blinknormalfull.sv":10:7:10:9|Net un35_g3_cnt_axb_18 has multiple drivers .
@W: BN161 :"c:\users\restic16\documents\fpga\aulapratica_02102025\blinknormalfull\arquivos\blinknormalfull.sv":10:7:10:9|Net un35_g3_cnt_axb_19 has multiple drivers .
@W: BN161 :"c:\users\restic16\documents\fpga\aulapratica_02102025\blinknormalfull\arquivos\blinknormalfull.sv":10:7:10:9|Net un35_g3_cnt_axb_20 has multiple drivers .
@W: BN161 :"c:\users\restic16\documents\fpga\aulapratica_02102025\blinknormalfull\arquivos\blinknormalfull.sv":10:7:10:9|Net un35_g3_cnt_axb_21 has multiple drivers .
@W: BN161 :"c:\users\restic16\documents\fpga\aulapratica_02102025\blinknormalfull\arquivos\blinknormalfull.sv":10:7:10:9|Net un35_g3_cnt_axb_22 has multiple drivers .

Starting Early Timing Optimization (Real Time elapsed 0h:00m:02s; CPU Time elapsed 0h:00m:02s; Memory used current: 265MB peak: 265MB)


Finished Early Timing Optimization (Real Time elapsed 0h:00m:02s; CPU Time elapsed 0h:00m:02s; Memory used current: 265MB peak: 266MB)


Finished generic timing optimizations - Pass 2 (Real Time elapsed 0h:00m:03s; CPU Time elapsed 0h:00m:03s; Memory used current: 265MB peak: 266MB)


Finished preparing to map (Real Time elapsed 0h:00m:03s; CPU Time elapsed 0h:00m:03s; Memory used current: 265MB peak: 266MB)


Finished technology mapping (Real Time elapsed 0h:00m:03s; CPU Time elapsed 0h:00m:03s; Memory used current: 266MB peak: 266MB)

Pass		 CPU time		Worst Slack		Luts / Registers
------------------------------------------------------------
   1		0h:00m:03s		     1.88ns		  52 /        82

Finished technology timing optimizations and critical path resynthesis (Real Time elapsed 0h:00m:03s; CPU Time elapsed 0h:00m:03s; Memory used current: 266MB peak: 267MB)

@N: FX164 |The option to pack registers in the IOB has not been specified. Please set syn_useioff attribute.  

Finished restoring hierarchy (Real Time elapsed 0h:00m:04s; CPU Time elapsed 0h:00m:04s; Memory used current: 266MB peak: 267MB)


Starting CDBProcessSetClockGroups... (Real Time elapsed 0h:00m:04s; CPU Time elapsed 0h:00m:04s; Memory used current: 266MB peak: 267MB)


Finished with CDBProcessSetClockGroups (Real Time elapsed 0h:00m:04s; CPU Time elapsed 0h:00m:04s; Memory used current: 266MB peak: 267MB)


Start Writing Netlists (Real Time elapsed 0h:00m:04s; CPU Time elapsed 0h:00m:04s; Memory used current: 212MB peak: 267MB)

Writing Analyst data base C:\Users\ResTIC16\Documents\fpga\AulaPratica_02102025\BlinkNormalFull\Projeto\impl1\synwork\Projeto_impl1_m.srm

Finished Writing Netlist Databases (Real Time elapsed 0h:00m:05s; CPU Time elapsed 0h:00m:05s; Memory used current: 267MB peak: 267MB)

Writing EDIF Netlist and constraint files
@N: FX1056 |Writing EDF file: C:\Users\ResTIC16\Documents\fpga\AulaPratica_02102025\BlinkNormalFull\Projeto\impl1\Projeto_impl1.edi
@N: BW106 |Synplicity Constraint File capacitance units using default value of 1pF 

Finished Writing EDIF Netlist and constraint files (Real Time elapsed 0h:00m:05s; CPU Time elapsed 0h:00m:05s; Memory used current: 274MB peak: 274MB)


Finished Writing Netlists (Real Time elapsed 0h:00m:06s; CPU Time elapsed 0h:00m:05s; Memory used current: 274MB peak: 275MB)


Start final timing analysis (Real Time elapsed 0h:00m:06s; CPU Time elapsed 0h:00m:06s; Memory used current: 273MB peak: 275MB)

@W: MT420 |Found inferred clock top|clk with period 5.00ns. Please declare a user-defined clock on port clk.


##### START OF TIMING REPORT #####[
# Timing report written on Thu Oct  2 11:10:31 2025
#


Top view:               top
Requested Frequency:    200.0 MHz
Wire load mode:         top
Paths requested:        5
Constraint File(s):    
@N: MT320 |This timing report is an estimate of place and route data. For final timing results, use the FPGA vendor place and route report.

@N: MT322 |Clock constraints include only register-to-register paths associated with each individual clock.



Performance Summary
*******************


Worst slack in design: 1.627

                   Requested     Estimated     Requested     Estimated               Clock        Clock     
Starting Clock     Frequency     Frequency     Period        Period        Slack     Type         Group     
------------------------------------------------------------------------------------------------------------
top|clk            200.0 MHz     296.5 MHz     5.000         3.373         1.627     inferred     (multiple)
============================================================================================================





Clock Relationships
*******************

Clocks             |    rise  to  rise   |    fall  to  fall   |    rise  to  fall   |    fall  to  rise 
---------------------------------------------------------------------------------------------------------
Starting  Ending   |  constraint  slack  |  constraint  slack  |  constraint  slack  |  constraint  slack
---------------------------------------------------------------------------------------------------------
top|clk   top|clk  |  5.000       1.627  |  No paths    -      |  No paths    -      |  No paths    -    
=========================================================================================================
 Note: 'No paths' indicates there are no paths in the design for that pair of clock edges.
       'Diff grp' indicates that paths exist but the starting clock and ending clock are in different clock groups.



Interface Information 
*********************

No IO constraint found



====================================
Detailed Report for Clock: top|clk
====================================



Starting Points with Worst Slack
********************************

               Starting                                         Arrival          
Instance       Reference     Type        Pin     Net            Time        Slack
               Clock                                                             
---------------------------------------------------------------------------------
g1_cnt[0]      top|clk       FD1S3IX     Q       g1_cnt[0]      0.955       1.627
g1_cnt[5]      top|clk       FD1S3IX     Q       g1_cnt[5]      0.955       1.627
g1_cnt[6]      top|clk       FD1S3IX     Q       g1_cnt[6]      0.955       1.627
g1_cnt[9]      top|clk       FD1S3IX     Q       g1_cnt[9]      0.955       1.627
g1_cnt[10]     top|clk       FD1S3IX     Q       g1_cnt[10]     0.955       1.627
g1_cnt[11]     top|clk       FD1S3IX     Q       g1_cnt[11]     0.955       1.627
g1_cnt[12]     top|clk       FD1S3IX     Q       g1_cnt[12]     0.955       1.627
g1_cnt[13]     top|clk       FD1S3IX     Q       g1_cnt[13]     0.955       1.627
g1_cnt[14]     top|clk       FD1S3IX     Q       g1_cnt[14]     0.955       1.627
g1_cnt[15]     top|clk       FD1S3IX     Q       g1_cnt[15]     0.955       1.627
=================================================================================


Ending Points with Worst Slack
******************************

               Starting                                                      Required          
Instance       Reference     Type        Pin     Net                         Time         Slack
               Clock                                                                           
-----------------------------------------------------------------------------------------------
g1_q[1]        top|clk       FD1S3IX     D       g1_q_0[1]                   4.946        1.627
g1_q[2]        top|clk       FD1S3IX     D       g1_q_0[2]                   4.946        1.627
g2_q[1]        top|clk       FD1S3IX     D       g2_q_0[1]                   4.946        1.627
g2_q[2]        top|clk       FD1S3IX     D       g2_q_0[2]                   4.946        1.627
g3_q[1]        top|clk       FD1S3IX     D       g3_q_0[1]                   4.946        1.627
g3_q[2]        top|clk       FD1S3IX     D       g3_q_0[2]                   4.946        1.627
g1_q[0]        top|clk       FD1S3IX     D       g1_q_0[0]                   4.946        1.681
g2_q[0]        top|clk       FD1S3IX     D       g2_q_0[0]                   4.946        1.681
g1_cnt[23]     top|clk       FD1S3IX     D       un37_g1_cnt_cry_23_0_S0     4.946        1.722
g1_cnt[24]     top|clk       FD1S3IX     D       un37_g1_cnt_cry_23_0_S1     4.946        1.722
===============================================================================================



Worst Path Information
***********************


Path information for path number 1: 
      Requested Period:                      5.000
    - Setup time:                            0.054
    + Clock delay at ending point:           0.000 (ideal)
    = Required time:                         4.946

    - Propagation time:                      3.319
    - Clock delay at starting point:         0.000 (ideal)
    = Slack (critical) :                     1.627

    Number of logic level(s):                4
    Starting point:                          g1_cnt[0] / Q
    Ending point:                            g1_q[1] / D
    The start point is clocked by            top|clk [rising] (rise=0.000 fall=2.500 period=5.000) on pin CK
    The end   point is clocked by            top|clk [rising] (rise=0.000 fall=2.500 period=5.000) on pin CK

Instance / Net                           Pin      Pin               Arrival     No. of    
Name                        Type         Name     Dir     Delay     Time        Fan Out(s)
------------------------------------------------------------------------------------------
g1_cnt[0]                   FD1S3IX      Q        Out     0.955     0.955 r     -         
g1_cnt[0]                   Net          -        -       -         -           3         
un34_g1_cnt_11              ORCALUT4     A        In      0.000     0.955 r     -         
un34_g1_cnt_11              ORCALUT4     Z        Out     0.606     1.561 r     -         
un34_g1_cnt_11              Net          -        -       -         -           1         
un34_g1_cnt_20              ORCALUT4     A        In      0.000     1.561 r     -         
un34_g1_cnt_20              ORCALUT4     Z        Out     0.708     2.269 r     -         
un34_g1_cnt_20              Net          -        -       -         -           3         
un34_g1_cnt_19_RNIMDR6Q     ORCALUT4     D        In      0.000     2.269 r     -         
un34_g1_cnt_19_RNIMDR6Q     ORCALUT4     Z        Out     0.660     2.929 r     -         
CO0_1                       Net          -        -       -         -           2         
g1_q_0[1]                   ORCALUT4     A        In      0.000     2.929 r     -         
g1_q_0[1]                   ORCALUT4     Z        Out     0.390     3.319 r     -         
g1_q_0[1]                   Net          -        -       -         -           1         
g1_q[1]                     FD1S3IX      D        In      0.000     3.319 r     -         
==========================================================================================



##### END OF TIMING REPORT #####]

Timing exceptions that could not be applied

Finished final timing analysis (Real Time elapsed 0h:00m:06s; CPU Time elapsed 0h:00m:06s; Memory used current: 274MB peak: 275MB)


Finished timing report (Real Time elapsed 0h:00m:06s; CPU Time elapsed 0h:00m:06s; Memory used current: 274MB peak: 275MB)

---------------------------------------
Resource Usage Report
Part: lfe5u_45f-6

Register bits: 82 of 43848 (0%)
PIC Latch:       0
I/O cells:       20


Details:
CCU2C:          38
FD1S3IX:        82
GSR:            1
IB:             4
INV:            4
OB:             16
ORCALUT4:       48
PUR:            1
VHI:            1
VLO:            1
Mapper successful!

At Mapper Exit (Real Time elapsed 0h:00m:07s; CPU Time elapsed 0h:00m:07s; Memory used current: 136MB peak: 275MB)

Process took 0h:00m:07s realtime, 0h:00m:07s cputime
# Thu Oct  2 11:10:32 2025

###########################################################]


Synthesis exit by 0.

edif2ngd  -l "ECP5U" -d LFE5U-45F -path "C:/Users/ResTIC16/Documents/fpga/AulaPratica_02102025/BlinkNormalFull/Projeto/impl1" -path "C:/Users/ResTIC16/Documents/fpga/AulaPratica_02102025/BlinkNormalFull/Projeto"   "C:/Users/ResTIC16/Documents/fpga/AulaPratica_02102025/BlinkNormalFull/Projeto/impl1/Projeto_impl1.edi" "Projeto_impl1.ngo"   
edif2ngd:  version Diamond (64-bit) 3.14.0.75.2

Copyright (c) 1991-1994 by NeoCAD Inc. All rights reserved.
Copyright (c) 1995 AT&T Corp.   All rights reserved.
Copyright (c) 1995-2001 Lucent Technologies Inc.  All rights reserved.
Copyright (c) 2001 Agere Systems   All rights reserved.
Copyright (c) 2002-2024 Lattice Semiconductor Corporation,  All rights reserved.
    <postMsg mid="1121028" type="Warning" dynamic="1" navigation="0" arg0="G3_OFF_MS"  />
    <postMsg mid="1121028" type="Warning" dynamic="1" navigation="0" arg0="G3_ON_MS"  />
    <postMsg mid="1121028" type="Warning" dynamic="1" navigation="0" arg0="G2_OFF_MS"  />
    <postMsg mid="1121028" type="Warning" dynamic="1" navigation="0" arg0="G2_ON_MS"  />
    <postMsg mid="1121028" type="Warning" dynamic="1" navigation="0" arg0="OFF_MS"  />
    <postMsg mid="1121028" type="Warning" dynamic="1" navigation="0" arg0="ON_MS"  />
    <postMsg mid="1121028" type="Warning" dynamic="1" navigation="0" arg0="F_CLK_HZ"  />
Writing the design to Projeto_impl1.ngo...

Total CPU Time: 0 secs  
Total REAL Time: 0 secs  
Peak Memory Usage: 16 MB


ngdbuild  -a "ECP5U" -d LFE5U-45F  -p "C:/lscc/diamond/3.14/ispfpga/sa5p00/data"  -p "C:/Users/ResTIC16/Documents/fpga/AulaPratica_02102025/BlinkNormalFull/Projeto/impl1" -p "C:/Users/ResTIC16/Documents/fpga/AulaPratica_02102025/BlinkNormalFull/Projeto"  "Projeto_impl1.ngo" "Projeto_impl1.ngd"  	
ngdbuild:  version Diamond (64-bit) 3.14.0.75.2

Copyright (c) 1991-1994 by NeoCAD Inc. All rights reserved.
Copyright (c) 1995 AT&T Corp.   All rights reserved.
Copyright (c) 1995-2001 Lucent Technologies Inc.  All rights reserved.
Copyright (c) 2001 Agere Systems   All rights reserved.
Copyright (c) 2002-2024 Lattice Semiconductor Corporation,  All rights reserved.
Reading 'Projeto_impl1.ngo' ...
Loading NGL library 'C:/lscc/diamond/3.14/ispfpga/sa5p00/data/sa5plib.ngl'...
Loading NGL library 'C:/lscc/diamond/3.14/ispfpga/xo2c00/data/xo2clib.ngl'...
Loading NGL library 'C:/lscc/diamond/3.14/ispfpga/mg5g00/data/mg5glib.ngl'...
Loading NGL library 'C:/lscc/diamond/3.14/ispfpga/or5g00/data/orc5glib.ngl'...


Running DRC...

DRC complete with no errors or warnings

Design Results:
    195 blocks expanded
Complete the first expansion.
Writing 'Projeto_impl1.ngd' ...
Total CPU Time: 0 secs 
Total REAL Time: 0 secs 
Peak Memory Usage: 24 MB


map -a "ECP5U" -p LFE5U-45F -t CABGA381 -s 6 -oc Commercial   "Projeto_impl1.ngd" -o "Projeto_impl1_map.ncd" -pr "Projeto_impl1.prf" -mp "Projeto_impl1.mrp" -lpf "C:/Users/ResTIC16/Documents/fpga/AulaPratica_02102025/BlinkNormalFull/Projeto/impl1/Projeto_impl1_synplify.lpf" -lpf "C:/Users/ResTIC16/Documents/fpga/AulaPratica_02102025/BlinkNormalFull/Arquivos/blinknormalfull.lpf"             
map:  version Diamond (64-bit) 3.14.0.75.2

Copyright (c) 1991-1994 by NeoCAD Inc. All rights reserved.
Copyright (c) 1995 AT&T Corp.   All rights reserved.
Copyright (c) 1995-2001 Lucent Technologies Inc.  All rights reserved.
Copyright (c) 2001 Agere Systems   All rights reserved.
Copyright (c) 2002-2024 Lattice Semiconductor Corporation,  All rights reserved.
   Process the file: Projeto_impl1.ngd
   Picdevice="LFE5U-45F"

   Pictype="CABGA381"

   Picspeed=6

   Remove unused logic

   Do not produce over sized NCDs.

Part used: LFE5U-45FCABGA381, Performance used: 6.

Loading device for application map from file 'sa5p45.nph' in environment: C:/lscc/diamond/3.14/ispfpga.
Package Status:                     Final          Version 1.50.

Running general design DRC...

Removing unused logic...

Optimizing...




Design Summary:
   Number of registers:     82 out of 44457 (0%)
      PFU registers:           82 out of 43848 (0%)
      PIO registers:            0 out of   609 (0%)
   Number of SLICEs:        74 out of 21924 (0%)
      SLICEs as Logic/ROM:     74 out of 21924 (0%)
      SLICEs as RAM:            0 out of 16443 (0%)
      SLICEs as Carry:         38 out of 21924 (0%)
   Number of LUT4s:        127 out of 43848 (0%)
      Number used as logic LUTs:         51
      Number used as distributed RAM:     0
      Number used as ripple logic:       76
      Number used as shift registers:     0
   Number of PIO sites used: 20 out of 203 (10%)
   Number of block RAMs:  0 out of 108 (0%)
   Number of GSRs:  0 out of 1 (0%)
   JTAG used :      No
   Readback used :  No
   Oscillator used :  No
   Startup used :   No
   DTR used :   No
   Number of Dynamic Bank Controller (BCINRD):  0 out of 4 (0%)
   Number of Dynamic Bank Controller (BCLVDSOB):  0 out of 4 (0%)
   Number of DCC:  0 out of 60 (0%)
   Number of DCS:  0 out of 2 (0%)
   Number of PLLs:  0 out of 4 (0%)
   Number of DDRDLLs:  0 out of 4 (0%)
   Number of CLKDIV:  0 out of 4 (0%)
   Number of ECLKSYNC:  0 out of 10 (0%)
   Number of ECLKBRIDGECS:  0 out of 2 (0%)
   Notes:-
      1. Total number of LUT4s = (Number of logic LUT4s) + 2*(Number of distributed RAMs) + 2*(Number of ripple logic)
      2. Number of logic LUT4s does not include count of distributed RAM and ripple logic.

   Number Of Mapped DSP Components:
   --------------------------------
   MULT18X18D          0
   MULT9X9D            0
   ALU54B              0
   ALU24B              0
   PRADD18A            0
   PRADD9A             0
   --------------------------------
   Number of Used DSP MULT Sites:  0 out of 144 (0 %)
   Number of Used DSP ALU Sites:  0 out of 72 (0 %)
   Number of Used DSP PRADD Sites:  0 out of 144 (0 %)
   Number of clocks:  1
     Net clk_c: 52 loads, 52 rising, 0 falling (Driver: PIO clk )
   Number of Clock Enables:  0
   Number of LSRs:  4
     Net N_78_1_i: 6 loads, 6 LSLICEs
     Net N_28_1_i: 6 loads, 6 LSLICEs
     Net N_52_1_i: 6 loads, 6 LSLICEs
     Net reset_c: 34 loads, 34 LSLICEs
   Number of nets driven by tri-state buffers:  0
   Top 10 highest fanout non-clock nets:
     Net reset_c: 37 loads
     Net preset_c: 9 loads
     Net N_28_1_i: 6 loads
     Net N_52_1_i: 6 loads
     Net N_78_1_i: 6 loads
     Net pause_c: 5 loads
     Net q_c[0]: 4 loads
     Net q_c[1]: 4 loads
     Net q_c[3]: 4 loads
     Net q_c[4]: 4 loads
 

   Number of warnings:  0
   Number of errors:    0



Total CPU Time: 0 secs  
Total REAL Time: 0 secs  
Peak Memory Usage: 160 MB

Dumping design to file Projeto_impl1_map.ncd.

mpartrce -p "Projeto_impl1.p2t" -f "Projeto_impl1.p3t" -tf "Projeto_impl1.pt" "Projeto_impl1_map.ncd" "Projeto_impl1.ncd"

---- MParTrce Tool ----
Removing old design directory at request of -rem command line option to this program.
Running par. Please wait . . .

Lattice Place and Route Report for Design "Projeto_impl1_map.ncd"
Thu Oct 02 11:10:37 2025

PAR: Place And Route Diamond (64-bit) 3.14.0.75.2.
Command Line: par -w -l 5 -i 6 -t 1 -c 0 -e 0 -gui -exp parUseNBR=1:parCDP=auto:parCDR=1:parPathBased=OFF:parASE=1:par_low_skew_clock_net=0 Projeto_impl1_map.ncd Projeto_impl1.dir/5_1.ncd Projeto_impl1.prf
Preference file: Projeto_impl1.prf.
Placement level-cost: 5-1.
Routing Iterations: 6

Loading design for application par from file Projeto_impl1_map.ncd.
Design name: top
NCD version: 3.3
Vendor:      LATTICE
Device:      LFE5U-45F
Package:     CABGA381
Performance: 6
Loading device for application par from file 'sa5p45.nph' in environment: C:/lscc/diamond/3.14/ispfpga.
Package Status:                     Final          Version 1.50.
Performance Hardware Data Status:   Final          Version 55.1.
License checked out.


Ignore Preference Error(s):  True
Device utilization summary:

   PIO (prelim)      20/245           8% used
                     20/203           9% bonded

   SLICE             74/21924        <1% used



Number of Signals: 242
Number of Connections: 489

Pin Constraint Summary:
   20 out of 20 pins locked (100% locked).

The following 2 signals are selected to use the primary clock routing resources:
    clk_c (driver: clk, clk/ce/sr load #: 52/0/0)
    reset_c (driver: reset, clk/ce/sr load #: 0/0/34)


No signal is selected as Global Set/Reset.
Starting Placer Phase 0.
.........
Finished Placer Phase 0.  REAL time: 2 secs 

Starting Placer Phase 1.
....................
Placer score = 55293.
Finished Placer Phase 1.  REAL time: 5 secs 

Starting Placer Phase 2.
.
Placer score =  55255
Finished Placer Phase 2.  REAL time: 5 secs 


------------------ Clock Report ------------------

Global Clock Resources:
  CLK_PIN    : 0 out of 12 (0%)
  GR_PCLK    : 2 out of 12 (16%)
  PLL        : 0 out of 4 (0%)
  DCS        : 0 out of 2 (0%)
  DCC        : 0 out of 60 (0%)
  CLKDIV     : 0 out of 4 (0%)

Quadrant TL Clocks:
  PRIMARY "clk_c" from comp "clk" on PIO site "P3 (PL68C)", CLK/CE/SR load = 22
  PRIMARY "reset_c" from comp "reset" on PIO site "K3 (PL38D)", CLK/CE/SR load = 16

  PRIMARY  : 2 out of 16 (12%)

Quadrant TR Clocks:

  PRIMARY  : 0 out of 16 (0%)

Quadrant BL Clocks:
  PRIMARY "clk_c" from comp "clk" on PIO site "P3 (PL68C)", CLK/CE/SR load = 30
  PRIMARY "reset_c" from comp "reset" on PIO site "K3 (PL38D)", CLK/CE/SR load = 18

  PRIMARY  : 2 out of 16 (12%)

Quadrant BR Clocks:

  PRIMARY  : 0 out of 16 (0%)

Edge Clocks:

  No edge clock selected.


--------------- End of Clock Report ---------------


+
I/O Usage Summary (final):
   20 out of 245 (8.2%) PIO sites used.
   20 out of 203 (9.9%) bonded PIO sites used.
   Number of PIO comps: 20; differential: 0.
   Number of Vref pins used: 0.

I/O Bank Usage Summary:
+----------+---------------+------------+------------+------------+
| I/O Bank | Usage         | Bank Vccio | Bank Vref1 | Bank Vref2 |
+----------+---------------+------------+------------+------------+
| 0        | 0 / 27 (  0%) | -          | -          | -          |
| 1        | 5 / 33 ( 15%) | 3.3V       | -          | -          |
| 2        | 1 / 32 (  3%) | 3.3V       | -          | -          |
| 3        | 0 / 33 (  0%) | -          | -          | -          |
| 6        | 7 / 33 ( 21%) | 3.3V       | -          | -          |
| 7        | 7 / 32 ( 21%) | 3.3V       | -          | -          |
| 8        | 0 / 13 (  0%) | -          | -          | -          |
+----------+---------------+------------+------------+------------+

Total placer CPU time: 4 secs 

Dumping design to file Projeto_impl1.dir/5_1.ncd.

0 connections routed; 489 unrouted.
Starting router resource preassignment

Completed router resource preassignment. Real time: 7 secs 

Start NBR router at 11:10:44 10/02/25

*****************************************************************
Info: NBR allows conflicts(one node used by more than one signal)
      in the earlier iterations. In each iteration, it tries to  
      solve the conflicts while keeping the critical connections 
      routed as short as possible. The routing process is said to
      be completed when no conflicts exist and all connections   
      are routed.                                                
Note: NBR uses a different method to calculate timing slacks. The
      worst slack and total negative slack may not be the same as
      that in TRCE report. You should always run TRCE to verify  
      your design.                                               
*****************************************************************

Start NBR special constraint process at 11:10:44 10/02/25

Start NBR section for initial routing at 11:10:44 10/02/25
Level 4, iteration 1
9(0.00%) conflicts; 0(0.00%) untouched conn; 0 (nbr) score; 
Estimated worst slack/total negative slack<setup>: 32.707ns/0.000ns; real time: 8 secs 

Info: Initial congestion level at 75% usage is 0
Info: Initial congestion area  at 75% usage is 0 (0.00%)

Start NBR section for normal routing at 11:10:45 10/02/25
Level 4, iteration 1
4(0.00%) conflicts; 0(0.00%) untouched conn; 0 (nbr) score; 
Estimated worst slack/total negative slack<setup>: 32.707ns/0.000ns; real time: 8 secs 
Level 4, iteration 2
1(0.00%) conflict; 0(0.00%) untouched conn; 0 (nbr) score; 
Estimated worst slack/total negative slack<setup>: 32.707ns/0.000ns; real time: 8 secs 
Level 4, iteration 3
0(0.00%) conflict; 0(0.00%) untouched conn; 0 (nbr) score; 
Estimated worst slack/total negative slack<setup>: 32.707ns/0.000ns; real time: 8 secs 

Start NBR section for setup/hold timing optimization with effort level 3 at 11:10:45 10/02/25

Start NBR section for re-routing at 11:10:45 10/02/25
Level 4, iteration 1
0(0.00%) conflict; 0(0.00%) untouched conn; 0 (nbr) score; 
Estimated worst slack/total negative slack<setup>: 32.707ns/0.000ns; real time: 8 secs 

Start NBR section for post-routing at 11:10:45 10/02/25

End NBR router with 0 unrouted connection

NBR Summary
-----------
  Number of unrouted connections : 0 (0.00%)
  Number of connections with timing violations : 0 (0.00%)
  Estimated worst slack<setup> : 32.707ns
  Timing score<setup> : 0
-----------
Notes: The timing info is calculated for SETUP only and all PAR_ADJs are ignored.



Total CPU time 8 secs 
Total REAL time: 8 secs 
Completely routed.
End of route.  489 routed (100.00%); 0 unrouted.

Hold time timing score: 0, hold timing errors: 0

Timing score: 0 

Dumping design to file Projeto_impl1.dir/5_1.ncd.


PAR_SUMMARY::Run status = Completed
PAR_SUMMARY::Number of unrouted conns = 0
PAR_SUMMARY::Worst  slack<setup/<ns>> = 32.707
PAR_SUMMARY::Timing score<setup/<ns>> = 0.000
PAR_SUMMARY::Worst  slack<hold /<ns>> = 0.179
PAR_SUMMARY::Timing score<hold /<ns>> = 0.000
PAR_SUMMARY::Number of errors = 0

Total CPU  time to completion: 8 secs 
Total REAL time to completion: 9 secs 

par done!

Note: user must run 'Trace' for timing closure signoff.

Copyright (c) 1991-1994 by NeoCAD Inc. All rights reserved.
Copyright (c) 1995 AT&T Corp.   All rights reserved.
Copyright (c) 1995-2001 Lucent Technologies Inc.  All rights reserved.
Copyright (c) 2001 Agere Systems   All rights reserved.
Copyright (c) 2002-2024 Lattice Semiconductor Corporation,  All rights reserved.
Exiting par with exit code 0
Exiting mpartrce with exit code 0

trce -f "Projeto_impl1.pt" -o "Projeto_impl1.twr" "Projeto_impl1.ncd" "Projeto_impl1.prf"
trce:  version Diamond (64-bit) 3.14.0.75.2

Copyright (c) 1991-1994 by NeoCAD Inc. All rights reserved.
Copyright (c) 1995 AT&T Corp.   All rights reserved.
Copyright (c) 1995-2001 Lucent Technologies Inc.  All rights reserved.
Copyright (c) 2001 Agere Systems   All rights reserved.
Copyright (c) 2002-2024 Lattice Semiconductor Corporation,  All rights reserved.

Loading design for application trce from file projeto_impl1.ncd.
Design name: top
NCD version: 3.3
Vendor:      LATTICE
Device:      LFE5U-45F
Package:     CABGA381
Performance: 6
Loading device for application trce from file 'sa5p45.nph' in environment: C:/lscc/diamond/3.14/ispfpga.
Package Status:                     Final          Version 1.50.
Performance Hardware Data Status:   Final          Version 55.1.
Setup and Hold Report

--------------------------------------------------------------------------------
Lattice TRACE Report - Setup, Version Diamond (64-bit) 3.14.0.75.2
Thu Oct 02 11:10:47 2025

Copyright (c) 1991-1994 by NeoCAD Inc. All rights reserved.
Copyright (c) 1995 AT&T Corp.   All rights reserved.
Copyright (c) 1995-2001 Lucent Technologies Inc.  All rights reserved.
Copyright (c) 2001 Agere Systems   All rights reserved.
Copyright (c) 2002-2024 Lattice Semiconductor Corporation,  All rights reserved.

Report Information
------------------
Command line:    trce -v 10 -gt -sethld -sp 6 -sphld m -o Projeto_impl1.twr -gui Projeto_impl1.ncd Projeto_impl1.prf 
Design file:     projeto_impl1.ncd
Preference file: projeto_impl1.prf
Device,speed:    LFE5U-45F,6
Report level:    verbose report, limited to 10 items per preference
--------------------------------------------------------------------------------

BLOCK ASYNCPATHS
--------------------------------------------------------------------------------



Timing summary (Setup):
---------------

Timing errors: 0  Score: 0
Cumulative negative slack: 0

Constraints cover 1601 paths, 1 nets, and 396 connections (80.98% coverage)

--------------------------------------------------------------------------------
Lattice TRACE Report - Hold, Version Diamond (64-bit) 3.14.0.75.2
Thu Oct 02 11:10:47 2025

Copyright (c) 1991-1994 by NeoCAD Inc. All rights reserved.
Copyright (c) 1995 AT&T Corp.   All rights reserved.
Copyright (c) 1995-2001 Lucent Technologies Inc.  All rights reserved.
Copyright (c) 2001 Agere Systems   All rights reserved.
Copyright (c) 2002-2024 Lattice Semiconductor Corporation,  All rights reserved.

Report Information
------------------
Command line:    trce -v 10 -gt -sethld -sp 6 -sphld m -o Projeto_impl1.twr -gui Projeto_impl1.ncd Projeto_impl1.prf 
Design file:     projeto_impl1.ncd
Preference file: projeto_impl1.prf
Device,speed:    LFE5U-45F,m
Report level:    verbose report, limited to 10 items per preference
--------------------------------------------------------------------------------

BLOCK ASYNCPATHS
--------------------------------------------------------------------------------



Timing summary (Hold):
---------------

Timing errors: 0  Score: 0
Cumulative negative slack: 0

Constraints cover 1601 paths, 1 nets, and 396 connections (80.98% coverage)



Timing summary (Setup and Hold):
---------------

Timing errors: 0 (setup), 0 (hold)
Score: 0 (setup), 0 (hold)
Cumulative negative slack: 0 (0+0)
--------------------------------------------------------------------------------

--------------------------------------------------------------------------------

Total CPU Time: 1 secs 
Total REAL Time: 0 secs 
Peak Memory Usage: 220 MB


tmcheck -par "Projeto_impl1.par" 

bitgen -w "Projeto_impl1.ncd" -f "Projeto_impl1.t2b" -e -s "C:/Users/ResTIC16/Documents/fpga/AulaPratica_02102025/BlinkNormalFull/Projeto/Projeto.sec" -k "C:/Users/ResTIC16/Documents/fpga/AulaPratica_02102025/BlinkNormalFull/Projeto/Projeto.bek" "Projeto_impl1.prf"


BITGEN: Bitstream Generator Diamond (64-bit) 3.14.0.75.2
Copyright (c) 1991-1994 by NeoCAD Inc. All rights reserved.
Copyright (c) 1995 AT&T Corp.   All rights reserved.
Copyright (c) 1995-2001 Lucent Technologies Inc.  All rights reserved.
Copyright (c) 2001 Agere Systems   All rights reserved.
Copyright (c) 2002-2024 Lattice Semiconductor Corporation,  All rights reserved.


Loading design for application Bitgen from file Projeto_impl1.ncd.
Design name: top
NCD version: 3.3
Vendor:      LATTICE
Device:      LFE5U-45F
Package:     CABGA381
Performance: 6
Loading device for application Bitgen from file 'sa5p45.nph' in environment: C:/lscc/diamond/3.14/ispfpga.
Package Status:                     Final          Version 1.50.
Performance Hardware Data Status:   Final          Version 55.1.

Running DRC.
DRC detected 0 errors and 0 warnings.
Reading Preference File from Projeto_impl1.prf.
    <postMsg mid="1009992" type="Info"    dynamic="1" navigation="0" arg0=" SW_XO3D_SECURITY_ENCRYPTION *NOT* controlled by sa5p00.acd ###"  />
    <postMsg mid="1009992" type="Info"    dynamic="1" navigation="0" arg0=" SW_XO3D_SECURITY_ENCRYPTION license_securityIP OK"  />

Preference Summary:
+---------------------------------+---------------------------------+
|  Preference                     |  Current Setting                |
+---------------------------------+---------------------------------+
|                         RamCfg  |                        Reset**  |
+---------------------------------+---------------------------------+
|                        CfgMode  |                      Disable**  |
+---------------------------------+---------------------------------+
|                        DONE_EX  |                          OFF**  |
+---------------------------------+---------------------------------+
|                        DONE_OD  |                           ON**  |
+---------------------------------+---------------------------------+
|                     MCCLK_FREQ  |                          2.4**  |
+---------------------------------+---------------------------------+
|                  CONFIG_SECURE  |                          OFF**  |
+---------------------------------+---------------------------------+
|                    CONFIG_MODE  |                         JTAG**  |
+---------------------------------+---------------------------------+
|                        WAKE_UP  |                           21**  |
+---------------------------------+---------------------------------+
|                          INBUF  |                          OFF**  |
+---------------------------------+---------------------------------+
|                             ES  |                           No**  |
+---------------------------------+---------------------------------+
|                 SLAVE_SPI_PORT  |                      DISABLE**  |
+---------------------------------+---------------------------------+
|                MASTER_SPI_PORT  |                      DISABLE**  |
+---------------------------------+---------------------------------+
|                COMPRESS_CONFIG  |                          OFF**  |
+---------------------------------+---------------------------------+
|            BACKGROUND_RECONFIG  |                          OFF**  |
+---------------------------------+---------------------------------+
|                     DisableUES  |                        FALSE**  |
+---------------------------------+---------------------------------+
|            SLAVE_PARALLEL_PORT  |                      DISABLE**  |
+---------------------------------+---------------------------------+
|                      DONE_PULL  |                           ON**  |
+---------------------------------+---------------------------------+
|               CONFIG_IOVOLTAGE  |                          2.5**  |
+---------------------------------+---------------------------------+
|                        TRANSFR  |                          OFF**  |
+---------------------------------+---------------------------------+
 *  Default setting.
 ** The specified setting matches the default setting.


Creating bit map...
 
Bitstream Status: Final           Version 10.27.
 
Saving bit stream in "Projeto_impl1.bit".
Total CPU Time: 3 secs 
Total REAL Time: 3 secs 
Peak Memory Usage: 365 MB
