
Copyright (C) 1994-2023 Synopsys, Inc.
This Synopsys software and all associated documentation are proprietary to Synopsys, Inc.
and may only be used pursuant to the terms and conditions of a written license agreement
with Synopsys, Inc. All other use, reproduction, modification, or distribution of the
Synopsys software or the associated documentation is strictly prohibited.
Tool: Synplify Pro (R)
Build: V-2023.09L-2
Install: C:\lscc\diamond\3.14\synpbase
OS: Windows 10 or later
Hostname: LABFUZZYCHESS

Implementation : impl1
Synopsys HDL compiler and linker, Version comp202309synp1, Build 349R, Built Sep 17 2024 08:16:26, @

Modified Files: 1
FID:  path (prevtimestamp, timestamp)
5        I:\Meu Drive\Projetos_Verilog\Registrador_6_bits\Arquivos\top.sv (2025-10-07 15:58:29, 2025-10-07 16:11:56)

*******************************************************************
Modules that may have changed as a result of file changes: 1
MID:  lib.cell.view
0        work.top.verilog may have changed because the following files changed:
                        I:\Meu Drive\Projetos_Verilog\Registrador_6_bits\Arquivos\top.sv (2025-10-07 15:58:29, 2025-10-07 16:11:56) <-- (module definition)

*******************************************************************
Unmodified files: 5
FID:  path (timestamp)
0        C:\lscc\diamond\3.14\synpbase\lib\lucent\ecp5u.v (2024-08-22 17:48:19)
1        C:\lscc\diamond\3.14\synpbase\lib\lucent\pmi_def.v (2024-09-23 20:33:10)
2        C:\lscc\diamond\3.14\synpbase\lib\vlog\hypermods.v (2024-09-23 20:33:35)
3        C:\lscc\diamond\3.14\synpbase\lib\vlog\scemi_objects.v (2024-09-23 20:33:35)
4        C:\lscc\diamond\3.14\synpbase\lib\vlog\scemi_pipes.svh (2024-09-23 20:33:35)

*******************************************************************
Unchanged modules: 0
MID:  lib.cell.view
