
synpwrap -msg -prj "Projeto_impl1_synplify.tcl" -log "Projeto_impl1.srf"
Copyright (C) 1992-2024 Lattice Semiconductor Corporation. All rights reserved.
Lattice Diamond Version 3.14.0.75.2
    <postMsg mid="2011000" type="Info"    dynamic="0" navigation="0"  />

==contents of Projeto_impl1.srf
#Build: Synplify Pro (R) V-2023.09L-2, Build 349R, Sep 17 2024
#install: C:\lscc\diamond\3.14\synpbase
#OS: Windows 10 or later
#Hostname: BRMASOFT41

# Tue Oct 14 10:48:34 2025

#Implementation: impl1


Copyright (C) 1994-2023 Synopsys, Inc.
This Synopsys software and all associated documentation are proprietary to Synopsys, Inc.
and may only be used pursuant to the terms and conditions of a written license agreement
with Synopsys, Inc. All other use, reproduction, modification, or distribution of the
Synopsys software or the associated documentation is strictly prohibited.
Tool: Synplify Pro (R)
Build: V-2023.09L-2
Install: C:\lscc\diamond\3.14\synpbase
OS: Windows 10 or later
Hostname: BRMASOFT41

Implementation : impl1
Synopsys HDL Compiler, Version comp202309synp1, Build 349R, Built Sep 17 2024 08:16:26, @

@N|Running in 64-bit mode
###########################################################[

Copyright (C) 1994-2023 Synopsys, Inc.
This Synopsys software and all associated documentation are proprietary to Synopsys, Inc.
and may only be used pursuant to the terms and conditions of a written license agreement
with Synopsys, Inc. All other use, reproduction, modification, or distribution of the
Synopsys software or the associated documentation is strictly prohibited.
Tool: Synplify Pro (R)
Build: V-2023.09L-2
Install: C:\lscc\diamond\3.14\synpbase
OS: Windows 10 or later
Hostname: BRMASOFT41

Implementation : impl1
Synopsys Verilog Compiler, Version comp202309synp1, Build 349R, Built Sep 17 2024 08:16:26, @

@N|Running in 64-bit mode
@I::"C:\lscc\diamond\3.14\synpbase\lib\lucent\ecp5u.v" (library work)
@I::"C:\lscc\diamond\3.14\synpbase\lib\lucent\pmi_def.v" (library work)
@I::"C:\lscc\diamond\3.14\synpbase\lib\vlog\hypermods.v" (library __hyper__lib__)
@I::"C:\Users\ResTIC16\Documents\fpga\AulaPratica_14102025\Projeto_ContadorRegistrador\Arquivos\top.sv" (library work)
Verilog syntax check successful!
Selecting top level module top
@N: CG364 :"C:\Users\ResTIC16\Documents\fpga\AulaPratica_14102025\Projeto_ContadorRegistrador\Arquivos\top.sv":13:7:13:9|Synthesizing module top in library work.
Running optimization stage 1 on top .......
Finished optimization stage 1 on top (CPU Time 0h:00m:00s, Memory Used current: 97MB peak: 98MB)
Running optimization stage 2 on top .......
Finished optimization stage 2 on top (CPU Time 0h:00m:00s, Memory Used current: 98MB peak: 99MB)

For a summary of runtime per design unit, please see file:
==========================================================
@L: C:\Users\ResTIC16\Documents\fpga\AulaPratica_14102025\Projeto_ContadorRegistrador\Projeto\impl1\synwork\layer0.duruntime



At c_ver Exit (Real Time elapsed 0h:00m:01s; CPU Time elapsed 0h:00m:01s; Memory used current: 98MB peak: 99MB)

Process took 0h:00m:01s realtime, 0h:00m:01s cputime

Process completed successfully.
# Tue Oct 14 10:48:36 2025

###########################################################]
###########################################################[

Copyright (C) 1994-2023 Synopsys, Inc.
This Synopsys software and all associated documentation are proprietary to Synopsys, Inc.
and may only be used pursuant to the terms and conditions of a written license agreement
with Synopsys, Inc. All other use, reproduction, modification, or distribution of the
Synopsys software or the associated documentation is strictly prohibited.
Tool: Synplify Pro (R)
Build: V-2023.09L-2
Install: C:\lscc\diamond\3.14\synpbase
OS: Windows 10 or later
Hostname: BRMASOFT41

Implementation : impl1
Synopsys Synopsys Netlist Linker, Version comp202309synp1, Build 349R, Built Sep 17 2024 08:16:26, @

@N|Running in 64-bit mode

At syn_nfilter Exit (Real Time elapsed 0h:00m:00s; CPU Time elapsed 0h:00m:00s; Memory used current: 96MB peak: 96MB)

Process took 0h:00m:01s realtime, 0h:00m:01s cputime

Process completed successfully.
# Tue Oct 14 10:48:36 2025

###########################################################]

For a summary of runtime and memory usage for all design units, please see file:
==========================================================
@L: C:\Users\ResTIC16\Documents\fpga\AulaPratica_14102025\Projeto_ContadorRegistrador\Projeto\impl1\synwork\Projeto_impl1_comp.rt.csv

@END

At c_hdl Exit (Real Time elapsed 0h:00m:02s; CPU Time elapsed 0h:00m:01s; Memory used current: 28MB peak: 28MB)

Process took 0h:00m:02s realtime, 0h:00m:01s cputime

Process completed successfully.
# Tue Oct 14 10:48:37 2025

###########################################################]
###########################################################[

Copyright (C) 1994-2023 Synopsys, Inc.
This Synopsys software and all associated documentation are proprietary to Synopsys, Inc.
and may only be used pursuant to the terms and conditions of a written license agreement
with Synopsys, Inc. All other use, reproduction, modification, or distribution of the
Synopsys software or the associated documentation is strictly prohibited.
Tool: Synplify Pro (R)
Build: V-2023.09L-2
Install: C:\lscc\diamond\3.14\synpbase
OS: Windows 10 or later
Hostname: BRMASOFT41

Implementation : impl1
Synopsys Synopsys Netlist Linker, Version comp202309synp1, Build 349R, Built Sep 17 2024 08:16:26, @

@N|Running in 64-bit mode

At syn_nfilter Exit (Real Time elapsed 0h:00m:00s; CPU Time elapsed 0h:00m:00s; Memory used current: 95MB peak: 96MB)

Process took 0h:00m:01s realtime, 0h:00m:01s cputime

Process completed successfully.
# Tue Oct 14 10:48:38 2025

###########################################################]
Premap Report

# Tue Oct 14 10:48:39 2025


Copyright (C) 1994-2023 Synopsys, Inc.
This Synopsys software and all associated documentation are proprietary to Synopsys, Inc.
and may only be used pursuant to the terms and conditions of a written license agreement
with Synopsys, Inc. All other use, reproduction, modification, or distribution of the
Synopsys software or the associated documentation is strictly prohibited.
Tool: Synplify Pro (R)
Build: V-2023.09L-2
Install: C:\lscc\diamond\3.14\synpbase
OS: Windows 10 or later
Hostname: BRMASOFT41

Implementation : impl1
Synopsys Lattice Technology Pre-mapping, Version map202309lat, Build 191R, Built Sep 17 2024 10:38:50, @


Mapper Startup Complete (Real Time elapsed 0h:00m:00s; CPU Time elapsed 0h:00m:00s; Memory used current: 187MB peak: 187MB)


Done reading skeleton netlist (Real Time elapsed 0h:00m:00s; CPU Time elapsed 0h:00m:00s; Memory used current: 191MB peak: 203MB)

@A: MF827 |No constraint file specified.
@L: C:\Users\ResTIC16\Documents\fpga\AulaPratica_14102025\Projeto_ContadorRegistrador\Projeto\impl1\Projeto_impl1_scck.rpt 
See clock summary report "C:\Users\ResTIC16\Documents\fpga\AulaPratica_14102025\Projeto_ContadorRegistrador\Projeto\impl1\Projeto_impl1_scck.rpt"
@N: MF916 |Option synthesis_strategy=base is enabled. 
@N: MF248 |Running in 64-bit mode.
@N: MF666 |Clock conversion enabled. (Command "set_option -fix_gated_and_generated_clocks 1" in the project file.)

Design Input Complete (Real Time elapsed 0h:00m:00s; CPU Time elapsed 0h:00m:00s; Memory used current: 194MB peak: 203MB)


Mapper Initialization Complete (Real Time elapsed 0h:00m:00s; CPU Time elapsed 0h:00m:00s; Memory used current: 194MB peak: 203MB)


Start loading timing files (Real Time elapsed 0h:00m:01s; CPU Time elapsed 0h:00m:01s; Memory used current: 207MB peak: 207MB)


Finished loading timing files (Real Time elapsed 0h:00m:01s; CPU Time elapsed 0h:00m:01s; Memory used current: 208MB peak: 210MB)

NConnInternalConnection caching is on
@N: FX493 |Applying initial value "00" on instance s_dir[1:0].
@W: FX474 |User-specified initial value defined for some sequential elements which can prevent optimum synthesis results from being achieved. 
@N: FX493 |Applying initial value "00" on instance s_load[1:0].
@N: FX493 |Applying initial value "00" on instance s_modo[1:0].
@N: FX493 |Applying initial value "00" on instance s_pause[1:0].
@N: FX493 |Applying initial value "00" on instance s_reset[1:0].
@N: FX493 |Applying initial value "0" on instance load_s_d.
@N: FX493 |Applying initial value "0" on instance reset_s_d.
@N: FX493 |Applying initial value "000000001" on instance reg9[8:0].

Starting HSTDM IP insertion (Real Time elapsed 0h:00m:01s; CPU Time elapsed 0h:00m:01s; Memory used current: 258MB peak: 259MB)


Finished HSTDM IP insertion (Real Time elapsed 0h:00m:01s; CPU Time elapsed 0h:00m:01s; Memory used current: 258MB peak: 259MB)


Started DisTri Cleanup (Real Time elapsed 0h:00m:02s; CPU Time elapsed 0h:00m:02s; Memory used current: 258MB peak: 259MB)


Finished DisTri Cleanup (Real Time elapsed 0h:00m:02s; CPU Time elapsed 0h:00m:02s; Memory used current: 258MB peak: 259MB)


Starting clock optimization phase (Real Time elapsed 0h:00m:02s; CPU Time elapsed 0h:00m:02s; Memory used current: 260MB peak: 260MB)


mixed edge conversion for GCC is OFF

Finished clock optimization phase (Real Time elapsed 0h:00m:02s; CPU Time elapsed 0h:00m:02s; Memory used current: 260MB peak: 261MB)


Starting clock optimization report phase (Real Time elapsed 0h:00m:03s; CPU Time elapsed 0h:00m:02s; Memory used current: 261MB peak: 261MB)


Finished clock optimization report phase (Real Time elapsed 0h:00m:03s; CPU Time elapsed 0h:00m:03s; Memory used current: 261MB peak: 261MB)

@N: FX1184 |Applying syn_allowed_resources blockrams=108 on top level netlist top 

Finished netlist restructuring (Real Time elapsed 0h:00m:03s; CPU Time elapsed 0h:00m:03s; Memory used current: 261MB peak: 261MB)



Clock Summary
******************

          Start       Requested     Requested     Clock        Clock          Clock
Level     Clock       Frequency     Period        Type         Group          Load 
-----------------------------------------------------------------------------------
0 -       top|clk     200.0 MHz     5.000         inferred     (multiple)     55   
===================================================================================



Clock Load Summary
***********************

            Clock     Source        Clock Pin             Non-clock Pin     Non-clock Pin
Clock       Load      Pin           Seq Example           Seq Example       Comb Example 
-----------------------------------------------------------------------------------------
top|clk     55        clk(port)     blink_cnt[24:0].C     -                 -            
=========================================================================================

@W: MT529 :"c:\users\restic16\documents\fpga\aulapratica_14102025\projeto_contadorregistrador\arquivos\top.sv":89:4:89:12|Found inferred clock top|clk which controls 55 sequential elements including reg9[8]. This clock has no specified timing constraint which may prevent conversion of gated or generated clocks and may adversely impact design performance. 

ICG Latch Removal Summary:
Number of ICG latches removed: 0
Number of ICG latches not removed:	0


@S |Clock Optimization Summary



#### START OF PREMAP CLOCK OPTIMIZATION REPORT #####[

1 non-gated/non-generated clock tree(s) driving 55 clock pin(s) of sequential element(s)
0 gated/generated clock tree(s) driving 0 clock pin(s) of sequential element(s)
0 instances converted, 0 sequential instances remain driven by gated/generated clocks

=========================== Non-Gated/Non-Generated Clocks ============================
Clock Tree ID     Driving Element     Drive Element Type     Fanout     Sample Instance
---------------------------------------------------------------------------------------
@KP:ckid0_0       clk                 port                   55         reg9[8]        
=======================================================================================


##### END OF CLOCK OPTIMIZATION REPORT ######


Summary of user generated gated clocks:
0 user generated gated/generated clock tree(s) driving 0 clock pin(s) of sequential element(s)

@N: FX1143 |Skipping assigning INTERNAL_VREF to iobanks, because the table of mapping from pin to iobank is not initialized.
Finished Pre Mapping Phase.

Starting constraint checker (Real Time elapsed 0h:00m:04s; CPU Time elapsed 0h:00m:03s; Memory used current: 261MB peak: 261MB)


Finished constraint checker preprocessing (Real Time elapsed 0h:00m:04s; CPU Time elapsed 0h:00m:03s; Memory used current: 261MB peak: 262MB)


Finished constraint checker (Real Time elapsed 0h:00m:04s; CPU Time elapsed 0h:00m:04s; Memory used current: 262MB peak: 262MB)

Pre-mapping successful!

At Mapper Exit (Real Time elapsed 0h:00m:04s; CPU Time elapsed 0h:00m:04s; Memory used current: 177MB peak: 263MB)

Process took 0h:00m:05s realtime, 0h:00m:04s cputime
# Tue Oct 14 10:48:44 2025

###########################################################]
Map & Optimize Report

# Tue Oct 14 10:48:45 2025


Copyright (C) 1994-2023 Synopsys, Inc.
This Synopsys software and all associated documentation are proprietary to Synopsys, Inc.
and may only be used pursuant to the terms and conditions of a written license agreement
with Synopsys, Inc. All other use, reproduction, modification, or distribution of the
Synopsys software or the associated documentation is strictly prohibited.
Tool: Synplify Pro (R)
Build: V-2023.09L-2
Install: C:\lscc\diamond\3.14\synpbase
OS: Windows 10 or later
Hostname: BRMASOFT41

Implementation : impl1
Synopsys Lattice Technology Mapper, Version map202309lat, Build 191R, Built Sep 17 2024 10:38:50, @


Mapper Startup Complete (Real Time elapsed 0h:00m:00s; CPU Time elapsed 0h:00m:00s; Memory used current: 187MB peak: 187MB)

@N: MF916 |Option synthesis_strategy=base is enabled. 
@N: MF248 |Running in 64-bit mode.
@N: MF666 |Clock conversion enabled. (Command "set_option -fix_gated_and_generated_clocks 1" in the project file.)

Design Input Complete (Real Time elapsed 0h:00m:00s; CPU Time elapsed 0h:00m:00s; Memory used current: 189MB peak: 202MB)


Mapper Initialization Complete (Real Time elapsed 0h:00m:00s; CPU Time elapsed 0h:00m:00s; Memory used current: 189MB peak: 202MB)


Start loading timing files (Real Time elapsed 0h:00m:00s; CPU Time elapsed 0h:00m:00s; Memory used current: 203MB peak: 203MB)


Finished loading timing files (Real Time elapsed 0h:00m:00s; CPU Time elapsed 0h:00m:00s; Memory used current: 204MB peak: 206MB)



Starting Optimization and Mapping (Real Time elapsed 0h:00m:01s; CPU Time elapsed 0h:00m:01s; Memory used current: 257MB peak: 257MB)

@W: BN161 :"c:\users\restic16\documents\fpga\aulapratica_14102025\projeto_contadorregistrador\arquivos\top.sv":13:7:13:9|Net N_17 has multiple drivers .
@W: BN161 :"c:\users\restic16\documents\fpga\aulapratica_14102025\projeto_contadorregistrador\arquivos\top.sv":13:7:13:9|Net N_35 has multiple drivers .

Finished RTL optimizations (Real Time elapsed 0h:00m:01s; CPU Time elapsed 0h:00m:01s; Memory used current: 261MB peak: 261MB)

@W: FX474 |User-specified initial value defined for some sequential elements which can prevent optimum synthesis results from being achieved. 
@N: FX493 |Applying initial value "0" on instance s_dir[0].
@N: FX493 |Applying initial value "0" on instance s_dir[1].
@N: FX493 |Applying initial value "0" on instance s_load[0].
@N: FX493 |Applying initial value "0" on instance s_load[1].
@N: FX493 |Applying initial value "0" on instance s_modo[0].
@N: FX493 |Applying initial value "0" on instance s_modo[1].
@N: FX493 |Applying initial value "0" on instance s_pause[0].
@N: FX493 |Applying initial value "0" on instance s_pause[1].
@N: FX493 |Applying initial value "0" on instance s_reset[0].
@N: FX493 |Applying initial value "0" on instance s_reset[1].
@N: FX493 |Applying initial value "0" on instance load_s_d.
@N: FX493 |Applying initial value "0" on instance reset_s_d.
@N: FX493 |Applying initial value "1" on instance reg9[0].
@N: FX493 |Applying initial value "0" on instance reg9[1].
@N: FX493 |Applying initial value "0" on instance reg9[2].
@N: FX493 |Applying initial value "0" on instance reg9[3].
@N: FX493 |Applying initial value "0" on instance reg9[4].
@N: FX493 |Applying initial value "0" on instance reg9[5].
@N: FX493 |Applying initial value "0" on instance reg9[6].
@N: FX493 |Applying initial value "0" on instance reg9[7].
@N: FX493 |Applying initial value "0" on instance reg9[8].
@W: BN161 :"c:\users\restic16\documents\fpga\aulapratica_14102025\projeto_contadorregistrador\arquivos\top.sv":13:7:13:9|Net ledlto24 has multiple drivers .
@W: BN161 :"c:\users\restic16\documents\fpga\aulapratica_14102025\projeto_contadorregistrador\arquivos\top.sv":13:7:13:9|Net ledlto23 has multiple drivers .
@W: BN161 :"c:\users\restic16\documents\fpga\aulapratica_14102025\projeto_contadorregistrador\arquivos\top.sv":13:7:13:9|Net ledlto22 has multiple drivers .
@W: BN161 :"c:\users\restic16\documents\fpga\aulapratica_14102025\projeto_contadorregistrador\arquivos\top.sv":13:7:13:9|Net ledlto16 has multiple drivers .
@W: BN161 :"c:\users\restic16\documents\fpga\aulapratica_14102025\projeto_contadorregistrador\arquivos\top.sv":13:7:13:9|Net ledlto15 has multiple drivers .
@W: BN161 :"c:\users\restic16\documents\fpga\aulapratica_14102025\projeto_contadorregistrador\arquivos\top.sv":13:7:13:9|Net ledlto14 has multiple drivers .
@W: BN161 :"c:\users\restic16\documents\fpga\aulapratica_14102025\projeto_contadorregistrador\arquivos\top.sv":13:7:13:9|Net ledlto5 has multiple drivers .

Starting factoring (Real Time elapsed 0h:00m:01s; CPU Time elapsed 0h:00m:01s; Memory used current: 262MB peak: 262MB)


Finished factoring (Real Time elapsed 0h:00m:01s; CPU Time elapsed 0h:00m:01s; Memory used current: 263MB peak: 263MB)


Available hyper_sources - for debug and ip models
	None Found

NConnInternalConnection caching is on

Finished generic timing optimizations - Pass 1 (Real Time elapsed 0h:00m:01s; CPU Time elapsed 0h:00m:01s; Memory used current: 263MB peak: 263MB)

@W: BN161 :"c:\users\restic16\documents\fpga\aulapratica_14102025\projeto_contadorregistrador\arquivos\top.sv":13:7:13:9|Net un35_blink_cnt_axb_0 has multiple drivers .
@W: BN161 :"c:\users\restic16\documents\fpga\aulapratica_14102025\projeto_contadorregistrador\arquivos\top.sv":13:7:13:9|Net un35_blink_cnt_axb_1 has multiple drivers .
@W: BN161 :"c:\users\restic16\documents\fpga\aulapratica_14102025\projeto_contadorregistrador\arquivos\top.sv":13:7:13:9|Net un35_blink_cnt_axb_2 has multiple drivers .
@W: BN161 :"c:\users\restic16\documents\fpga\aulapratica_14102025\projeto_contadorregistrador\arquivos\top.sv":13:7:13:9|Net un35_blink_cnt_axb_3 has multiple drivers .
@W: BN161 :"c:\users\restic16\documents\fpga\aulapratica_14102025\projeto_contadorregistrador\arquivos\top.sv":13:7:13:9|Net un35_blink_cnt_axb_4 has multiple drivers .
@W: BN161 :"c:\users\restic16\documents\fpga\aulapratica_14102025\projeto_contadorregistrador\arquivos\top.sv":13:7:13:9|Net un35_blink_cnt_axb_5 has multiple drivers .
@W: BN161 :"c:\users\restic16\documents\fpga\aulapratica_14102025\projeto_contadorregistrador\arquivos\top.sv":13:7:13:9|Net un35_blink_cnt_axb_6 has multiple drivers .
@W: BN161 :"c:\users\restic16\documents\fpga\aulapratica_14102025\projeto_contadorregistrador\arquivos\top.sv":13:7:13:9|Net un35_blink_cnt_axb_7 has multiple drivers .
@W: BN161 :"c:\users\restic16\documents\fpga\aulapratica_14102025\projeto_contadorregistrador\arquivos\top.sv":13:7:13:9|Net un35_blink_cnt_axb_8 has multiple drivers .
@W: BN161 :"c:\users\restic16\documents\fpga\aulapratica_14102025\projeto_contadorregistrador\arquivos\top.sv":13:7:13:9|Net un35_blink_cnt_axb_9 has multiple drivers .
@W: BN161 :"c:\users\restic16\documents\fpga\aulapratica_14102025\projeto_contadorregistrador\arquivos\top.sv":13:7:13:9|Net un35_blink_cnt_axb_10 has multiple drivers .
@W: BN161 :"c:\users\restic16\documents\fpga\aulapratica_14102025\projeto_contadorregistrador\arquivos\top.sv":13:7:13:9|Net un35_blink_cnt_axb_11 has multiple drivers .
@W: BN161 :"c:\users\restic16\documents\fpga\aulapratica_14102025\projeto_contadorregistrador\arquivos\top.sv":13:7:13:9|Net un35_blink_cnt_axb_12 has multiple drivers .
@W: BN161 :"c:\users\restic16\documents\fpga\aulapratica_14102025\projeto_contadorregistrador\arquivos\top.sv":13:7:13:9|Net un35_blink_cnt_axb_13 has multiple drivers .
@W: BN161 :"c:\users\restic16\documents\fpga\aulapratica_14102025\projeto_contadorregistrador\arquivos\top.sv":13:7:13:9|Net un35_blink_cnt_axb_14 has multiple drivers .
@W: BN161 :"c:\users\restic16\documents\fpga\aulapratica_14102025\projeto_contadorregistrador\arquivos\top.sv":13:7:13:9|Net un35_blink_cnt_axb_15 has multiple drivers .
@W: BN161 :"c:\users\restic16\documents\fpga\aulapratica_14102025\projeto_contadorregistrador\arquivos\top.sv":13:7:13:9|Net un35_blink_cnt_axb_16 has multiple drivers .
@W: BN161 :"c:\users\restic16\documents\fpga\aulapratica_14102025\projeto_contadorregistrador\arquivos\top.sv":13:7:13:9|Net un35_blink_cnt_axb_17 has multiple drivers .
@W: BN161 :"c:\users\restic16\documents\fpga\aulapratica_14102025\projeto_contadorregistrador\arquivos\top.sv":13:7:13:9|Net un35_blink_cnt_axb_18 has multiple drivers .
@W: BN161 :"c:\users\restic16\documents\fpga\aulapratica_14102025\projeto_contadorregistrador\arquivos\top.sv":13:7:13:9|Net un35_blink_cnt_axb_19 has multiple drivers .
@W: BN161 :"c:\users\restic16\documents\fpga\aulapratica_14102025\projeto_contadorregistrador\arquivos\top.sv":13:7:13:9|Net un35_blink_cnt_axb_20 has multiple drivers .
@W: BN161 :"c:\users\restic16\documents\fpga\aulapratica_14102025\projeto_contadorregistrador\arquivos\top.sv":13:7:13:9|Net un35_blink_cnt_axb_21 has multiple drivers .
@W: BN161 :"c:\users\restic16\documents\fpga\aulapratica_14102025\projeto_contadorregistrador\arquivos\top.sv":13:7:13:9|Net un35_blink_cnt_axb_22 has multiple drivers .
@W: BN161 :"c:\users\restic16\documents\fpga\aulapratica_14102025\projeto_contadorregistrador\arquivos\top.sv":13:7:13:9|Net un35_blink_cnt_axb_23 has multiple drivers .
@W: BN161 :"c:\users\restic16\documents\fpga\aulapratica_14102025\projeto_contadorregistrador\arquivos\top.sv":13:7:13:9|Net un35_blink_cnt_axb_24 has multiple drivers .

Starting Early Timing Optimization (Real Time elapsed 0h:00m:02s; CPU Time elapsed 0h:00m:02s; Memory used current: 265MB peak: 265MB)


Finished Early Timing Optimization (Real Time elapsed 0h:00m:02s; CPU Time elapsed 0h:00m:02s; Memory used current: 265MB peak: 265MB)


Finished generic timing optimizations - Pass 2 (Real Time elapsed 0h:00m:02s; CPU Time elapsed 0h:00m:02s; Memory used current: 265MB peak: 266MB)

@W: BN161 :"c:\users\restic16\documents\fpga\aulapratica_14102025\projeto_contadorregistrador\arquivos\top.sv":13:7:13:9|Net N_1188 has multiple drivers .
@W: BN161 :"c:\users\restic16\documents\fpga\aulapratica_14102025\projeto_contadorregistrador\arquivos\top.sv":13:7:13:9|Net N_1191 has multiple drivers .
@W: BN161 :"c:\users\restic16\documents\fpga\aulapratica_14102025\projeto_contadorregistrador\arquivos\top.sv":13:7:13:9|Net N_1194 has multiple drivers .
@W: BN161 :"c:\users\restic16\documents\fpga\aulapratica_14102025\projeto_contadorregistrador\arquivos\top.sv":13:7:13:9|Net N_1197 has multiple drivers .
@W: BN161 :"c:\users\restic16\documents\fpga\aulapratica_14102025\projeto_contadorregistrador\arquivos\top.sv":13:7:13:9|Net N_1200 has multiple drivers .
@W: BN161 :"c:\users\restic16\documents\fpga\aulapratica_14102025\projeto_contadorregistrador\arquivos\top.sv":13:7:13:9|Net N_1203 has multiple drivers .
@W: BN161 :"c:\users\restic16\documents\fpga\aulapratica_14102025\projeto_contadorregistrador\arquivos\top.sv":13:7:13:9|Net N_1206 has multiple drivers .
@W: BN161 :"c:\users\restic16\documents\fpga\aulapratica_14102025\projeto_contadorregistrador\arquivos\top.sv":13:7:13:9|Net N_1209 has multiple drivers .
@W: BN161 :"c:\users\restic16\documents\fpga\aulapratica_14102025\projeto_contadorregistrador\arquivos\top.sv":13:7:13:9|Net N_1212 has multiple drivers .
@W: BN161 :"c:\users\restic16\documents\fpga\aulapratica_14102025\projeto_contadorregistrador\arquivos\top.sv":13:7:13:9|Net N_1216 has multiple drivers .
@W: BN161 :"c:\users\restic16\documents\fpga\aulapratica_14102025\projeto_contadorregistrador\arquivos\top.sv":13:7:13:9|Net N_1219 has multiple drivers .

Finished preparing to map (Real Time elapsed 0h:00m:02s; CPU Time elapsed 0h:00m:02s; Memory used current: 265MB peak: 266MB)


Finished technology mapping (Real Time elapsed 0h:00m:02s; CPU Time elapsed 0h:00m:02s; Memory used current: 266MB peak: 266MB)

Pass		 CPU time		Worst Slack		Luts / Registers
------------------------------------------------------------
   1		0h:00m:03s		     0.76ns		  60 /        55

Finished technology timing optimizations and critical path resynthesis (Real Time elapsed 0h:00m:03s; CPU Time elapsed 0h:00m:03s; Memory used current: 266MB peak: 267MB)

@N: FX164 |The option to pack registers in the IOB has not been specified. Please set syn_useioff attribute.  

Finished restoring hierarchy (Real Time elapsed 0h:00m:03s; CPU Time elapsed 0h:00m:03s; Memory used current: 266MB peak: 267MB)


Starting CDBProcessSetClockGroups... (Real Time elapsed 0h:00m:03s; CPU Time elapsed 0h:00m:03s; Memory used current: 266MB peak: 267MB)


Finished with CDBProcessSetClockGroups (Real Time elapsed 0h:00m:03s; CPU Time elapsed 0h:00m:03s; Memory used current: 266MB peak: 267MB)


Start Writing Netlists (Real Time elapsed 0h:00m:03s; CPU Time elapsed 0h:00m:03s; Memory used current: 212MB peak: 267MB)

Writing Analyst data base C:\Users\ResTIC16\Documents\fpga\AulaPratica_14102025\Projeto_ContadorRegistrador\Projeto\impl1\synwork\Projeto_impl1_m.srm

Finished Writing Netlist Databases (Real Time elapsed 0h:00m:04s; CPU Time elapsed 0h:00m:04s; Memory used current: 267MB peak: 267MB)

Writing EDIF Netlist and constraint files
@N: FX1056 |Writing EDF file: C:\Users\ResTIC16\Documents\fpga\AulaPratica_14102025\Projeto_ContadorRegistrador\Projeto\impl1\Projeto_impl1.edi
@N: BW106 |Synplicity Constraint File capacitance units using default value of 1pF 

Finished Writing EDIF Netlist and constraint files (Real Time elapsed 0h:00m:04s; CPU Time elapsed 0h:00m:04s; Memory used current: 274MB peak: 274MB)


Finished Writing Netlists (Real Time elapsed 0h:00m:04s; CPU Time elapsed 0h:00m:04s; Memory used current: 274MB peak: 275MB)


Start final timing analysis (Real Time elapsed 0h:00m:05s; CPU Time elapsed 0h:00m:05s; Memory used current: 273MB peak: 275MB)

@W: MT420 |Found inferred clock top|clk with period 5.00ns. Please declare a user-defined clock on port clk.


##### START OF TIMING REPORT #####[
# Timing report written on Tue Oct 14 10:48:50 2025
#


Top view:               top
Requested Frequency:    200.0 MHz
Wire load mode:         top
Paths requested:        5
Constraint File(s):    
@N: MT320 |This timing report is an estimate of place and route data. For final timing results, use the FPGA vendor place and route report.

@N: MT322 |Clock constraints include only register-to-register paths associated with each individual clock.



Performance Summary
*******************


Worst slack in design: -0.119

                   Requested     Estimated     Requested     Estimated                Clock        Clock     
Starting Clock     Frequency     Frequency     Period        Period        Slack      Type         Group     
-------------------------------------------------------------------------------------------------------------
top|clk            200.0 MHz     195.3 MHz     5.000         5.120         -0.119     inferred     (multiple)
=============================================================================================================





Clock Relationships
*******************

Clocks             |    rise  to  rise    |    fall  to  fall   |    rise  to  fall   |    fall  to  rise 
----------------------------------------------------------------------------------------------------------
Starting  Ending   |  constraint  slack   |  constraint  slack  |  constraint  slack  |  constraint  slack
----------------------------------------------------------------------------------------------------------
top|clk   top|clk  |  5.000       -0.120  |  No paths    -      |  No paths    -      |  No paths    -    
==========================================================================================================
 Note: 'No paths' indicates there are no paths in the design for that pair of clock edges.
       'Diff grp' indicates that paths exist but the starting clock and ending clock are in different clock groups.



Interface Information 
*********************

No IO constraint found



====================================
Detailed Report for Clock: top|clk
====================================



Starting Points with Worst Slack
********************************

                  Starting                                            Arrival           
Instance          Reference     Type        Pin     Net               Time        Slack 
                  Clock                                                                 
----------------------------------------------------------------------------------------
s_reset[1]        top|clk       FD1S3AX     Q       s_reset[1]        0.907       -0.119
reset_s_d         top|clk       FD1S3AX     Q       reset_s_d         0.853       -0.066
blink_cnt[23]     top|clk       FD1S3AX     Q       blink_cnt[23]     0.985       0.136 
blink_cnt[6]      top|clk       FD1S3IX     Q       blink_cnt[6]      0.907       0.160 
blink_cnt[7]      top|clk       FD1S3AX     Q       blink_cnt[7]      0.907       0.160 
blink_cnt[8]      top|clk       FD1S3AX     Q       blink_cnt[8]      0.907       0.160 
blink_cnt[9]      top|clk       FD1S3AX     Q       blink_cnt[9]      0.907       0.160 
blink_cnt[18]     top|clk       FD1S3IX     Q       blink_cnt[18]     0.907       0.160 
blink_cnt[19]     top|clk       FD1S3IX     Q       blink_cnt[19]     0.907       0.160 
blink_cnt[20]     top|clk       FD1S3IX     Q       blink_cnt[20]     0.907       0.160 
========================================================================================


Ending Points with Worst Slack
******************************

             Starting                                         Required           
Instance     Reference     Type        Pin     Net            Time         Slack 
             Clock                                                               
---------------------------------------------------------------------------------
cnt10[7]     top|clk       FD1S3IX     D       cnt10_6[7]     4.946        -0.119
cnt10[8]     top|clk       FD1S3IX     D       cnt10_6[8]     4.946        -0.119
cnt10[5]     top|clk       FD1S3IX     D       cnt10_6[5]     4.946        -0.059
cnt10[6]     top|clk       FD1S3IX     D       cnt10_6[6]     4.946        -0.059
cnt10[3]     top|clk       FD1S3IX     D       cnt10_6[3]     4.946        0.003 
cnt10[4]     top|clk       FD1S3IX     D       cnt10_6[4]     4.946        0.003 
cnt10[1]     top|clk       FD1S3IX     D       cnt10_6[1]     4.946        0.189 
cnt10[2]     top|clk       FD1S3IX     D       cnt10_6[2]     4.946        0.189 
reg9[0]      top|clk       FD1S3AY     D       reg9_s[0]      4.946        0.613 
reg9[1]      top|clk       FD1S3AX     D       reg9_r[1]      4.946        0.613 
=================================================================================



Worst Path Information
***********************


Path information for path number 1: 
      Requested Period:                      5.000
    - Setup time:                            0.054
    + Clock delay at ending point:           0.000 (ideal)
    = Required time:                         4.946

    - Propagation time:                      5.066
    - Clock delay at starting point:         0.000 (ideal)
    = Slack (critical) :                     -0.120

    Number of logic level(s):                7
    Starting point:                          s_reset[1] / Q
    Ending point:                            cnt10[8] / D
    The start point is clocked by            top|clk [rising] (rise=0.000 fall=2.500 period=5.000) on pin CK
    The end   point is clocked by            top|clk [rising] (rise=0.000 fall=2.500 period=5.000) on pin CK

Instance / Net                   Pin      Pin               Arrival     No. of    
Name                Type         Name     Dir     Delay     Time        Fan Out(s)
----------------------------------------------------------------------------------
s_reset[1]          FD1S3AX      Q        Out     0.907     0.907 r     -         
s_reset[1]          Net          -        -       -         -           2         
reset_rise          ORCALUT4     B        In      0.000     0.907 r     -         
reset_rise          ORCALUT4     Z        Out     0.837     1.744 r     -         
reset_rise          Net          -        -       -         -           20        
cnt1017_s           ORCALUT4     B        In      0.000     1.744 r     -         
cnt1017_s           ORCALUT4     Z        Out     0.810     2.554 f     -         
cnt1017_out         Net          -        -       -         -           12        
un1_cnt1017[1]      ORCALUT4     A        In      0.000     2.554 f     -         
un1_cnt1017[1]      ORCALUT4     Z        Out     0.792     3.346 f     -         
un1_cnt1017[1]      Net          -        -       -         -           8         
cnt10_6_cry_1_0     CCU2C        A0       In      0.000     3.346 f     -         
cnt10_6_cry_1_0     CCU2C        COUT     Out     0.900     4.246 r     -         
cnt10_6_cry_2       Net          -        -       -         -           1         
cnt10_6_cry_3_0     CCU2C        CIN      In      0.000     4.246 r     -         
cnt10_6_cry_3_0     CCU2C        COUT     Out     0.061     4.307 r     -         
cnt10_6_cry_4       Net          -        -       -         -           1         
cnt10_6_cry_5_0     CCU2C        CIN      In      0.000     4.307 r     -         
cnt10_6_cry_5_0     CCU2C        COUT     Out     0.061     4.368 r     -         
cnt10_6_cry_6       Net          -        -       -         -           1         
cnt10_6_cry_7_0     CCU2C        CIN      In      0.000     4.368 r     -         
cnt10_6_cry_7_0     CCU2C        S1       Out     0.698     5.066 r     -         
cnt10_6[8]          Net          -        -       -         -           1         
cnt10[8]            FD1S3IX      D        In      0.000     5.066 r     -         
==================================================================================


Path information for path number 2: 
      Requested Period:                      5.000
    - Setup time:                            0.054
    + Clock delay at ending point:           0.000 (ideal)
    = Required time:                         4.946

    - Propagation time:                      5.066
    - Clock delay at starting point:         0.000 (ideal)
    = Slack (critical) :                     -0.120

    Number of logic level(s):                7
    Starting point:                          s_reset[1] / Q
    Ending point:                            cnt10[8] / D
    The start point is clocked by            top|clk [rising] (rise=0.000 fall=2.500 period=5.000) on pin CK
    The end   point is clocked by            top|clk [rising] (rise=0.000 fall=2.500 period=5.000) on pin CK

Instance / Net                   Pin      Pin               Arrival     No. of    
Name                Type         Name     Dir     Delay     Time        Fan Out(s)
----------------------------------------------------------------------------------
s_reset[1]          FD1S3AX      Q        Out     0.907     0.907 r     -         
s_reset[1]          Net          -        -       -         -           2         
reset_rise          ORCALUT4     B        In      0.000     0.907 r     -         
reset_rise          ORCALUT4     Z        Out     0.837     1.744 r     -         
reset_rise          Net          -        -       -         -           20        
cnt1017_s           ORCALUT4     B        In      0.000     1.744 r     -         
cnt1017_s           ORCALUT4     Z        Out     0.810     2.554 f     -         
cnt1017_out         Net          -        -       -         -           12        
un1_cnt1017[1]      ORCALUT4     A        In      0.000     2.554 f     -         
un1_cnt1017[1]      ORCALUT4     Z        Out     0.792     3.346 f     -         
un1_cnt1017[1]      Net          -        -       -         -           8         
cnt10_6_cry_1_0     CCU2C        A1       In      0.000     3.346 f     -         
cnt10_6_cry_1_0     CCU2C        COUT     Out     0.900     4.246 r     -         
cnt10_6_cry_2       Net          -        -       -         -           1         
cnt10_6_cry_3_0     CCU2C        CIN      In      0.000     4.246 r     -         
cnt10_6_cry_3_0     CCU2C        COUT     Out     0.061     4.307 r     -         
cnt10_6_cry_4       Net          -        -       -         -           1         
cnt10_6_cry_5_0     CCU2C        CIN      In      0.000     4.307 r     -         
cnt10_6_cry_5_0     CCU2C        COUT     Out     0.061     4.368 r     -         
cnt10_6_cry_6       Net          -        -       -         -           1         
cnt10_6_cry_7_0     CCU2C        CIN      In      0.000     4.368 r     -         
cnt10_6_cry_7_0     CCU2C        S1       Out     0.698     5.066 r     -         
cnt10_6[8]          Net          -        -       -         -           1         
cnt10[8]            FD1S3IX      D        In      0.000     5.066 r     -         
==================================================================================


Path information for path number 3: 
      Requested Period:                      5.000
    - Setup time:                            0.054
    + Clock delay at ending point:           0.000 (ideal)
    = Required time:                         4.946

    - Propagation time:                      5.066
    - Clock delay at starting point:         0.000 (ideal)
    = Slack (critical) :                     -0.120

    Number of logic level(s):                7
    Starting point:                          s_reset[1] / Q
    Ending point:                            cnt10[7] / D
    The start point is clocked by            top|clk [rising] (rise=0.000 fall=2.500 period=5.000) on pin CK
    The end   point is clocked by            top|clk [rising] (rise=0.000 fall=2.500 period=5.000) on pin CK

Instance / Net                   Pin      Pin               Arrival     No. of    
Name                Type         Name     Dir     Delay     Time        Fan Out(s)
----------------------------------------------------------------------------------
s_reset[1]          FD1S3AX      Q        Out     0.907     0.907 r     -         
s_reset[1]          Net          -        -       -         -           2         
reset_rise          ORCALUT4     B        In      0.000     0.907 r     -         
reset_rise          ORCALUT4     Z        Out     0.837     1.744 r     -         
reset_rise          Net          -        -       -         -           20        
cnt1017_s           ORCALUT4     B        In      0.000     1.744 r     -         
cnt1017_s           ORCALUT4     Z        Out     0.810     2.554 f     -         
cnt1017_out         Net          -        -       -         -           12        
un1_cnt1017[1]      ORCALUT4     A        In      0.000     2.554 f     -         
un1_cnt1017[1]      ORCALUT4     Z        Out     0.792     3.346 f     -         
un1_cnt1017[1]      Net          -        -       -         -           8         
cnt10_6_cry_1_0     CCU2C        A0       In      0.000     3.346 f     -         
cnt10_6_cry_1_0     CCU2C        COUT     Out     0.900     4.246 r     -         
cnt10_6_cry_2       Net          -        -       -         -           1         
cnt10_6_cry_3_0     CCU2C        CIN      In      0.000     4.246 r     -         
cnt10_6_cry_3_0     CCU2C        COUT     Out     0.061     4.307 r     -         
cnt10_6_cry_4       Net          -        -       -         -           1         
cnt10_6_cry_5_0     CCU2C        CIN      In      0.000     4.307 r     -         
cnt10_6_cry_5_0     CCU2C        COUT     Out     0.061     4.368 r     -         
cnt10_6_cry_6       Net          -        -       -         -           1         
cnt10_6_cry_7_0     CCU2C        CIN      In      0.000     4.368 r     -         
cnt10_6_cry_7_0     CCU2C        S0       Out     0.698     5.066 r     -         
cnt10_6[7]          Net          -        -       -         -           1         
cnt10[7]            FD1S3IX      D        In      0.000     5.066 r     -         
==================================================================================


Path information for path number 4: 
      Requested Period:                      5.000
    - Setup time:                            0.054
    + Clock delay at ending point:           0.000 (ideal)
    = Required time:                         4.946

    - Propagation time:                      5.066
    - Clock delay at starting point:         0.000 (ideal)
    = Slack (critical) :                     -0.120

    Number of logic level(s):                7
    Starting point:                          s_reset[1] / Q
    Ending point:                            cnt10[7] / D
    The start point is clocked by            top|clk [rising] (rise=0.000 fall=2.500 period=5.000) on pin CK
    The end   point is clocked by            top|clk [rising] (rise=0.000 fall=2.500 period=5.000) on pin CK

Instance / Net                   Pin      Pin               Arrival     No. of    
Name                Type         Name     Dir     Delay     Time        Fan Out(s)
----------------------------------------------------------------------------------
s_reset[1]          FD1S3AX      Q        Out     0.907     0.907 r     -         
s_reset[1]          Net          -        -       -         -           2         
reset_rise          ORCALUT4     B        In      0.000     0.907 r     -         
reset_rise          ORCALUT4     Z        Out     0.837     1.744 r     -         
reset_rise          Net          -        -       -         -           20        
cnt1017_s           ORCALUT4     B        In      0.000     1.744 r     -         
cnt1017_s           ORCALUT4     Z        Out     0.810     2.554 f     -         
cnt1017_out         Net          -        -       -         -           12        
un1_cnt1017[1]      ORCALUT4     A        In      0.000     2.554 f     -         
un1_cnt1017[1]      ORCALUT4     Z        Out     0.792     3.346 f     -         
un1_cnt1017[1]      Net          -        -       -         -           8         
cnt10_6_cry_1_0     CCU2C        A1       In      0.000     3.346 f     -         
cnt10_6_cry_1_0     CCU2C        COUT     Out     0.900     4.246 r     -         
cnt10_6_cry_2       Net          -        -       -         -           1         
cnt10_6_cry_3_0     CCU2C        CIN      In      0.000     4.246 r     -         
cnt10_6_cry_3_0     CCU2C        COUT     Out     0.061     4.307 r     -         
cnt10_6_cry_4       Net          -        -       -         -           1         
cnt10_6_cry_5_0     CCU2C        CIN      In      0.000     4.307 r     -         
cnt10_6_cry_5_0     CCU2C        COUT     Out     0.061     4.368 r     -         
cnt10_6_cry_6       Net          -        -       -         -           1         
cnt10_6_cry_7_0     CCU2C        CIN      In      0.000     4.368 r     -         
cnt10_6_cry_7_0     CCU2C        S0       Out     0.698     5.066 r     -         
cnt10_6[7]          Net          -        -       -         -           1         
cnt10[7]            FD1S3IX      D        In      0.000     5.066 r     -         
==================================================================================


Path information for path number 5: 
      Requested Period:                      5.000
    - Setup time:                            0.054
    + Clock delay at ending point:           0.000 (ideal)
    = Required time:                         4.946

    - Propagation time:                      5.011
    - Clock delay at starting point:         0.000 (ideal)
    = Slack (non-critical) :                 -0.066

    Number of logic level(s):                7
    Starting point:                          reset_s_d / Q
    Ending point:                            cnt10[8] / D
    The start point is clocked by            top|clk [rising] (rise=0.000 fall=2.500 period=5.000) on pin CK
    The end   point is clocked by            top|clk [rising] (rise=0.000 fall=2.500 period=5.000) on pin CK

Instance / Net                   Pin      Pin               Arrival     No. of    
Name                Type         Name     Dir     Delay     Time        Fan Out(s)
----------------------------------------------------------------------------------
reset_s_d           FD1S3AX      Q        Out     0.853     0.853 r     -         
reset_s_d           Net          -        -       -         -           1         
reset_rise          ORCALUT4     A        In      0.000     0.853 r     -         
reset_rise          ORCALUT4     Z        Out     0.837     1.690 f     -         
reset_rise          Net          -        -       -         -           20        
cnt1017_s           ORCALUT4     B        In      0.000     1.690 f     -         
cnt1017_s           ORCALUT4     Z        Out     0.810     2.500 r     -         
cnt1017_out         Net          -        -       -         -           12        
un1_cnt1017[1]      ORCALUT4     A        In      0.000     2.500 r     -         
un1_cnt1017[1]      ORCALUT4     Z        Out     0.792     3.292 r     -         
un1_cnt1017[1]      Net          -        -       -         -           8         
cnt10_6_cry_1_0     CCU2C        A0       In      0.000     3.292 r     -         
cnt10_6_cry_1_0     CCU2C        COUT     Out     0.900     4.192 r     -         
cnt10_6_cry_2       Net          -        -       -         -           1         
cnt10_6_cry_3_0     CCU2C        CIN      In      0.000     4.192 r     -         
cnt10_6_cry_3_0     CCU2C        COUT     Out     0.061     4.253 r     -         
cnt10_6_cry_4       Net          -        -       -         -           1         
cnt10_6_cry_5_0     CCU2C        CIN      In      0.000     4.253 r     -         
cnt10_6_cry_5_0     CCU2C        COUT     Out     0.061     4.314 r     -         
cnt10_6_cry_6       Net          -        -       -         -           1         
cnt10_6_cry_7_0     CCU2C        CIN      In      0.000     4.314 r     -         
cnt10_6_cry_7_0     CCU2C        S1       Out     0.698     5.011 r     -         
cnt10_6[8]          Net          -        -       -         -           1         
cnt10[8]            FD1S3IX      D        In      0.000     5.011 r     -         
==================================================================================



##### END OF TIMING REPORT #####]

Timing exceptions that could not be applied

Finished final timing analysis (Real Time elapsed 0h:00m:05s; CPU Time elapsed 0h:00m:05s; Memory used current: 274MB peak: 275MB)


Finished timing report (Real Time elapsed 0h:00m:05s; CPU Time elapsed 0h:00m:05s; Memory used current: 274MB peak: 275MB)

---------------------------------------
Resource Usage Report
Part: lfe5u_45f-6

Register bits: 55 of 43848 (0%)
PIC Latch:       0
I/O cells:       25


Details:
CCU2C:          18
FD1S3AX:        28
FD1S3AY:        1
FD1S3IX:        21
GSR:            1
IB:             15
IFS1P3DX:       5
INV:            1
OB:             10
ORCALUT4:       59
PUR:            1
VHI:            1
VLO:            1
Mapper successful!

At Mapper Exit (Real Time elapsed 0h:00m:05s; CPU Time elapsed 0h:00m:05s; Memory used current: 136MB peak: 275MB)

Process took 0h:00m:06s realtime, 0h:00m:06s cputime
# Tue Oct 14 10:48:51 2025

###########################################################]


Synthesis exit by 0.

edif2ngd  -l "ECP5U" -d LFE5U-45F -path "C:/Users/ResTIC16/Documents/fpga/AulaPratica_14102025/Projeto_ContadorRegistrador/Projeto/impl1" -path "C:/Users/ResTIC16/Documents/fpga/AulaPratica_14102025/Projeto_ContadorRegistrador/Projeto"   "C:/Users/ResTIC16/Documents/fpga/AulaPratica_14102025/Projeto_ContadorRegistrador/Projeto/impl1/Projeto_impl1.edi" "Projeto_impl1.ngo"   
edif2ngd:  version Diamond (64-bit) 3.14.0.75.2

Copyright (c) 1991-1994 by NeoCAD Inc. All rights reserved.
Copyright (c) 1995 AT&T Corp.   All rights reserved.
Copyright (c) 1995-2001 Lucent Technologies Inc.  All rights reserved.
Copyright (c) 2001 Agere Systems   All rights reserved.
Copyright (c) 2002-2024 Lattice Semiconductor Corporation,  All rights reserved.
    <postMsg mid="1121028" type="Warning" dynamic="1" navigation="0" arg0="OFF_MS"  />
    <postMsg mid="1121028" type="Warning" dynamic="1" navigation="0" arg0="ON_MS"  />
    <postMsg mid="1121028" type="Warning" dynamic="1" navigation="0" arg0="F_CLK_HZ"  />
Writing the design to Projeto_impl1.ngo...

Total CPU Time: 0 secs  
Total REAL Time: 0 secs  
Peak Memory Usage: 16 MB


ngdbuild  -a "ECP5U" -d LFE5U-45F  -p "C:/lscc/diamond/3.14/ispfpga/sa5p00/data"  -p "C:/Users/ResTIC16/Documents/fpga/AulaPratica_14102025/Projeto_ContadorRegistrador/Projeto/impl1" -p "C:/Users/ResTIC16/Documents/fpga/AulaPratica_14102025/Projeto_ContadorRegistrador/Projeto"  "Projeto_impl1.ngo" "Projeto_impl1.ngd"  	
ngdbuild:  version Diamond (64-bit) 3.14.0.75.2

Copyright (c) 1991-1994 by NeoCAD Inc. All rights reserved.
Copyright (c) 1995 AT&T Corp.   All rights reserved.
Copyright (c) 1995-2001 Lucent Technologies Inc.  All rights reserved.
Copyright (c) 2001 Agere Systems   All rights reserved.
Copyright (c) 2002-2024 Lattice Semiconductor Corporation,  All rights reserved.
Reading 'Projeto_impl1.ngo' ...
Loading NGL library 'C:/lscc/diamond/3.14/ispfpga/sa5p00/data/sa5plib.ngl'...
Loading NGL library 'C:/lscc/diamond/3.14/ispfpga/xo2c00/data/xo2clib.ngl'...
Loading NGL library 'C:/lscc/diamond/3.14/ispfpga/mg5g00/data/mg5glib.ngl'...
Loading NGL library 'C:/lscc/diamond/3.14/ispfpga/or5g00/data/orc5glib.ngl'...


Running DRC...

DRC complete with no errors or warnings

Design Results:
    161 blocks expanded
Complete the first expansion.
Writing 'Projeto_impl1.ngd' ...
Total CPU Time: 0 secs 
Total REAL Time: 0 secs 
Peak Memory Usage: 24 MB


map -a "ECP5U" -p LFE5U-45F -t CABGA381 -s 6 -oc Commercial   "Projeto_impl1.ngd" -o "Projeto_impl1_map.ncd" -pr "Projeto_impl1.prf" -mp "Projeto_impl1.mrp" -lpf "C:/Users/ResTIC16/Documents/fpga/AulaPratica_14102025/Projeto_ContadorRegistrador/Projeto/impl1/Projeto_impl1_synplify.lpf" -lpf "C:/Users/ResTIC16/Documents/fpga/AulaPratica_14102025/Projeto_ContadorRegistrador/Arquivos/top.lpf"             
map:  version Diamond (64-bit) 3.14.0.75.2

Copyright (c) 1991-1994 by NeoCAD Inc. All rights reserved.
Copyright (c) 1995 AT&T Corp.   All rights reserved.
Copyright (c) 1995-2001 Lucent Technologies Inc.  All rights reserved.
Copyright (c) 2001 Agere Systems   All rights reserved.
Copyright (c) 2002-2024 Lattice Semiconductor Corporation,  All rights reserved.
   Process the file: Projeto_impl1.ngd
   Picdevice="LFE5U-45F"

   Pictype="CABGA381"

   Picspeed=6

   Remove unused logic

   Do not produce over sized NCDs.

Part used: LFE5U-45FCABGA381, Performance used: 6.

Loading device for application map from file 'sa5p45.nph' in environment: C:/lscc/diamond/3.14/ispfpga.
Package Status:                     Final          Version 1.50.

Running general design DRC...

Removing unused logic...

Optimizing...




Design Summary:
   Number of registers:     55 out of 44457 (0%)
      PFU registers:           50 out of 43848 (0%)
      PIO registers:            5 out of   609 (1%)
   Number of SLICEs:        57 out of 21924 (0%)
      SLICEs as Logic/ROM:     57 out of 21924 (0%)
      SLICEs as RAM:            0 out of 16443 (0%)
      SLICEs as Carry:         18 out of 21924 (0%)
   Number of LUT4s:         96 out of 43848 (0%)
      Number used as logic LUTs:         60
      Number used as distributed RAM:     0
      Number used as ripple logic:       36
      Number used as shift registers:     0
   Number of PIO sites used: 25 out of 203 (12%)
   Number of block RAMs:  0 out of 108 (0%)
   Number of GSRs:  0 out of 1 (0%)
   JTAG used :      No
   Readback used :  No
   Oscillator used :  No
   Startup used :   No
   DTR used :   No
   Number of Dynamic Bank Controller (BCINRD):  0 out of 4 (0%)
   Number of Dynamic Bank Controller (BCLVDSOB):  0 out of 4 (0%)
   Number of DCC:  0 out of 60 (0%)
   Number of DCS:  0 out of 2 (0%)
   Number of PLLs:  0 out of 4 (0%)
   Number of DDRDLLs:  0 out of 4 (0%)
   Number of CLKDIV:  0 out of 4 (0%)
   Number of ECLKSYNC:  0 out of 10 (0%)
   Number of ECLKBRIDGECS:  0 out of 2 (0%)
   Notes:-
      1. Total number of LUT4s = (Number of logic LUT4s) + 2*(Number of distributed RAMs) + 2*(Number of ripple logic)
      2. Number of logic LUT4s does not include count of distributed RAM and ripple logic.

   Number Of Mapped DSP Components:
   --------------------------------
   MULT18X18D          0
   MULT9X9D            0
   ALU54B              0
   ALU24B              0
   PRADD18A            0
   PRADD9A             0
   --------------------------------
   Number of Used DSP MULT Sites:  0 out of 144 (0 %)
   Number of Used DSP ALU Sites:  0 out of 72 (0 %)
   Number of Used DSP PRADD Sites:  0 out of 144 (0 %)
   Number of clocks:  1
     Net clk_c: 35 loads, 35 rising, 0 falling (Driver: PIO clk )
   Number of Clock Enables:  0
   Number of LSRs:  2
     Net un32_blink_cnt_0_a4: 6 loads, 6 LSLICEs
     Net reset_rise: 5 loads, 5 LSLICEs
   Number of nets driven by tri-state buffers:  0
   Top 10 highest fanout non-clock nets:
     Net reset_rise: 16 loads
     Net un32_blink_cnt_0_a4: 16 loads
     Net cnt1017_out: 12 loads
     Net load_rise: 10 loads
     Net s_dir[1]: 10 loads
     Net s_modo[1]: 9 loads
     Net un1_reset_rise_2: 9 loads
     Net un1_cnt1017[1]: 8 loads
     Net s_load[1]: 5 loads
     Net blink_cnt[23]: 4 loads
 

   Number of warnings:  0
   Number of errors:    0



Total CPU Time: 0 secs  
Total REAL Time: 2 secs  
Peak Memory Usage: 160 MB

Dumping design to file Projeto_impl1_map.ncd.

mpartrce -p "Projeto_impl1.p2t" -f "Projeto_impl1.p3t" -tf "Projeto_impl1.pt" "Projeto_impl1_map.ncd" "Projeto_impl1.ncd"

---- MParTrce Tool ----
Removing old design directory at request of -rem command line option to this program.
Running par. Please wait . . .

Lattice Place and Route Report for Design "Projeto_impl1_map.ncd"
Tue Oct 14 10:48:58 2025

PAR: Place And Route Diamond (64-bit) 3.14.0.75.2.
Command Line: par -w -l 5 -i 6 -t 1 -c 0 -e 0 -gui -exp parUseNBR=1:parCDP=auto:parCDR=1:parPathBased=OFF:parASE=1:par_low_skew_clock_net=0 Projeto_impl1_map.ncd Projeto_impl1.dir/5_1.ncd Projeto_impl1.prf
Preference file: Projeto_impl1.prf.
Placement level-cost: 5-1.
Routing Iterations: 6

Loading design for application par from file Projeto_impl1_map.ncd.
Design name: top
NCD version: 3.3
Vendor:      LATTICE
Device:      LFE5U-45F
Package:     CABGA381
Performance: 6
Loading device for application par from file 'sa5p45.nph' in environment: C:/lscc/diamond/3.14/ispfpga.
Package Status:                     Final          Version 1.50.
Performance Hardware Data Status:   Final          Version 55.1.
License checked out.


Ignore Preference Error(s):  True
Device utilization summary:

   PIO (prelim)      25/245          10% used
                     25/203          12% bonded
   IOLOGIC            5/245           2% used

   SLICE             57/21924        <1% used



Number of Signals: 178
Number of Connections: 397

Pin Constraint Summary:
   25 out of 25 pins locked (100% locked).

The following 1 signal is selected to use the primary clock routing resources:
    clk_c (driver: clk, clk/ce/sr load #: 35/0/0)


No signal is selected as Global Set/Reset.
Starting Placer Phase 0.

Finished Placer Phase 0.  REAL time: 3 secs 

Starting Placer Phase 1.
....................
Placer score = 85917.
Finished Placer Phase 1.  REAL time: 5 secs 

Starting Placer Phase 2.
.
Placer score =  85049
Finished Placer Phase 2.  REAL time: 5 secs 


------------------ Clock Report ------------------

Global Clock Resources:
  CLK_PIN    : 0 out of 12 (0%)
  GR_PCLK    : 1 out of 12 (8%)
  PLL        : 0 out of 4 (0%)
  DCS        : 0 out of 2 (0%)
  DCC        : 0 out of 60 (0%)
  CLKDIV     : 0 out of 4 (0%)

Quadrant TL Clocks:
  PRIMARY "clk_c" from comp "clk" on PIO site "P3 (PL68C)", CLK/CE/SR load = 2

  PRIMARY  : 1 out of 16 (6%)

Quadrant TR Clocks:
  PRIMARY "clk_c" from comp "clk" on PIO site "P3 (PL68C)", CLK/CE/SR load = 18

  PRIMARY  : 1 out of 16 (6%)

Quadrant BL Clocks:

  PRIMARY  : 0 out of 16 (0%)

Quadrant BR Clocks:
  PRIMARY "clk_c" from comp "clk" on PIO site "P3 (PL68C)", CLK/CE/SR load = 15

  PRIMARY  : 1 out of 16 (6%)

Edge Clocks:

  No edge clock selected.


--------------- End of Clock Report ---------------


+
I/O Usage Summary (final):
   25 out of 245 (10.2%) PIO sites used.
   25 out of 203 (12.3%) bonded PIO sites used.
   Number of PIO comps: 25; differential: 0.
   Number of Vref pins used: 0.

I/O Bank Usage Summary:
+----------+---------------+------------+------------+------------+
| I/O Bank | Usage         | Bank Vccio | Bank Vref1 | Bank Vref2 |
+----------+---------------+------------+------------+------------+
| 0        | 0 / 27 (  0%) | -          | -          | -          |
| 1        | 3 / 33 (  9%) | 3.3V       | -          | -          |
| 2        | 2 / 32 (  6%) | 3.3V       | -          | -          |
| 3        | 8 / 33 ( 24%) | 3.3V       | -          | -          |
| 6        | 7 / 33 ( 21%) | 3.3V       | -          | -          |
| 7        | 5 / 32 ( 15%) | 3.3V       | -          | -          |
| 8        | 0 / 13 (  0%) | -          | -          | -          |
+----------+---------------+------------+------------+------------+

Total placer CPU time: 3 secs 

Dumping design to file Projeto_impl1.dir/5_1.ncd.

0 connections routed; 397 unrouted.
Starting router resource preassignment

Completed router resource preassignment. Real time: 7 secs 

Start NBR router at 10:49:05 10/14/25

*****************************************************************
Info: NBR allows conflicts(one node used by more than one signal)
      in the earlier iterations. In each iteration, it tries to  
      solve the conflicts while keeping the critical connections 
      routed as short as possible. The routing process is said to
      be completed when no conflicts exist and all connections   
      are routed.                                                
Note: NBR uses a different method to calculate timing slacks. The
      worst slack and total negative slack may not be the same as
      that in TRCE report. You should always run TRCE to verify  
      your design.                                               
*****************************************************************

Start NBR special constraint process at 10:49:05 10/14/25

Start NBR section for initial routing at 10:49:06 10/14/25
Level 4, iteration 1
6(0.00%) conflicts; 0(0.00%) untouched conn; 0 (nbr) score; 
Estimated worst slack/total negative slack<setup>: 33.417ns/0.000ns; real time: 8 secs 

Info: Initial congestion level at 75% usage is 0
Info: Initial congestion area  at 75% usage is 0 (0.00%)

Start NBR section for normal routing at 10:49:06 10/14/25
Level 4, iteration 1
3(0.00%) conflicts; 0(0.00%) untouched conn; 0 (nbr) score; 
Estimated worst slack/total negative slack<setup>: 33.395ns/0.000ns; real time: 8 secs 
Level 4, iteration 2
1(0.00%) conflict; 0(0.00%) untouched conn; 0 (nbr) score; 
Estimated worst slack/total negative slack<setup>: 33.395ns/0.000ns; real time: 8 secs 
Level 4, iteration 3
1(0.00%) conflict; 0(0.00%) untouched conn; 0 (nbr) score; 
Estimated worst slack/total negative slack<setup>: 33.395ns/0.000ns; real time: 8 secs 
Level 4, iteration 4
1(0.00%) conflict; 0(0.00%) untouched conn; 0 (nbr) score; 
Estimated worst slack/total negative slack<setup>: 33.395ns/0.000ns; real time: 8 secs 
Level 4, iteration 5
1(0.00%) conflict; 0(0.00%) untouched conn; 0 (nbr) score; 
Estimated worst slack/total negative slack<setup>: 33.395ns/0.000ns; real time: 8 secs 
Level 4, iteration 6
1(0.00%) conflict; 0(0.00%) untouched conn; 0 (nbr) score; 
Estimated worst slack/total negative slack<setup>: 33.395ns/0.000ns; real time: 8 secs 
Level 4, iteration 7
0(0.00%) conflict; 0(0.00%) untouched conn; 0 (nbr) score; 
Estimated worst slack/total negative slack<setup>: 33.395ns/0.000ns; real time: 8 secs 

Start NBR section for setup/hold timing optimization with effort level 3 at 10:49:06 10/14/25

Start NBR section for re-routing at 10:49:06 10/14/25
Level 4, iteration 1
0(0.00%) conflict; 0(0.00%) untouched conn; 0 (nbr) score; 
Estimated worst slack/total negative slack<setup>: 33.395ns/0.000ns; real time: 8 secs 

Start NBR section for post-routing at 10:49:06 10/14/25

End NBR router with 0 unrouted connection

NBR Summary
-----------
  Number of unrouted connections : 0 (0.00%)
  Number of connections with timing violations : 0 (0.00%)
  Estimated worst slack<setup> : 33.395ns
  Timing score<setup> : 0
-----------
Notes: The timing info is calculated for SETUP only and all PAR_ADJs are ignored.



Total CPU time 7 secs 
Total REAL time: 8 secs 
Completely routed.
End of route.  397 routed (100.00%); 0 unrouted.

Hold time timing score: 0, hold timing errors: 0

Timing score: 0 

Dumping design to file Projeto_impl1.dir/5_1.ncd.


PAR_SUMMARY::Run status = Completed
PAR_SUMMARY::Number of unrouted conns = 0
PAR_SUMMARY::Worst  slack<setup/<ns>> = 33.395
PAR_SUMMARY::Timing score<setup/<ns>> = 0.000
PAR_SUMMARY::Worst  slack<hold /<ns>> = 0.178
PAR_SUMMARY::Timing score<hold /<ns>> = 0.000
PAR_SUMMARY::Number of errors = 0

Total CPU  time to completion: 7 secs 
Total REAL time to completion: 9 secs 

par done!

Note: user must run 'Trace' for timing closure signoff.

Copyright (c) 1991-1994 by NeoCAD Inc. All rights reserved.
Copyright (c) 1995 AT&T Corp.   All rights reserved.
Copyright (c) 1995-2001 Lucent Technologies Inc.  All rights reserved.
Copyright (c) 2001 Agere Systems   All rights reserved.
Copyright (c) 2002-2024 Lattice Semiconductor Corporation,  All rights reserved.
Exiting par with exit code 0
Exiting mpartrce with exit code 0

trce -f "Projeto_impl1.pt" -o "Projeto_impl1.twr" "Projeto_impl1.ncd" "Projeto_impl1.prf"
trce:  version Diamond (64-bit) 3.14.0.75.2

Copyright (c) 1991-1994 by NeoCAD Inc. All rights reserved.
Copyright (c) 1995 AT&T Corp.   All rights reserved.
Copyright (c) 1995-2001 Lucent Technologies Inc.  All rights reserved.
Copyright (c) 2001 Agere Systems   All rights reserved.
Copyright (c) 2002-2024 Lattice Semiconductor Corporation,  All rights reserved.

Loading design for application trce from file projeto_impl1.ncd.
Design name: top
NCD version: 3.3
Vendor:      LATTICE
Device:      LFE5U-45F
Package:     CABGA381
Performance: 6
Loading device for application trce from file 'sa5p45.nph' in environment: C:/lscc/diamond/3.14/ispfpga.
Package Status:                     Final          Version 1.50.
Performance Hardware Data Status:   Final          Version 55.1.
Setup and Hold Report

--------------------------------------------------------------------------------
Lattice TRACE Report - Setup, Version Diamond (64-bit) 3.14.0.75.2
Tue Oct 14 10:49:08 2025

Copyright (c) 1991-1994 by NeoCAD Inc. All rights reserved.
Copyright (c) 1995 AT&T Corp.   All rights reserved.
Copyright (c) 1995-2001 Lucent Technologies Inc.  All rights reserved.
Copyright (c) 2001 Agere Systems   All rights reserved.
Copyright (c) 2002-2024 Lattice Semiconductor Corporation,  All rights reserved.

Report Information
------------------
Command line:    trce -v 10 -gt -sethld -sp 6 -sphld m -o Projeto_impl1.twr -gui Projeto_impl1.ncd Projeto_impl1.prf 
Design file:     projeto_impl1.ncd
Preference file: projeto_impl1.prf
Device,speed:    LFE5U-45F,6
Report level:    verbose report, limited to 10 items per preference
--------------------------------------------------------------------------------

BLOCK ASYNCPATHS
--------------------------------------------------------------------------------



Timing summary (Setup):
---------------

Timing errors: 0  Score: 0
Cumulative negative slack: 0

Constraints cover 2609 paths, 1 nets, and 317 connections (79.85% coverage)

--------------------------------------------------------------------------------
Lattice TRACE Report - Hold, Version Diamond (64-bit) 3.14.0.75.2
Tue Oct 14 10:49:08 2025

Copyright (c) 1991-1994 by NeoCAD Inc. All rights reserved.
Copyright (c) 1995 AT&T Corp.   All rights reserved.
Copyright (c) 1995-2001 Lucent Technologies Inc.  All rights reserved.
Copyright (c) 2001 Agere Systems   All rights reserved.
Copyright (c) 2002-2024 Lattice Semiconductor Corporation,  All rights reserved.

Report Information
------------------
Command line:    trce -v 10 -gt -sethld -sp 6 -sphld m -o Projeto_impl1.twr -gui Projeto_impl1.ncd Projeto_impl1.prf 
Design file:     projeto_impl1.ncd
Preference file: projeto_impl1.prf
Device,speed:    LFE5U-45F,m
Report level:    verbose report, limited to 10 items per preference
--------------------------------------------------------------------------------

BLOCK ASYNCPATHS
--------------------------------------------------------------------------------



Timing summary (Hold):
---------------

Timing errors: 0  Score: 0
Cumulative negative slack: 0

Constraints cover 2609 paths, 1 nets, and 317 connections (79.85% coverage)



Timing summary (Setup and Hold):
---------------

Timing errors: 0 (setup), 0 (hold)
Score: 0 (setup), 0 (hold)
Cumulative negative slack: 0 (0+0)
--------------------------------------------------------------------------------

--------------------------------------------------------------------------------

Total CPU Time: 1 secs 
Total REAL Time: 0 secs 
Peak Memory Usage: 220 MB


tmcheck -par "Projeto_impl1.par" 

bitgen -w "Projeto_impl1.ncd" -f "Projeto_impl1.t2b" -e -s "C:/Users/ResTIC16/Documents/fpga/AulaPratica_14102025/Projeto_ContadorRegistrador/Projeto/Projeto.sec" -k "C:/Users/ResTIC16/Documents/fpga/AulaPratica_14102025/Projeto_ContadorRegistrador/Projeto/Projeto.bek" "Projeto_impl1.prf"


BITGEN: Bitstream Generator Diamond (64-bit) 3.14.0.75.2
Copyright (c) 1991-1994 by NeoCAD Inc. All rights reserved.
Copyright (c) 1995 AT&T Corp.   All rights reserved.
Copyright (c) 1995-2001 Lucent Technologies Inc.  All rights reserved.
Copyright (c) 2001 Agere Systems   All rights reserved.
Copyright (c) 2002-2024 Lattice Semiconductor Corporation,  All rights reserved.


Loading design for application Bitgen from file Projeto_impl1.ncd.
Design name: top
NCD version: 3.3
Vendor:      LATTICE
Device:      LFE5U-45F
Package:     CABGA381
Performance: 6
Loading device for application Bitgen from file 'sa5p45.nph' in environment: C:/lscc/diamond/3.14/ispfpga.
Package Status:                     Final          Version 1.50.
Performance Hardware Data Status:   Final          Version 55.1.

Running DRC.
DRC detected 0 errors and 0 warnings.
Reading Preference File from Projeto_impl1.prf.
    <postMsg mid="1009992" type="Info"    dynamic="1" navigation="0" arg0=" SW_XO3D_SECURITY_ENCRYPTION *NOT* controlled by sa5p00.acd ###"  />
    <postMsg mid="1009992" type="Info"    dynamic="1" navigation="0" arg0=" SW_XO3D_SECURITY_ENCRYPTION license_securityIP OK"  />

Preference Summary:
+---------------------------------+---------------------------------+
|  Preference                     |  Current Setting                |
+---------------------------------+---------------------------------+
|                         RamCfg  |                        Reset**  |
+---------------------------------+---------------------------------+
|                        CfgMode  |                      Disable**  |
+---------------------------------+---------------------------------+
|                        DONE_EX  |                          OFF**  |
+---------------------------------+---------------------------------+
|                        DONE_OD  |                           ON**  |
+---------------------------------+---------------------------------+
|                     MCCLK_FREQ  |                          2.4**  |
+---------------------------------+---------------------------------+
|                  CONFIG_SECURE  |                          OFF**  |
+---------------------------------+---------------------------------+
|                    CONFIG_MODE  |                         JTAG**  |
+---------------------------------+---------------------------------+
|                        WAKE_UP  |                           21**  |
+---------------------------------+---------------------------------+
|                          INBUF  |                          OFF**  |
+---------------------------------+---------------------------------+
|                             ES  |                           No**  |
+---------------------------------+---------------------------------+
|                 SLAVE_SPI_PORT  |                      DISABLE**  |
+---------------------------------+---------------------------------+
|                MASTER_SPI_PORT  |                      DISABLE**  |
+---------------------------------+---------------------------------+
|                COMPRESS_CONFIG  |                          OFF**  |
+---------------------------------+---------------------------------+
|            BACKGROUND_RECONFIG  |                          OFF**  |
+---------------------------------+---------------------------------+
|                     DisableUES  |                        FALSE**  |
+---------------------------------+---------------------------------+
|            SLAVE_PARALLEL_PORT  |                      DISABLE**  |
+---------------------------------+---------------------------------+
|                      DONE_PULL  |                           ON**  |
+---------------------------------+---------------------------------+
|               CONFIG_IOVOLTAGE  |                          2.5**  |
+---------------------------------+---------------------------------+
|                        TRANSFR  |                          OFF**  |
+---------------------------------+---------------------------------+
 *  Default setting.
 ** The specified setting matches the default setting.


Creating bit map...
 
Bitstream Status: Final           Version 10.27.
 
Saving bit stream in "Projeto_impl1.bit".
Total CPU Time: 3 secs 
Total REAL Time: 3 secs 
Peak Memory Usage: 366 MB
