
synpwrap -msg -prj "Projeto_impl1_synplify.tcl" -log "Projeto_impl1.srf"
Copyright (C) 1992-2024 Lattice Semiconductor Corporation. All rights reserved.
Lattice Diamond Version 3.14.0.75.2
    <postMsg mid="2011000" type="Info"    dynamic="0" navigation="0"  />

==contents of Projeto_impl1.srf
#Build: Synplify Pro (R) V-2023.09L-2, Build 349R, Sep 17 2024
#install: C:\lscc\diamond\3.14\synpbase
#OS: Windows 10 or later
#Hostname: BRMASOFT41

# Thu Oct  2 10:20:48 2025

#Implementation: impl1


Copyright (C) 1994-2023 Synopsys, Inc.
This Synopsys software and all associated documentation are proprietary to Synopsys, Inc.
and may only be used pursuant to the terms and conditions of a written license agreement
with Synopsys, Inc. All other use, reproduction, modification, or distribution of the
Synopsys software or the associated documentation is strictly prohibited.
Tool: Synplify Pro (R)
Build: V-2023.09L-2
Install: C:\lscc\diamond\3.14\synpbase
OS: Windows 10 or later
Hostname: BRMASOFT41

Implementation : impl1
Synopsys HDL Compiler, Version comp202309synp1, Build 349R, Built Sep 17 2024 08:16:26, @

@N|Running in 64-bit mode
###########################################################[

Copyright (C) 1994-2023 Synopsys, Inc.
This Synopsys software and all associated documentation are proprietary to Synopsys, Inc.
and may only be used pursuant to the terms and conditions of a written license agreement
with Synopsys, Inc. All other use, reproduction, modification, or distribution of the
Synopsys software or the associated documentation is strictly prohibited.
Tool: Synplify Pro (R)
Build: V-2023.09L-2
Install: C:\lscc\diamond\3.14\synpbase
OS: Windows 10 or later
Hostname: BRMASOFT41

Implementation : impl1
Synopsys Verilog Compiler, Version comp202309synp1, Build 349R, Built Sep 17 2024 08:16:26, @

@N|Running in 64-bit mode
@I::"C:\lscc\diamond\3.14\synpbase\lib\lucent\ecp5u.v" (library work)
@I::"C:\lscc\diamond\3.14\synpbase\lib\lucent\pmi_def.v" (library work)
@I::"C:\lscc\diamond\3.14\synpbase\lib\vlog\hypermods.v" (library __hyper__lib__)
@I::"C:\Users\ResTIC16\Documents\fpga\AulaPratica_02102025\BlinkNormalcomControle\Arquivos\blinknormalcomcontrole.sv" (library work)
Verilog syntax check successful!
Selecting top level module top
@N: CG364 :"C:\Users\ResTIC16\Documents\fpga\AulaPratica_02102025\BlinkNormalcomControle\Arquivos\blinknormalcomcontrole.sv":7:7:7:9|Synthesizing module top in library work.
Running optimization stage 1 on top .......
Finished optimization stage 1 on top (CPU Time 0h:00m:00s, Memory Used current: 97MB peak: 98MB)
Running optimization stage 2 on top .......
Finished optimization stage 2 on top (CPU Time 0h:00m:00s, Memory Used current: 97MB peak: 98MB)

For a summary of runtime per design unit, please see file:
==========================================================
@L: C:\Users\ResTIC16\Documents\fpga\AulaPratica_02102025\BlinkNormalcomControle\Projeto\impl1\synwork\layer0.duruntime



At c_ver Exit (Real Time elapsed 0h:00m:01s; CPU Time elapsed 0h:00m:01s; Memory used current: 97MB peak: 98MB)

Process took 0h:00m:01s realtime, 0h:00m:01s cputime

Process completed successfully.
# Thu Oct  2 10:20:50 2025

###########################################################]
###########################################################[

Copyright (C) 1994-2023 Synopsys, Inc.
This Synopsys software and all associated documentation are proprietary to Synopsys, Inc.
and may only be used pursuant to the terms and conditions of a written license agreement
with Synopsys, Inc. All other use, reproduction, modification, or distribution of the
Synopsys software or the associated documentation is strictly prohibited.
Tool: Synplify Pro (R)
Build: V-2023.09L-2
Install: C:\lscc\diamond\3.14\synpbase
OS: Windows 10 or later
Hostname: BRMASOFT41

Implementation : impl1
Synopsys Synopsys Netlist Linker, Version comp202309synp1, Build 349R, Built Sep 17 2024 08:16:26, @

@N|Running in 64-bit mode

At syn_nfilter Exit (Real Time elapsed 0h:00m:00s; CPU Time elapsed 0h:00m:00s; Memory used current: 95MB peak: 96MB)

Process took 0h:00m:01s realtime, 0h:00m:01s cputime

Process completed successfully.
# Thu Oct  2 10:20:51 2025

###########################################################]

For a summary of runtime and memory usage for all design units, please see file:
==========================================================
@L: C:\Users\ResTIC16\Documents\fpga\AulaPratica_02102025\BlinkNormalcomControle\Projeto\impl1\synwork\Projeto_impl1_comp.rt.csv

@END

At c_hdl Exit (Real Time elapsed 0h:00m:02s; CPU Time elapsed 0h:00m:02s; Memory used current: 27MB peak: 28MB)

Process took 0h:00m:02s realtime, 0h:00m:02s cputime

Process completed successfully.
# Thu Oct  2 10:20:51 2025

###########################################################]
###########################################################[

Copyright (C) 1994-2023 Synopsys, Inc.
This Synopsys software and all associated documentation are proprietary to Synopsys, Inc.
and may only be used pursuant to the terms and conditions of a written license agreement
with Synopsys, Inc. All other use, reproduction, modification, or distribution of the
Synopsys software or the associated documentation is strictly prohibited.
Tool: Synplify Pro (R)
Build: V-2023.09L-2
Install: C:\lscc\diamond\3.14\synpbase
OS: Windows 10 or later
Hostname: BRMASOFT41

Implementation : impl1
Synopsys Synopsys Netlist Linker, Version comp202309synp1, Build 349R, Built Sep 17 2024 08:16:26, @

@N|Running in 64-bit mode

At syn_nfilter Exit (Real Time elapsed 0h:00m:00s; CPU Time elapsed 0h:00m:00s; Memory used current: 95MB peak: 96MB)

Process took 0h:00m:01s realtime, 0h:00m:01s cputime

Process completed successfully.
# Thu Oct  2 10:20:53 2025

###########################################################]
Premap Report

# Thu Oct  2 10:20:53 2025


Copyright (C) 1994-2023 Synopsys, Inc.
This Synopsys software and all associated documentation are proprietary to Synopsys, Inc.
and may only be used pursuant to the terms and conditions of a written license agreement
with Synopsys, Inc. All other use, reproduction, modification, or distribution of the
Synopsys software or the associated documentation is strictly prohibited.
Tool: Synplify Pro (R)
Build: V-2023.09L-2
Install: C:\lscc\diamond\3.14\synpbase
OS: Windows 10 or later
Hostname: BRMASOFT41

Implementation : impl1
Synopsys Lattice Technology Pre-mapping, Version map202309lat, Build 191R, Built Sep 17 2024 10:38:50, @


Mapper Startup Complete (Real Time elapsed 0h:00m:00s; CPU Time elapsed 0h:00m:00s; Memory used current: 187MB peak: 187MB)


Done reading skeleton netlist (Real Time elapsed 0h:00m:00s; CPU Time elapsed 0h:00m:00s; Memory used current: 191MB peak: 202MB)

@A: MF827 |No constraint file specified.
@L: C:\Users\ResTIC16\Documents\fpga\AulaPratica_02102025\BlinkNormalcomControle\Projeto\impl1\Projeto_impl1_scck.rpt 
See clock summary report "C:\Users\ResTIC16\Documents\fpga\AulaPratica_02102025\BlinkNormalcomControle\Projeto\impl1\Projeto_impl1_scck.rpt"
@N: MF916 |Option synthesis_strategy=base is enabled. 
@N: MF248 |Running in 64-bit mode.
@N: MF666 |Clock conversion enabled. (Command "set_option -fix_gated_and_generated_clocks 1" in the project file.)

Design Input Complete (Real Time elapsed 0h:00m:00s; CPU Time elapsed 0h:00m:00s; Memory used current: 194MB peak: 202MB)


Mapper Initialization Complete (Real Time elapsed 0h:00m:00s; CPU Time elapsed 0h:00m:00s; Memory used current: 194MB peak: 202MB)


Start loading timing files (Real Time elapsed 0h:00m:01s; CPU Time elapsed 0h:00m:01s; Memory used current: 207MB peak: 207MB)


Finished loading timing files (Real Time elapsed 0h:00m:01s; CPU Time elapsed 0h:00m:01s; Memory used current: 207MB peak: 209MB)

NConnInternalConnection caching is on

Starting HSTDM IP insertion (Real Time elapsed 0h:00m:01s; CPU Time elapsed 0h:00m:01s; Memory used current: 258MB peak: 259MB)


Finished HSTDM IP insertion (Real Time elapsed 0h:00m:02s; CPU Time elapsed 0h:00m:02s; Memory used current: 258MB peak: 259MB)


Started DisTri Cleanup (Real Time elapsed 0h:00m:02s; CPU Time elapsed 0h:00m:02s; Memory used current: 258MB peak: 259MB)


Finished DisTri Cleanup (Real Time elapsed 0h:00m:02s; CPU Time elapsed 0h:00m:02s; Memory used current: 258MB peak: 259MB)


Starting clock optimization phase (Real Time elapsed 0h:00m:02s; CPU Time elapsed 0h:00m:02s; Memory used current: 260MB peak: 260MB)


mixed edge conversion for GCC is OFF

Finished clock optimization phase (Real Time elapsed 0h:00m:03s; CPU Time elapsed 0h:00m:02s; Memory used current: 260MB peak: 261MB)


Starting clock optimization report phase (Real Time elapsed 0h:00m:03s; CPU Time elapsed 0h:00m:03s; Memory used current: 260MB peak: 261MB)


Finished clock optimization report phase (Real Time elapsed 0h:00m:03s; CPU Time elapsed 0h:00m:03s; Memory used current: 260MB peak: 261MB)

@N: FX1184 |Applying syn_allowed_resources blockrams=108 on top level netlist top 

Finished netlist restructuring (Real Time elapsed 0h:00m:03s; CPU Time elapsed 0h:00m:03s; Memory used current: 260MB peak: 261MB)



Clock Summary
******************

          Start       Requested     Requested     Clock        Clock          Clock
Level     Clock       Frequency     Period        Type         Group          Load 
-----------------------------------------------------------------------------------
0 -       top|clk     200.0 MHz     5.000         inferred     (multiple)     73   
===================================================================================



Clock Load Summary
***********************

            Clock     Source        Clock Pin          Non-clock Pin     Non-clock Pin
Clock       Load      Pin           Seq Example        Seq Example       Comb Example 
--------------------------------------------------------------------------------------
top|clk     73        clk(port)     g1_cnt[24:0].C     -                 -            
======================================================================================

@W: MT529 :"c:\users\restic16\documents\fpga\aulapratica_02102025\blinknormalcomcontrole\arquivos\blinknormalcomcontrole.sv":67:4:67:12|Found inferred clock top|clk which controls 73 sequential elements including g3_cnt[22:0]. This clock has no specified timing constraint which may prevent conversion of gated or generated clocks and may adversely impact design performance. 

ICG Latch Removal Summary:
Number of ICG latches removed: 0
Number of ICG latches not removed:	0


@S |Clock Optimization Summary



#### START OF PREMAP CLOCK OPTIMIZATION REPORT #####[

1 non-gated/non-generated clock tree(s) driving 73 clock pin(s) of sequential element(s)
0 gated/generated clock tree(s) driving 0 clock pin(s) of sequential element(s)
0 instances converted, 0 sequential instances remain driven by gated/generated clocks

=========================== Non-Gated/Non-Generated Clocks ============================
Clock Tree ID     Driving Element     Drive Element Type     Fanout     Sample Instance
---------------------------------------------------------------------------------------
@KP:ckid0_0       clk                 port                   73         g3_cnt[22:0]   
=======================================================================================


##### END OF CLOCK OPTIMIZATION REPORT ######


Summary of user generated gated clocks:
0 user generated gated/generated clock tree(s) driving 0 clock pin(s) of sequential element(s)

@N: FX1143 |Skipping assigning INTERNAL_VREF to iobanks, because the table of mapping from pin to iobank is not initialized.
Finished Pre Mapping Phase.

Starting constraint checker (Real Time elapsed 0h:00m:04s; CPU Time elapsed 0h:00m:04s; Memory used current: 261MB peak: 261MB)


Finished constraint checker preprocessing (Real Time elapsed 0h:00m:04s; CPU Time elapsed 0h:00m:04s; Memory used current: 261MB peak: 262MB)


Finished constraint checker (Real Time elapsed 0h:00m:04s; CPU Time elapsed 0h:00m:04s; Memory used current: 262MB peak: 262MB)

Pre-mapping successful!

At Mapper Exit (Real Time elapsed 0h:00m:05s; CPU Time elapsed 0h:00m:04s; Memory used current: 177MB peak: 263MB)

Process took 0h:00m:05s realtime, 0h:00m:05s cputime
# Thu Oct  2 10:20:59 2025

###########################################################]
Map & Optimize Report

# Thu Oct  2 10:20:59 2025


Copyright (C) 1994-2023 Synopsys, Inc.
This Synopsys software and all associated documentation are proprietary to Synopsys, Inc.
and may only be used pursuant to the terms and conditions of a written license agreement
with Synopsys, Inc. All other use, reproduction, modification, or distribution of the
Synopsys software or the associated documentation is strictly prohibited.
Tool: Synplify Pro (R)
Build: V-2023.09L-2
Install: C:\lscc\diamond\3.14\synpbase
OS: Windows 10 or later
Hostname: BRMASOFT41

Implementation : impl1
Synopsys Lattice Technology Mapper, Version map202309lat, Build 191R, Built Sep 17 2024 10:38:50, @


Mapper Startup Complete (Real Time elapsed 0h:00m:00s; CPU Time elapsed 0h:00m:00s; Memory used current: 187MB peak: 187MB)

@N: MF916 |Option synthesis_strategy=base is enabled. 
@N: MF248 |Running in 64-bit mode.
@N: MF666 |Clock conversion enabled. (Command "set_option -fix_gated_and_generated_clocks 1" in the project file.)

Design Input Complete (Real Time elapsed 0h:00m:00s; CPU Time elapsed 0h:00m:00s; Memory used current: 189MB peak: 202MB)


Mapper Initialization Complete (Real Time elapsed 0h:00m:00s; CPU Time elapsed 0h:00m:00s; Memory used current: 189MB peak: 202MB)


Start loading timing files (Real Time elapsed 0h:00m:00s; CPU Time elapsed 0h:00m:00s; Memory used current: 203MB peak: 203MB)


Finished loading timing files (Real Time elapsed 0h:00m:01s; CPU Time elapsed 0h:00m:01s; Memory used current: 205MB peak: 207MB)



Starting Optimization and Mapping (Real Time elapsed 0h:00m:01s; CPU Time elapsed 0h:00m:01s; Memory used current: 257MB peak: 257MB)


Finished RTL optimizations (Real Time elapsed 0h:00m:01s; CPU Time elapsed 0h:00m:01s; Memory used current: 261MB peak: 261MB)

@W: BN161 :"c:\users\restic16\documents\fpga\aulapratica_02102025\blinknormalcomcontrole\arquivos\blinknormalcomcontrole.sv":7:7:7:9|Net g3_wavelto22 has multiple drivers .
@W: BN161 :"c:\users\restic16\documents\fpga\aulapratica_02102025\blinknormalcomcontrole\arquivos\blinknormalcomcontrole.sv":7:7:7:9|Net g3_wavelto21 has multiple drivers .
@W: BN161 :"c:\users\restic16\documents\fpga\aulapratica_02102025\blinknormalcomcontrole\arquivos\blinknormalcomcontrole.sv":7:7:7:9|Net g3_wavelto13 has multiple drivers .
@W: BN161 :"c:\users\restic16\documents\fpga\aulapratica_02102025\blinknormalcomcontrole\arquivos\blinknormalcomcontrole.sv":7:7:7:9|Net g3_wavelto10 has multiple drivers .
@W: BN161 :"c:\users\restic16\documents\fpga\aulapratica_02102025\blinknormalcomcontrole\arquivos\blinknormalcomcontrole.sv":7:7:7:9|Net g3_wavelto9 has multiple drivers .
@W: BN161 :"c:\users\restic16\documents\fpga\aulapratica_02102025\blinknormalcomcontrole\arquivos\blinknormalcomcontrole.sv":7:7:7:9|Net g3_wavelto6 has multiple drivers .
@W: BN161 :"c:\users\restic16\documents\fpga\aulapratica_02102025\blinknormalcomcontrole\arquivos\blinknormalcomcontrole.sv":7:7:7:9|Net g3_wavelto5 has multiple drivers .
@W: BN161 :"c:\users\restic16\documents\fpga\aulapratica_02102025\blinknormalcomcontrole\arquivos\blinknormalcomcontrole.sv":7:7:7:9|Net ledlto24 has multiple drivers .
@W: BN161 :"c:\users\restic16\documents\fpga\aulapratica_02102025\blinknormalcomcontrole\arquivos\blinknormalcomcontrole.sv":7:7:7:9|Net ledlto23 has multiple drivers .
@W: BN161 :"c:\users\restic16\documents\fpga\aulapratica_02102025\blinknormalcomcontrole\arquivos\blinknormalcomcontrole.sv":7:7:7:9|Net ledlto22 has multiple drivers .
@W: BN161 :"c:\users\restic16\documents\fpga\aulapratica_02102025\blinknormalcomcontrole\arquivos\blinknormalcomcontrole.sv":7:7:7:9|Net ledlto16 has multiple drivers .
@W: BN161 :"c:\users\restic16\documents\fpga\aulapratica_02102025\blinknormalcomcontrole\arquivos\blinknormalcomcontrole.sv":7:7:7:9|Net ledlto15 has multiple drivers .
@W: BN161 :"c:\users\restic16\documents\fpga\aulapratica_02102025\blinknormalcomcontrole\arquivos\blinknormalcomcontrole.sv":7:7:7:9|Net ledlto14 has multiple drivers .
@W: BN161 :"c:\users\restic16\documents\fpga\aulapratica_02102025\blinknormalcomcontrole\arquivos\blinknormalcomcontrole.sv":7:7:7:9|Net ledlto5 has multiple drivers .
@W: BN161 :"c:\users\restic16\documents\fpga\aulapratica_02102025\blinknormalcomcontrole\arquivos\blinknormalcomcontrole.sv":7:7:7:9|Net g2_wavelto22 has multiple drivers .
@W: BN161 :"c:\users\restic16\documents\fpga\aulapratica_02102025\blinknormalcomcontrole\arquivos\blinknormalcomcontrole.sv":7:7:7:9|Net g2_wavelto14 has multiple drivers .
@W: BN161 :"c:\users\restic16\documents\fpga\aulapratica_02102025\blinknormalcomcontrole\arquivos\blinknormalcomcontrole.sv":7:7:7:9|Net g2_wavelto11 has multiple drivers .
@W: BN161 :"c:\users\restic16\documents\fpga\aulapratica_02102025\blinknormalcomcontrole\arquivos\blinknormalcomcontrole.sv":7:7:7:9|Net g2_wavelto10 has multiple drivers .
@W: BN161 :"c:\users\restic16\documents\fpga\aulapratica_02102025\blinknormalcomcontrole\arquivos\blinknormalcomcontrole.sv":7:7:7:9|Net g2_wavelto7 has multiple drivers .
@W: BN161 :"c:\users\restic16\documents\fpga\aulapratica_02102025\blinknormalcomcontrole\arquivos\blinknormalcomcontrole.sv":7:7:7:9|Net g2_wavelto6 has multiple drivers .

Starting factoring (Real Time elapsed 0h:00m:02s; CPU Time elapsed 0h:00m:02s; Memory used current: 262MB peak: 262MB)


Finished factoring (Real Time elapsed 0h:00m:02s; CPU Time elapsed 0h:00m:02s; Memory used current: 263MB peak: 263MB)


Available hyper_sources - for debug and ip models
	None Found

NConnInternalConnection caching is on

Finished generic timing optimizations - Pass 1 (Real Time elapsed 0h:00m:02s; CPU Time elapsed 0h:00m:02s; Memory used current: 263MB peak: 264MB)

@W: BN161 :"c:\users\restic16\documents\fpga\aulapratica_02102025\blinknormalcomcontrole\arquivos\blinknormalcomcontrole.sv":7:7:7:9|Net un35_g1_cnt_axb_0 has multiple drivers .
@W: BN161 :"c:\users\restic16\documents\fpga\aulapratica_02102025\blinknormalcomcontrole\arquivos\blinknormalcomcontrole.sv":7:7:7:9|Net un35_g1_cnt_axb_1 has multiple drivers .
@W: BN161 :"c:\users\restic16\documents\fpga\aulapratica_02102025\blinknormalcomcontrole\arquivos\blinknormalcomcontrole.sv":7:7:7:9|Net un35_g1_cnt_axb_2 has multiple drivers .
@W: BN161 :"c:\users\restic16\documents\fpga\aulapratica_02102025\blinknormalcomcontrole\arquivos\blinknormalcomcontrole.sv":7:7:7:9|Net un35_g1_cnt_axb_3 has multiple drivers .
@W: BN161 :"c:\users\restic16\documents\fpga\aulapratica_02102025\blinknormalcomcontrole\arquivos\blinknormalcomcontrole.sv":7:7:7:9|Net un35_g1_cnt_axb_4 has multiple drivers .
@W: BN161 :"c:\users\restic16\documents\fpga\aulapratica_02102025\blinknormalcomcontrole\arquivos\blinknormalcomcontrole.sv":7:7:7:9|Net un35_g1_cnt_axb_5 has multiple drivers .
@W: BN161 :"c:\users\restic16\documents\fpga\aulapratica_02102025\blinknormalcomcontrole\arquivos\blinknormalcomcontrole.sv":7:7:7:9|Net un35_g1_cnt_axb_6 has multiple drivers .
@W: BN161 :"c:\users\restic16\documents\fpga\aulapratica_02102025\blinknormalcomcontrole\arquivos\blinknormalcomcontrole.sv":7:7:7:9|Net un35_g1_cnt_axb_7 has multiple drivers .
@W: BN161 :"c:\users\restic16\documents\fpga\aulapratica_02102025\blinknormalcomcontrole\arquivos\blinknormalcomcontrole.sv":7:7:7:9|Net un35_g1_cnt_axb_8 has multiple drivers .
@W: BN161 :"c:\users\restic16\documents\fpga\aulapratica_02102025\blinknormalcomcontrole\arquivos\blinknormalcomcontrole.sv":7:7:7:9|Net un35_g1_cnt_axb_9 has multiple drivers .
@W: BN161 :"c:\users\restic16\documents\fpga\aulapratica_02102025\blinknormalcomcontrole\arquivos\blinknormalcomcontrole.sv":7:7:7:9|Net un35_g1_cnt_axb_10 has multiple drivers .
@W: BN161 :"c:\users\restic16\documents\fpga\aulapratica_02102025\blinknormalcomcontrole\arquivos\blinknormalcomcontrole.sv":7:7:7:9|Net un35_g1_cnt_axb_11 has multiple drivers .
@W: BN161 :"c:\users\restic16\documents\fpga\aulapratica_02102025\blinknormalcomcontrole\arquivos\blinknormalcomcontrole.sv":7:7:7:9|Net un35_g1_cnt_axb_12 has multiple drivers .
@W: BN161 :"c:\users\restic16\documents\fpga\aulapratica_02102025\blinknormalcomcontrole\arquivos\blinknormalcomcontrole.sv":7:7:7:9|Net un35_g1_cnt_axb_13 has multiple drivers .
@W: BN161 :"c:\users\restic16\documents\fpga\aulapratica_02102025\blinknormalcomcontrole\arquivos\blinknormalcomcontrole.sv":7:7:7:9|Net un35_g1_cnt_axb_14 has multiple drivers .
@W: BN161 :"c:\users\restic16\documents\fpga\aulapratica_02102025\blinknormalcomcontrole\arquivos\blinknormalcomcontrole.sv":7:7:7:9|Net un35_g1_cnt_axb_15 has multiple drivers .
@W: BN161 :"c:\users\restic16\documents\fpga\aulapratica_02102025\blinknormalcomcontrole\arquivos\blinknormalcomcontrole.sv":7:7:7:9|Net un35_g1_cnt_axb_16 has multiple drivers .
@W: BN161 :"c:\users\restic16\documents\fpga\aulapratica_02102025\blinknormalcomcontrole\arquivos\blinknormalcomcontrole.sv":7:7:7:9|Net un35_g1_cnt_axb_17 has multiple drivers .
@W: BN161 :"c:\users\restic16\documents\fpga\aulapratica_02102025\blinknormalcomcontrole\arquivos\blinknormalcomcontrole.sv":7:7:7:9|Net un35_g1_cnt_axb_18 has multiple drivers .
@W: BN161 :"c:\users\restic16\documents\fpga\aulapratica_02102025\blinknormalcomcontrole\arquivos\blinknormalcomcontrole.sv":7:7:7:9|Net un35_g1_cnt_axb_19 has multiple drivers .
@W: BN161 :"c:\users\restic16\documents\fpga\aulapratica_02102025\blinknormalcomcontrole\arquivos\blinknormalcomcontrole.sv":7:7:7:9|Net un35_g1_cnt_axb_20 has multiple drivers .
@W: BN161 :"c:\users\restic16\documents\fpga\aulapratica_02102025\blinknormalcomcontrole\arquivos\blinknormalcomcontrole.sv":7:7:7:9|Net un35_g1_cnt_axb_21 has multiple drivers .
@W: BN161 :"c:\users\restic16\documents\fpga\aulapratica_02102025\blinknormalcomcontrole\arquivos\blinknormalcomcontrole.sv":7:7:7:9|Net un35_g1_cnt_axb_22 has multiple drivers .
@W: BN161 :"c:\users\restic16\documents\fpga\aulapratica_02102025\blinknormalcomcontrole\arquivos\blinknormalcomcontrole.sv":7:7:7:9|Net un35_g1_cnt_axb_23 has multiple drivers .
@W: BN161 :"c:\users\restic16\documents\fpga\aulapratica_02102025\blinknormalcomcontrole\arquivos\blinknormalcomcontrole.sv":7:7:7:9|Net un35_g1_cnt_axb_24 has multiple drivers .
@W: BN161 :"c:\users\restic16\documents\fpga\aulapratica_02102025\blinknormalcomcontrole\arquivos\blinknormalcomcontrole.sv":7:7:7:9|Net un35_g2_cnt_axb_0 has multiple drivers .
@W: BN161 :"c:\users\restic16\documents\fpga\aulapratica_02102025\blinknormalcomcontrole\arquivos\blinknormalcomcontrole.sv":7:7:7:9|Net un35_g2_cnt_axb_1 has multiple drivers .
@W: BN161 :"c:\users\restic16\documents\fpga\aulapratica_02102025\blinknormalcomcontrole\arquivos\blinknormalcomcontrole.sv":7:7:7:9|Net un35_g2_cnt_axb_2 has multiple drivers .
@W: BN161 :"c:\users\restic16\documents\fpga\aulapratica_02102025\blinknormalcomcontrole\arquivos\blinknormalcomcontrole.sv":7:7:7:9|Net un35_g2_cnt_axb_3 has multiple drivers .
@W: BN161 :"c:\users\restic16\documents\fpga\aulapratica_02102025\blinknormalcomcontrole\arquivos\blinknormalcomcontrole.sv":7:7:7:9|Net un35_g2_cnt_axb_4 has multiple drivers .
@W: BN161 :"c:\users\restic16\documents\fpga\aulapratica_02102025\blinknormalcomcontrole\arquivos\blinknormalcomcontrole.sv":7:7:7:9|Net un35_g2_cnt_axb_5 has multiple drivers .
@W: BN161 :"c:\users\restic16\documents\fpga\aulapratica_02102025\blinknormalcomcontrole\arquivos\blinknormalcomcontrole.sv":7:7:7:9|Net un35_g2_cnt_axb_6 has multiple drivers .
@W: BN161 :"c:\users\restic16\documents\fpga\aulapratica_02102025\blinknormalcomcontrole\arquivos\blinknormalcomcontrole.sv":7:7:7:9|Net un35_g2_cnt_axb_7 has multiple drivers .
@W: BN161 :"c:\users\restic16\documents\fpga\aulapratica_02102025\blinknormalcomcontrole\arquivos\blinknormalcomcontrole.sv":7:7:7:9|Net un35_g2_cnt_axb_8 has multiple drivers .
@W: BN161 :"c:\users\restic16\documents\fpga\aulapratica_02102025\blinknormalcomcontrole\arquivos\blinknormalcomcontrole.sv":7:7:7:9|Net un35_g2_cnt_axb_9 has multiple drivers .
@W: BN161 :"c:\users\restic16\documents\fpga\aulapratica_02102025\blinknormalcomcontrole\arquivos\blinknormalcomcontrole.sv":7:7:7:9|Net un35_g2_cnt_axb_10 has multiple drivers .
@W: BN161 :"c:\users\restic16\documents\fpga\aulapratica_02102025\blinknormalcomcontrole\arquivos\blinknormalcomcontrole.sv":7:7:7:9|Net un35_g2_cnt_axb_11 has multiple drivers .
@W: BN161 :"c:\users\restic16\documents\fpga\aulapratica_02102025\blinknormalcomcontrole\arquivos\blinknormalcomcontrole.sv":7:7:7:9|Net un35_g2_cnt_axb_12 has multiple drivers .
@W: BN161 :"c:\users\restic16\documents\fpga\aulapratica_02102025\blinknormalcomcontrole\arquivos\blinknormalcomcontrole.sv":7:7:7:9|Net un35_g2_cnt_axb_13 has multiple drivers .
@W: BN161 :"c:\users\restic16\documents\fpga\aulapratica_02102025\blinknormalcomcontrole\arquivos\blinknormalcomcontrole.sv":7:7:7:9|Net un35_g2_cnt_axb_14 has multiple drivers .
@W: BN161 :"c:\users\restic16\documents\fpga\aulapratica_02102025\blinknormalcomcontrole\arquivos\blinknormalcomcontrole.sv":7:7:7:9|Net un35_g2_cnt_axb_15 has multiple drivers .
@W: BN161 :"c:\users\restic16\documents\fpga\aulapratica_02102025\blinknormalcomcontrole\arquivos\blinknormalcomcontrole.sv":7:7:7:9|Net un35_g2_cnt_axb_16 has multiple drivers .
@W: BN161 :"c:\users\restic16\documents\fpga\aulapratica_02102025\blinknormalcomcontrole\arquivos\blinknormalcomcontrole.sv":7:7:7:9|Net un35_g2_cnt_axb_17 has multiple drivers .
@W: BN161 :"c:\users\restic16\documents\fpga\aulapratica_02102025\blinknormalcomcontrole\arquivos\blinknormalcomcontrole.sv":7:7:7:9|Net un35_g2_cnt_axb_18 has multiple drivers .
@W: BN161 :"c:\users\restic16\documents\fpga\aulapratica_02102025\blinknormalcomcontrole\arquivos\blinknormalcomcontrole.sv":7:7:7:9|Net un35_g2_cnt_axb_19 has multiple drivers .
@W: BN161 :"c:\users\restic16\documents\fpga\aulapratica_02102025\blinknormalcomcontrole\arquivos\blinknormalcomcontrole.sv":7:7:7:9|Net un35_g2_cnt_axb_20 has multiple drivers .
@W: BN161 :"c:\users\restic16\documents\fpga\aulapratica_02102025\blinknormalcomcontrole\arquivos\blinknormalcomcontrole.sv":7:7:7:9|Net un35_g2_cnt_axb_21 has multiple drivers .
@W: BN161 :"c:\users\restic16\documents\fpga\aulapratica_02102025\blinknormalcomcontrole\arquivos\blinknormalcomcontrole.sv":7:7:7:9|Net un35_g2_cnt_axb_22 has multiple drivers .
@W: BN161 :"c:\users\restic16\documents\fpga\aulapratica_02102025\blinknormalcomcontrole\arquivos\blinknormalcomcontrole.sv":7:7:7:9|Net un35_g2_cnt_axb_23 has multiple drivers .
@W: BN161 :"c:\users\restic16\documents\fpga\aulapratica_02102025\blinknormalcomcontrole\arquivos\blinknormalcomcontrole.sv":7:7:7:9|Net un35_g2_cnt_axb_24 has multiple drivers .
@W: BN161 :"c:\users\restic16\documents\fpga\aulapratica_02102025\blinknormalcomcontrole\arquivos\blinknormalcomcontrole.sv":7:7:7:9|Net un33_g3_cnt_axb_0 has multiple drivers .
@W: BN161 :"c:\users\restic16\documents\fpga\aulapratica_02102025\blinknormalcomcontrole\arquivos\blinknormalcomcontrole.sv":7:7:7:9|Net un33_g3_cnt_axb_1 has multiple drivers .
@W: BN161 :"c:\users\restic16\documents\fpga\aulapratica_02102025\blinknormalcomcontrole\arquivos\blinknormalcomcontrole.sv":7:7:7:9|Net un33_g3_cnt_axb_2 has multiple drivers .
@W: BN161 :"c:\users\restic16\documents\fpga\aulapratica_02102025\blinknormalcomcontrole\arquivos\blinknormalcomcontrole.sv":7:7:7:9|Net un33_g3_cnt_axb_3 has multiple drivers .
@W: BN161 :"c:\users\restic16\documents\fpga\aulapratica_02102025\blinknormalcomcontrole\arquivos\blinknormalcomcontrole.sv":7:7:7:9|Net un33_g3_cnt_axb_4 has multiple drivers .
@W: BN161 :"c:\users\restic16\documents\fpga\aulapratica_02102025\blinknormalcomcontrole\arquivos\blinknormalcomcontrole.sv":7:7:7:9|Net un33_g3_cnt_axb_5 has multiple drivers .
@W: BN161 :"c:\users\restic16\documents\fpga\aulapratica_02102025\blinknormalcomcontrole\arquivos\blinknormalcomcontrole.sv":7:7:7:9|Net un33_g3_cnt_axb_6 has multiple drivers .
@W: BN161 :"c:\users\restic16\documents\fpga\aulapratica_02102025\blinknormalcomcontrole\arquivos\blinknormalcomcontrole.sv":7:7:7:9|Net un33_g3_cnt_axb_7 has multiple drivers .
@W: BN161 :"c:\users\restic16\documents\fpga\aulapratica_02102025\blinknormalcomcontrole\arquivos\blinknormalcomcontrole.sv":7:7:7:9|Net un33_g3_cnt_axb_8 has multiple drivers .
@W: BN161 :"c:\users\restic16\documents\fpga\aulapratica_02102025\blinknormalcomcontrole\arquivos\blinknormalcomcontrole.sv":7:7:7:9|Net un33_g3_cnt_axb_9 has multiple drivers .
@W: BN161 :"c:\users\restic16\documents\fpga\aulapratica_02102025\blinknormalcomcontrole\arquivos\blinknormalcomcontrole.sv":7:7:7:9|Net un33_g3_cnt_axb_10 has multiple drivers .
@W: BN161 :"c:\users\restic16\documents\fpga\aulapratica_02102025\blinknormalcomcontrole\arquivos\blinknormalcomcontrole.sv":7:7:7:9|Net un33_g3_cnt_axb_11 has multiple drivers .
@W: BN161 :"c:\users\restic16\documents\fpga\aulapratica_02102025\blinknormalcomcontrole\arquivos\blinknormalcomcontrole.sv":7:7:7:9|Net un33_g3_cnt_axb_12 has multiple drivers .
@W: BN161 :"c:\users\restic16\documents\fpga\aulapratica_02102025\blinknormalcomcontrole\arquivos\blinknormalcomcontrole.sv":7:7:7:9|Net un33_g3_cnt_axb_13 has multiple drivers .
@W: BN161 :"c:\users\restic16\documents\fpga\aulapratica_02102025\blinknormalcomcontrole\arquivos\blinknormalcomcontrole.sv":7:7:7:9|Net un33_g3_cnt_axb_14 has multiple drivers .
@W: BN161 :"c:\users\restic16\documents\fpga\aulapratica_02102025\blinknormalcomcontrole\arquivos\blinknormalcomcontrole.sv":7:7:7:9|Net un33_g3_cnt_axb_15 has multiple drivers .
@W: BN161 :"c:\users\restic16\documents\fpga\aulapratica_02102025\blinknormalcomcontrole\arquivos\blinknormalcomcontrole.sv":7:7:7:9|Net un33_g3_cnt_axb_16 has multiple drivers .
@W: BN161 :"c:\users\restic16\documents\fpga\aulapratica_02102025\blinknormalcomcontrole\arquivos\blinknormalcomcontrole.sv":7:7:7:9|Net un33_g3_cnt_axb_17 has multiple drivers .
@W: BN161 :"c:\users\restic16\documents\fpga\aulapratica_02102025\blinknormalcomcontrole\arquivos\blinknormalcomcontrole.sv":7:7:7:9|Net un33_g3_cnt_axb_18 has multiple drivers .
@W: BN161 :"c:\users\restic16\documents\fpga\aulapratica_02102025\blinknormalcomcontrole\arquivos\blinknormalcomcontrole.sv":7:7:7:9|Net un33_g3_cnt_axb_19 has multiple drivers .
@W: BN161 :"c:\users\restic16\documents\fpga\aulapratica_02102025\blinknormalcomcontrole\arquivos\blinknormalcomcontrole.sv":7:7:7:9|Net un33_g3_cnt_axb_20 has multiple drivers .
@W: BN161 :"c:\users\restic16\documents\fpga\aulapratica_02102025\blinknormalcomcontrole\arquivos\blinknormalcomcontrole.sv":7:7:7:9|Net un33_g3_cnt_axb_21 has multiple drivers .
@W: BN161 :"c:\users\restic16\documents\fpga\aulapratica_02102025\blinknormalcomcontrole\arquivos\blinknormalcomcontrole.sv":7:7:7:9|Net un33_g3_cnt_axb_22 has multiple drivers .

Starting Early Timing Optimization (Real Time elapsed 0h:00m:02s; CPU Time elapsed 0h:00m:02s; Memory used current: 264MB peak: 264MB)


Finished Early Timing Optimization (Real Time elapsed 0h:00m:03s; CPU Time elapsed 0h:00m:03s; Memory used current: 264MB peak: 266MB)


Finished generic timing optimizations - Pass 2 (Real Time elapsed 0h:00m:03s; CPU Time elapsed 0h:00m:03s; Memory used current: 265MB peak: 266MB)


Finished preparing to map (Real Time elapsed 0h:00m:03s; CPU Time elapsed 0h:00m:03s; Memory used current: 265MB peak: 266MB)


Finished technology mapping (Real Time elapsed 0h:00m:03s; CPU Time elapsed 0h:00m:03s; Memory used current: 265MB peak: 266MB)

Pass		 CPU time		Worst Slack		Luts / Registers
------------------------------------------------------------
   1		0h:00m:04s		     1.76ns		  48 /        73

Finished technology timing optimizations and critical path resynthesis (Real Time elapsed 0h:00m:04s; CPU Time elapsed 0h:00m:04s; Memory used current: 265MB peak: 266MB)

@W: FX474 |User-specified initial value defined for some sequential elements which can prevent optimum synthesis results from being achieved. 
@N: FX164 |The option to pack registers in the IOB has not been specified. Please set syn_useioff attribute.  

Finished restoring hierarchy (Real Time elapsed 0h:00m:04s; CPU Time elapsed 0h:00m:04s; Memory used current: 266MB peak: 266MB)


Starting CDBProcessSetClockGroups... (Real Time elapsed 0h:00m:04s; CPU Time elapsed 0h:00m:04s; Memory used current: 266MB peak: 267MB)


Finished with CDBProcessSetClockGroups (Real Time elapsed 0h:00m:05s; CPU Time elapsed 0h:00m:05s; Memory used current: 266MB peak: 267MB)


Start Writing Netlists (Real Time elapsed 0h:00m:05s; CPU Time elapsed 0h:00m:05s; Memory used current: 211MB peak: 267MB)

Writing Analyst data base C:\Users\ResTIC16\Documents\fpga\AulaPratica_02102025\BlinkNormalcomControle\Projeto\impl1\synwork\Projeto_impl1_m.srm

Finished Writing Netlist Databases (Real Time elapsed 0h:00m:05s; CPU Time elapsed 0h:00m:05s; Memory used current: 266MB peak: 267MB)

Writing EDIF Netlist and constraint files
@N: FX1056 |Writing EDF file: C:\Users\ResTIC16\Documents\fpga\AulaPratica_02102025\BlinkNormalcomControle\Projeto\impl1\Projeto_impl1.edi
@N: BW106 |Synplicity Constraint File capacitance units using default value of 1pF 

Finished Writing EDIF Netlist and constraint files (Real Time elapsed 0h:00m:06s; CPU Time elapsed 0h:00m:06s; Memory used current: 274MB peak: 274MB)


Finished Writing Netlists (Real Time elapsed 0h:00m:06s; CPU Time elapsed 0h:00m:06s; Memory used current: 274MB peak: 275MB)


Start final timing analysis (Real Time elapsed 0h:00m:07s; CPU Time elapsed 0h:00m:06s; Memory used current: 273MB peak: 275MB)

@W: MT420 |Found inferred clock top|clk with period 5.00ns. Please declare a user-defined clock on port clk.


##### START OF TIMING REPORT #####[
# Timing report written on Thu Oct  2 10:21:07 2025
#


Top view:               top
Requested Frequency:    200.0 MHz
Wire load mode:         top
Paths requested:        5
Constraint File(s):    
@N: MT320 |This timing report is an estimate of place and route data. For final timing results, use the FPGA vendor place and route report.

@N: MT322 |Clock constraints include only register-to-register paths associated with each individual clock.



Performance Summary
*******************


Worst slack in design: 1.722

                   Requested     Estimated     Requested     Estimated               Clock        Clock     
Starting Clock     Frequency     Frequency     Period        Period        Slack     Type         Group     
------------------------------------------------------------------------------------------------------------
top|clk            200.0 MHz     305.1 MHz     5.000         3.277         1.722     inferred     (multiple)
============================================================================================================





Clock Relationships
*******************

Clocks             |    rise  to  rise   |    fall  to  fall   |    rise  to  fall   |    fall  to  rise 
---------------------------------------------------------------------------------------------------------
Starting  Ending   |  constraint  slack  |  constraint  slack  |  constraint  slack  |  constraint  slack
---------------------------------------------------------------------------------------------------------
top|clk   top|clk  |  5.000       1.723  |  No paths    -      |  No paths    -      |  No paths    -    
=========================================================================================================
 Note: 'No paths' indicates there are no paths in the design for that pair of clock edges.
       'Diff grp' indicates that paths exist but the starting clock and ending clock are in different clock groups.



Interface Information 
*********************

No IO constraint found



====================================
Detailed Report for Clock: top|clk
====================================



Starting Points with Worst Slack
********************************

              Starting                                        Arrival          
Instance      Reference     Type        Pin     Net           Time        Slack
              Clock                                                            
-------------------------------------------------------------------------------
g1_cnt[0]     top|clk       FD1S3AX     Q       g1_cnt[0]     0.955       1.722
g2_cnt[0]     top|clk       FD1S3AX     Q       g2_cnt[0]     0.955       1.722
g3_cnt[0]     top|clk       FD1S3AX     Q       g3_cnt[0]     0.955       1.784
g1_cnt[1]     top|clk       FD1S3AX     Q       g1_cnt[1]     0.907       1.831
g1_cnt[2]     top|clk       FD1S3AX     Q       g1_cnt[2]     0.907       1.831
g2_cnt[1]     top|clk       FD1S3AX     Q       g2_cnt[1]     0.907       1.831
g2_cnt[2]     top|clk       FD1S3AX     Q       g2_cnt[2]     0.907       1.831
g1_cnt[3]     top|clk       FD1S3AX     Q       g1_cnt[3]     0.907       1.893
g1_cnt[4]     top|clk       FD1S3AX     Q       g1_cnt[4]     0.907       1.893
g2_cnt[3]     top|clk       FD1S3AX     Q       g2_cnt[3]     0.907       1.893
===============================================================================


Ending Points with Worst Slack
******************************

               Starting                                                      Required          
Instance       Reference     Type        Pin     Net                         Time         Slack
               Clock                                                                           
-----------------------------------------------------------------------------------------------
g1_cnt[23]     top|clk       FD1S3AX     D       un35_g1_cnt_cry_23_0_S0     4.946        1.722
g1_cnt[24]     top|clk       FD1S3IX     D       g1_cnt_2[24]                4.946        1.722
g2_cnt[23]     top|clk       FD1S3AX     D       un35_g2_cnt_cry_23_0_S0     4.946        1.722
g2_cnt[24]     top|clk       FD1S3IX     D       g2_cnt_2[24]                4.946        1.722
g1_cnt[21]     top|clk       FD1S3IX     D       g1_cnt_2[21]                4.946        1.784
g1_cnt[22]     top|clk       FD1S3IX     D       g1_cnt_2[22]                4.946        1.784
g2_cnt[21]     top|clk       FD1S3IX     D       g2_cnt_2[21]                4.946        1.784
g2_cnt[22]     top|clk       FD1S3IX     D       g2_cnt_2[22]                4.946        1.784
g3_cnt[21]     top|clk       FD1S3AX     D       un33_g3_cnt_cry_21_0_S0     4.946        1.784
g3_cnt[22]     top|clk       FD1S3IX     D       g3_cnt_2[22]                4.946        1.784
===============================================================================================



Worst Path Information
***********************


Path information for path number 1: 
      Requested Period:                      5.000
    - Setup time:                            0.054
    + Clock delay at ending point:           0.000 (ideal)
    = Required time:                         4.946

    - Propagation time:                      3.224
    - Clock delay at starting point:         0.000 (ideal)
    = Slack (critical) :                     1.722

    Number of logic level(s):                13
    Starting point:                          g1_cnt[0] / Q
    Ending point:                            g1_cnt[24] / D
    The start point is clocked by            top|clk [rising] (rise=0.000 fall=2.500 period=5.000) on pin CK
    The end   point is clocked by            top|clk [rising] (rise=0.000 fall=2.500 period=5.000) on pin CK

Instance / Net                       Pin      Pin               Arrival     No. of    
Name                     Type        Name     Dir     Delay     Time        Fan Out(s)
--------------------------------------------------------------------------------------
g1_cnt[0]                FD1S3AX     Q        Out     0.955     0.955 r     -         
g1_cnt[0]                Net         -        -       -         -           3         
un35_g1_cnt_cry_0_0      CCU2C       A1       In      0.000     0.955 r     -         
un35_g1_cnt_cry_0_0      CCU2C       COUT     Out     0.900     1.855 r     -         
un35_g1_cnt_cry_0        Net         -        -       -         -           1         
un35_g1_cnt_cry_1_0      CCU2C       CIN      In      0.000     1.855 r     -         
un35_g1_cnt_cry_1_0      CCU2C       COUT     Out     0.061     1.916 r     -         
un35_g1_cnt_cry_2        Net         -        -       -         -           1         
un35_g1_cnt_cry_3_0      CCU2C       CIN      In      0.000     1.916 r     -         
un35_g1_cnt_cry_3_0      CCU2C       COUT     Out     0.061     1.977 r     -         
un35_g1_cnt_cry_4        Net         -        -       -         -           1         
un35_g1_cnt_cry_5_0      CCU2C       CIN      In      0.000     1.977 r     -         
un35_g1_cnt_cry_5_0      CCU2C       COUT     Out     0.061     2.038 r     -         
un35_g1_cnt_cry_6        Net         -        -       -         -           1         
un35_g1_cnt_cry_7_0      CCU2C       CIN      In      0.000     2.038 r     -         
un35_g1_cnt_cry_7_0      CCU2C       COUT     Out     0.061     2.099 r     -         
un35_g1_cnt_cry_8        Net         -        -       -         -           1         
un35_g1_cnt_cry_9_0      CCU2C       CIN      In      0.000     2.099 r     -         
un35_g1_cnt_cry_9_0      CCU2C       COUT     Out     0.061     2.160 r     -         
un35_g1_cnt_cry_10       Net         -        -       -         -           1         
un35_g1_cnt_cry_11_0     CCU2C       CIN      In      0.000     2.160 r     -         
un35_g1_cnt_cry_11_0     CCU2C       COUT     Out     0.061     2.221 r     -         
un35_g1_cnt_cry_12       Net         -        -       -         -           1         
un35_g1_cnt_cry_13_0     CCU2C       CIN      In      0.000     2.221 r     -         
un35_g1_cnt_cry_13_0     CCU2C       COUT     Out     0.061     2.282 r     -         
un35_g1_cnt_cry_14       Net         -        -       -         -           1         
un35_g1_cnt_cry_15_0     CCU2C       CIN      In      0.000     2.282 r     -         
un35_g1_cnt_cry_15_0     CCU2C       COUT     Out     0.061     2.343 r     -         
un35_g1_cnt_cry_16       Net         -        -       -         -           1         
un35_g1_cnt_cry_17_0     CCU2C       CIN      In      0.000     2.343 r     -         
un35_g1_cnt_cry_17_0     CCU2C       COUT     Out     0.061     2.404 r     -         
un35_g1_cnt_cry_18       Net         -        -       -         -           1         
un35_g1_cnt_cry_19_0     CCU2C       CIN      In      0.000     2.404 r     -         
un35_g1_cnt_cry_19_0     CCU2C       COUT     Out     0.061     2.465 r     -         
un35_g1_cnt_cry_20       Net         -        -       -         -           1         
un35_g1_cnt_cry_21_0     CCU2C       CIN      In      0.000     2.465 r     -         
un35_g1_cnt_cry_21_0     CCU2C       COUT     Out     0.061     2.526 r     -         
un35_g1_cnt_cry_22       Net         -        -       -         -           1         
un35_g1_cnt_cry_23_0     CCU2C       CIN      In      0.000     2.526 r     -         
un35_g1_cnt_cry_23_0     CCU2C       S1       Out     0.698     3.224 r     -         
g1_cnt_2[24]             Net         -        -       -         -           1         
g1_cnt[24]               FD1S3IX     D        In      0.000     3.224 r     -         
======================================================================================



##### END OF TIMING REPORT #####]

Timing exceptions that could not be applied

Finished final timing analysis (Real Time elapsed 0h:00m:07s; CPU Time elapsed 0h:00m:07s; Memory used current: 274MB peak: 275MB)


Finished timing report (Real Time elapsed 0h:00m:07s; CPU Time elapsed 0h:00m:07s; Memory used current: 274MB peak: 275MB)

---------------------------------------
Resource Usage Report
Part: lfe5u_45f-6

Register bits: 73 of 43848 (0%)
PIC Latch:       0
I/O cells:       11


Details:
CCU2C:          38
FD1S3AX:        41
FD1S3IX:        32
GSR:            1
IB:             1
INV:            3
OB:             10
ORCALUT4:       45
PUR:            1
VHI:            1
VLO:            1
Mapper successful!

At Mapper Exit (Real Time elapsed 0h:00m:07s; CPU Time elapsed 0h:00m:07s; Memory used current: 136MB peak: 275MB)

Process took 0h:00m:08s realtime, 0h:00m:08s cputime
# Thu Oct  2 10:21:08 2025

###########################################################]


Synthesis exit by 0.

edif2ngd  -l "ECP5U" -d LFE5U-45F -path "C:/Users/ResTIC16/Documents/fpga/AulaPratica_02102025/BlinkNormalcomControle/Projeto/impl1" -path "C:/Users/ResTIC16/Documents/fpga/AulaPratica_02102025/BlinkNormalcomControle/Projeto"   "C:/Users/ResTIC16/Documents/fpga/AulaPratica_02102025/BlinkNormalcomControle/Projeto/impl1/Projeto_impl1.edi" "Projeto_impl1.ngo"   
edif2ngd:  version Diamond (64-bit) 3.14.0.75.2

Copyright (c) 1991-1994 by NeoCAD Inc. All rights reserved.
Copyright (c) 1995 AT&T Corp.   All rights reserved.
Copyright (c) 1995-2001 Lucent Technologies Inc.  All rights reserved.
Copyright (c) 2001 Agere Systems   All rights reserved.
Copyright (c) 2002-2024 Lattice Semiconductor Corporation,  All rights reserved.
    <postMsg mid="1121028" type="Warning" dynamic="1" navigation="0" arg0="G3_OFF_MS"  />
    <postMsg mid="1121028" type="Warning" dynamic="1" navigation="0" arg0="G3_ON_MS"  />
    <postMsg mid="1121028" type="Warning" dynamic="1" navigation="0" arg0="G2_OFF_MS"  />
    <postMsg mid="1121028" type="Warning" dynamic="1" navigation="0" arg0="G2_ON_MS"  />
    <postMsg mid="1121028" type="Warning" dynamic="1" navigation="0" arg0="OFF_MS"  />
    <postMsg mid="1121028" type="Warning" dynamic="1" navigation="0" arg0="ON_MS"  />
    <postMsg mid="1121028" type="Warning" dynamic="1" navigation="0" arg0="F_CLK_HZ"  />
Writing the design to Projeto_impl1.ngo...

Total CPU Time: 0 secs  
Total REAL Time: 0 secs  
Peak Memory Usage: 16 MB


ngdbuild  -a "ECP5U" -d LFE5U-45F  -p "C:/lscc/diamond/3.14/ispfpga/sa5p00/data"  -p "C:/Users/ResTIC16/Documents/fpga/AulaPratica_02102025/BlinkNormalcomControle/Projeto/impl1" -p "C:/Users/ResTIC16/Documents/fpga/AulaPratica_02102025/BlinkNormalcomControle/Projeto"  "Projeto_impl1.ngo" "Projeto_impl1.ngd"  	
ngdbuild:  version Diamond (64-bit) 3.14.0.75.2

Copyright (c) 1991-1994 by NeoCAD Inc. All rights reserved.
Copyright (c) 1995 AT&T Corp.   All rights reserved.
Copyright (c) 1995-2001 Lucent Technologies Inc.  All rights reserved.
Copyright (c) 2001 Agere Systems   All rights reserved.
Copyright (c) 2002-2024 Lattice Semiconductor Corporation,  All rights reserved.
Reading 'Projeto_impl1.ngo' ...
Loading NGL library 'C:/lscc/diamond/3.14/ispfpga/sa5p00/data/sa5plib.ngl'...
Loading NGL library 'C:/lscc/diamond/3.14/ispfpga/xo2c00/data/xo2clib.ngl'...
Loading NGL library 'C:/lscc/diamond/3.14/ispfpga/mg5g00/data/mg5glib.ngl'...
Loading NGL library 'C:/lscc/diamond/3.14/ispfpga/or5g00/data/orc5glib.ngl'...


Running DRC...

DRC complete with no errors or warnings

Design Results:
    173 blocks expanded
Complete the first expansion.
Writing 'Projeto_impl1.ngd' ...
Total CPU Time: 0 secs 
Total REAL Time: 0 secs 
Peak Memory Usage: 24 MB


map -a "ECP5U" -p LFE5U-45F -t CABGA381 -s 6 -oc Commercial   "Projeto_impl1.ngd" -o "Projeto_impl1_map.ncd" -pr "Projeto_impl1.prf" -mp "Projeto_impl1.mrp" -lpf "C:/Users/ResTIC16/Documents/fpga/AulaPratica_02102025/BlinkNormalcomControle/Projeto/impl1/Projeto_impl1_synplify.lpf" -lpf "C:/Users/ResTIC16/Documents/fpga/AulaPratica_02102025/BlinkNormalcomControle/Arquivos/blinknormalcomcontrole.lpf"             
map:  version Diamond (64-bit) 3.14.0.75.2

Copyright (c) 1991-1994 by NeoCAD Inc. All rights reserved.
Copyright (c) 1995 AT&T Corp.   All rights reserved.
Copyright (c) 1995-2001 Lucent Technologies Inc.  All rights reserved.
Copyright (c) 2001 Agere Systems   All rights reserved.
Copyright (c) 2002-2024 Lattice Semiconductor Corporation,  All rights reserved.
   Process the file: Projeto_impl1.ngd
   Picdevice="LFE5U-45F"

   Pictype="CABGA381"

   Picspeed=6

   Remove unused logic

   Do not produce over sized NCDs.

Part used: LFE5U-45FCABGA381, Performance used: 6.

Loading device for application map from file 'sa5p45.nph' in environment: C:/lscc/diamond/3.14/ispfpga.
Package Status:                     Final          Version 1.50.

Running general design DRC...

Removing unused logic...

Optimizing...




Design Summary:
   Number of registers:     73 out of 44457 (0%)
      PFU registers:           73 out of 43848 (0%)
      PIO registers:            0 out of   609 (0%)
   Number of SLICEs:        73 out of 21924 (0%)
      SLICEs as Logic/ROM:     73 out of 21924 (0%)
      SLICEs as RAM:            0 out of 16443 (0%)
      SLICEs as Carry:         38 out of 21924 (0%)
   Number of LUT4s:        124 out of 43848 (0%)
      Number used as logic LUTs:         48
      Number used as distributed RAM:     0
      Number used as ripple logic:       76
      Number used as shift registers:     0
   Number of PIO sites used: 11 out of 203 (5%)
   Number of block RAMs:  0 out of 108 (0%)
   Number of GSRs:  0 out of 1 (0%)
   JTAG used :      No
   Readback used :  No
   Oscillator used :  No
   Startup used :   No
   DTR used :   No
   Number of Dynamic Bank Controller (BCINRD):  0 out of 4 (0%)
   Number of Dynamic Bank Controller (BCLVDSOB):  0 out of 4 (0%)
   Number of DCC:  0 out of 60 (0%)
   Number of DCS:  0 out of 2 (0%)
   Number of PLLs:  0 out of 4 (0%)
   Number of DDRDLLs:  0 out of 4 (0%)
   Number of CLKDIV:  0 out of 4 (0%)
   Number of ECLKSYNC:  0 out of 10 (0%)
   Number of ECLKBRIDGECS:  0 out of 2 (0%)
   Notes:-
      1. Total number of LUT4s = (Number of logic LUT4s) + 2*(Number of distributed RAMs) + 2*(Number of ripple logic)
      2. Number of logic LUT4s does not include count of distributed RAM and ripple logic.

   Number Of Mapped DSP Components:
   --------------------------------
   MULT18X18D          0
   MULT9X9D            0
   ALU54B              0
   ALU24B              0
   PRADD18A            0
   PRADD9A             0
   --------------------------------
   Number of Used DSP MULT Sites:  0 out of 144 (0 %)
   Number of Used DSP ALU Sites:  0 out of 72 (0 %)
   Number of Used DSP PRADD Sites:  0 out of 144 (0 %)
   Number of clocks:  1
     Net clk_c: 47 loads, 47 rising, 0 falling (Driver: PIO clk )
   Number of Clock Enables:  0
   Number of LSRs:  3
     Net un32_g1_cnt_0_a4: 6 loads, 6 LSLICEs
     Net un30_g3_cnt: 6 loads, 6 LSLICEs
     Net un32_g2_cnt: 6 loads, 6 LSLICEs
   Number of nets driven by tri-state buffers:  0
   Top 10 highest fanout non-clock nets:
     Net un30_g3_cnt: 6 loads
     Net un32_g1_cnt_0_a4: 6 loads
     Net un32_g2_cnt: 6 loads
     Net g1_cnt[23]: 4 loads
     Net led_c: 4 loads
     Net g1_cnt[24]: 3 loads
     Net g2_cnt[19]: 3 loads
     Net g2_cnt[20]: 3 loads
     Net g3_cnt[0]: 3 loads
     Net g3_cnt[5]: 3 loads
 

   Number of warnings:  0
   Number of errors:    0



Total CPU Time: 0 secs  
Total REAL Time: 0 secs  
Peak Memory Usage: 159 MB

Dumping design to file Projeto_impl1_map.ncd.

mpartrce -p "Projeto_impl1.p2t" -f "Projeto_impl1.p3t" -tf "Projeto_impl1.pt" "Projeto_impl1_map.ncd" "Projeto_impl1.ncd"

---- MParTrce Tool ----
Removing old design directory at request of -rem command line option to this program.
Running par. Please wait . . .

Lattice Place and Route Report for Design "Projeto_impl1_map.ncd"
Thu Oct 02 10:21:12 2025

PAR: Place And Route Diamond (64-bit) 3.14.0.75.2.
Command Line: par -w -l 5 -i 6 -t 1 -c 0 -e 0 -gui -exp parUseNBR=1:parCDP=auto:parCDR=1:parPathBased=OFF:parASE=1:par_low_skew_clock_net=0 Projeto_impl1_map.ncd Projeto_impl1.dir/5_1.ncd Projeto_impl1.prf
Preference file: Projeto_impl1.prf.
Placement level-cost: 5-1.
Routing Iterations: 6

Loading design for application par from file Projeto_impl1_map.ncd.
Design name: top
NCD version: 3.3
Vendor:      LATTICE
Device:      LFE5U-45F
Package:     CABGA381
Performance: 6
Loading device for application par from file 'sa5p45.nph' in environment: C:/lscc/diamond/3.14/ispfpga.
Package Status:                     Final          Version 1.50.
Performance Hardware Data Status:   Final          Version 55.1.
License checked out.


Ignore Preference Error(s):  True
Device utilization summary:

   PIO (prelim)      11/245           4% used
                     11/203           5% bonded

   SLICE             73/21924        <1% used



Number of Signals: 227
Number of Connections: 420

Pin Constraint Summary:
   11 out of 11 pins locked (100% locked).

The following 1 signal is selected to use the primary clock routing resources:
    clk_c (driver: clk, clk/ce/sr load #: 47/0/0)


No signal is selected as Global Set/Reset.
Starting Placer Phase 0.
........
Finished Placer Phase 0.  REAL time: 2 secs 

Starting Placer Phase 1.
..................
Placer score = 36616.
Finished Placer Phase 1.  REAL time: 3 secs 

Starting Placer Phase 2.
.
Placer score =  36032
Finished Placer Phase 2.  REAL time: 3 secs 


------------------ Clock Report ------------------

Global Clock Resources:
  CLK_PIN    : 0 out of 12 (0%)
  GR_PCLK    : 1 out of 12 (8%)
  PLL        : 0 out of 4 (0%)
  DCS        : 0 out of 2 (0%)
  DCC        : 0 out of 60 (0%)
  CLKDIV     : 0 out of 4 (0%)

Quadrant TL Clocks:

  PRIMARY  : 0 out of 16 (0%)

Quadrant TR Clocks:

  PRIMARY  : 0 out of 16 (0%)

Quadrant BL Clocks:

  PRIMARY  : 0 out of 16 (0%)

Quadrant BR Clocks:
  PRIMARY "clk_c" from comp "clk" on PIO site "P3 (PL68C)", CLK/CE/SR load = 47

  PRIMARY  : 1 out of 16 (6%)

Edge Clocks:

  No edge clock selected.


--------------- End of Clock Report ---------------


+
I/O Usage Summary (final):
   11 out of 245 (4.5%) PIO sites used.
   11 out of 203 (5.4%) bonded PIO sites used.
   Number of PIO comps: 11; differential: 0.
   Number of Vref pins used: 0.

I/O Bank Usage Summary:
+----------+---------------+------------+------------+------------+
| I/O Bank | Usage         | Bank Vccio | Bank Vref1 | Bank Vref2 |
+----------+---------------+------------+------------+------------+
| 0        | 0 / 27 (  0%) | -          | -          | -          |
| 1        | 5 / 33 ( 15%) | 3.3V       | -          | -          |
| 2        | 0 / 32 (  0%) | -          | -          | -          |
| 3        | 0 / 33 (  0%) | -          | -          | -          |
| 6        | 2 / 33 (  6%) | 3.3V       | -          | -          |
| 7        | 4 / 32 ( 12%) | 3.3V       | -          | -          |
| 8        | 0 / 13 (  0%) | -          | -          | -          |
+----------+---------------+------------+------------+------------+

Total placer CPU time: 3 secs 

Dumping design to file Projeto_impl1.dir/5_1.ncd.

0 connections routed; 420 unrouted.
Starting router resource preassignment

Completed router resource preassignment. Real time: 6 secs 

Start NBR router at 10:21:18 10/02/25

*****************************************************************
Info: NBR allows conflicts(one node used by more than one signal)
      in the earlier iterations. In each iteration, it tries to  
      solve the conflicts while keeping the critical connections 
      routed as short as possible. The routing process is said to
      be completed when no conflicts exist and all connections   
      are routed.                                                
Note: NBR uses a different method to calculate timing slacks. The
      worst slack and total negative slack may not be the same as
      that in TRCE report. You should always run TRCE to verify  
      your design.                                               
*****************************************************************

Start NBR special constraint process at 10:21:18 10/02/25

Start NBR section for initial routing at 10:21:18 10/02/25
Level 4, iteration 1
9(0.00%) conflicts; 0(0.00%) untouched conn; 0 (nbr) score; 
Estimated worst slack/total negative slack<setup>: 34.684ns/0.000ns; real time: 6 secs 

Info: Initial congestion level at 75% usage is 0
Info: Initial congestion area  at 75% usage is 0 (0.00%)

Start NBR section for normal routing at 10:21:18 10/02/25
Level 4, iteration 1
3(0.00%) conflicts; 0(0.00%) untouched conn; 0 (nbr) score; 
Estimated worst slack/total negative slack<setup>: 34.684ns/0.000ns; real time: 6 secs 
Level 4, iteration 2
1(0.00%) conflict; 0(0.00%) untouched conn; 0 (nbr) score; 
Estimated worst slack/total negative slack<setup>: 34.684ns/0.000ns; real time: 6 secs 
Level 4, iteration 3
0(0.00%) conflict; 0(0.00%) untouched conn; 0 (nbr) score; 
Estimated worst slack/total negative slack<setup>: 34.684ns/0.000ns; real time: 6 secs 

Start NBR section for setup/hold timing optimization with effort level 3 at 10:21:18 10/02/25

Start NBR section for re-routing at 10:21:19 10/02/25
Level 4, iteration 1
0(0.00%) conflict; 0(0.00%) untouched conn; 0 (nbr) score; 
Estimated worst slack/total negative slack<setup>: 34.684ns/0.000ns; real time: 7 secs 

Start NBR section for post-routing at 10:21:19 10/02/25

End NBR router with 0 unrouted connection

NBR Summary
-----------
  Number of unrouted connections : 0 (0.00%)
  Number of connections with timing violations : 0 (0.00%)
  Estimated worst slack<setup> : 34.684ns
  Timing score<setup> : 0
-----------
Notes: The timing info is calculated for SETUP only and all PAR_ADJs are ignored.



Total CPU time 7 secs 
Total REAL time: 7 secs 
Completely routed.
End of route.  420 routed (100.00%); 0 unrouted.

Hold time timing score: 0, hold timing errors: 0

Timing score: 0 

Dumping design to file Projeto_impl1.dir/5_1.ncd.


PAR_SUMMARY::Run status = Completed
PAR_SUMMARY::Number of unrouted conns = 0
PAR_SUMMARY::Worst  slack<setup/<ns>> = 34.684
PAR_SUMMARY::Timing score<setup/<ns>> = 0.000
PAR_SUMMARY::Worst  slack<hold /<ns>> = 0.179
PAR_SUMMARY::Timing score<hold /<ns>> = 0.000
PAR_SUMMARY::Number of errors = 0

Total CPU  time to completion: 7 secs 
Total REAL time to completion: 7 secs 

par done!

Note: user must run 'Trace' for timing closure signoff.

Copyright (c) 1991-1994 by NeoCAD Inc. All rights reserved.
Copyright (c) 1995 AT&T Corp.   All rights reserved.
Copyright (c) 1995-2001 Lucent Technologies Inc.  All rights reserved.
Copyright (c) 2001 Agere Systems   All rights reserved.
Copyright (c) 2002-2024 Lattice Semiconductor Corporation,  All rights reserved.
Exiting par with exit code 0
Exiting mpartrce with exit code 0

trce -f "Projeto_impl1.pt" -o "Projeto_impl1.twr" "Projeto_impl1.ncd" "Projeto_impl1.prf"
trce:  version Diamond (64-bit) 3.14.0.75.2

Copyright (c) 1991-1994 by NeoCAD Inc. All rights reserved.
Copyright (c) 1995 AT&T Corp.   All rights reserved.
Copyright (c) 1995-2001 Lucent Technologies Inc.  All rights reserved.
Copyright (c) 2001 Agere Systems   All rights reserved.
Copyright (c) 2002-2024 Lattice Semiconductor Corporation,  All rights reserved.

Loading design for application trce from file projeto_impl1.ncd.
Design name: top
NCD version: 3.3
Vendor:      LATTICE
Device:      LFE5U-45F
Package:     CABGA381
Performance: 6
Loading device for application trce from file 'sa5p45.nph' in environment: C:/lscc/diamond/3.14/ispfpga.
Package Status:                     Final          Version 1.50.
Performance Hardware Data Status:   Final          Version 55.1.
Setup and Hold Report

--------------------------------------------------------------------------------
Lattice TRACE Report - Setup, Version Diamond (64-bit) 3.14.0.75.2
Thu Oct 02 10:21:20 2025

Copyright (c) 1991-1994 by NeoCAD Inc. All rights reserved.
Copyright (c) 1995 AT&T Corp.   All rights reserved.
Copyright (c) 1995-2001 Lucent Technologies Inc.  All rights reserved.
Copyright (c) 2001 Agere Systems   All rights reserved.
Copyright (c) 2002-2024 Lattice Semiconductor Corporation,  All rights reserved.

Report Information
------------------
Command line:    trce -v 10 -gt -sethld -sp 6 -sphld m -o Projeto_impl1.twr -gui Projeto_impl1.ncd Projeto_impl1.prf 
Design file:     projeto_impl1.ncd
Preference file: projeto_impl1.prf
Device,speed:    LFE5U-45F,6
Report level:    verbose report, limited to 10 items per preference
--------------------------------------------------------------------------------

BLOCK ASYNCPATHS
--------------------------------------------------------------------------------



Timing summary (Setup):
---------------

Timing errors: 0  Score: 0
Cumulative negative slack: 0

Constraints cover 1364 paths, 1 nets, and 346 connections (82.38% coverage)

--------------------------------------------------------------------------------
Lattice TRACE Report - Hold, Version Diamond (64-bit) 3.14.0.75.2
Thu Oct 02 10:21:21 2025

Copyright (c) 1991-1994 by NeoCAD Inc. All rights reserved.
Copyright (c) 1995 AT&T Corp.   All rights reserved.
Copyright (c) 1995-2001 Lucent Technologies Inc.  All rights reserved.
Copyright (c) 2001 Agere Systems   All rights reserved.
Copyright (c) 2002-2024 Lattice Semiconductor Corporation,  All rights reserved.

Report Information
------------------
Command line:    trce -v 10 -gt -sethld -sp 6 -sphld m -o Projeto_impl1.twr -gui Projeto_impl1.ncd Projeto_impl1.prf 
Design file:     projeto_impl1.ncd
Preference file: projeto_impl1.prf
Device,speed:    LFE5U-45F,m
Report level:    verbose report, limited to 10 items per preference
--------------------------------------------------------------------------------

BLOCK ASYNCPATHS
--------------------------------------------------------------------------------



Timing summary (Hold):
---------------

Timing errors: 0  Score: 0
Cumulative negative slack: 0

Constraints cover 1364 paths, 1 nets, and 346 connections (82.38% coverage)



Timing summary (Setup and Hold):
---------------

Timing errors: 0 (setup), 0 (hold)
Score: 0 (setup), 0 (hold)
Cumulative negative slack: 0 (0+0)
--------------------------------------------------------------------------------

--------------------------------------------------------------------------------

Total CPU Time: 1 secs 
Total REAL Time: 0 secs 
Peak Memory Usage: 220 MB


tmcheck -par "Projeto_impl1.par" 

bitgen -w "Projeto_impl1.ncd" -f "Projeto_impl1.t2b" -e -s "C:/Users/ResTIC16/Documents/fpga/AulaPratica_02102025/BlinkNormalcomControle/Projeto/Projeto.sec" -k "C:/Users/ResTIC16/Documents/fpga/AulaPratica_02102025/BlinkNormalcomControle/Projeto/Projeto.bek" "Projeto_impl1.prf"


BITGEN: Bitstream Generator Diamond (64-bit) 3.14.0.75.2
Copyright (c) 1991-1994 by NeoCAD Inc. All rights reserved.
Copyright (c) 1995 AT&T Corp.   All rights reserved.
Copyright (c) 1995-2001 Lucent Technologies Inc.  All rights reserved.
Copyright (c) 2001 Agere Systems   All rights reserved.
Copyright (c) 2002-2024 Lattice Semiconductor Corporation,  All rights reserved.


Loading design for application Bitgen from file Projeto_impl1.ncd.
Design name: top
NCD version: 3.3
Vendor:      LATTICE
Device:      LFE5U-45F
Package:     CABGA381
Performance: 6
Loading device for application Bitgen from file 'sa5p45.nph' in environment: C:/lscc/diamond/3.14/ispfpga.
Package Status:                     Final          Version 1.50.
Performance Hardware Data Status:   Final          Version 55.1.

Running DRC.
DRC detected 0 errors and 0 warnings.
Reading Preference File from Projeto_impl1.prf.
    <postMsg mid="1009992" type="Info"    dynamic="1" navigation="0" arg0=" SW_XO3D_SECURITY_ENCRYPTION *NOT* controlled by sa5p00.acd ###"  />
    <postMsg mid="1009992" type="Info"    dynamic="1" navigation="0" arg0=" SW_XO3D_SECURITY_ENCRYPTION license_securityIP OK"  />

Preference Summary:
+---------------------------------+---------------------------------+
|  Preference                     |  Current Setting                |
+---------------------------------+---------------------------------+
|                         RamCfg  |                        Reset**  |
+---------------------------------+---------------------------------+
|                        CfgMode  |                      Disable**  |
+---------------------------------+---------------------------------+
|                        DONE_EX  |                          OFF**  |
+---------------------------------+---------------------------------+
|                        DONE_OD  |                           ON**  |
+---------------------------------+---------------------------------+
|                     MCCLK_FREQ  |                          2.4**  |
+---------------------------------+---------------------------------+
|                  CONFIG_SECURE  |                          OFF**  |
+---------------------------------+---------------------------------+
|                    CONFIG_MODE  |                         JTAG**  |
+---------------------------------+---------------------------------+
|                        WAKE_UP  |                           21**  |
+---------------------------------+---------------------------------+
|                          INBUF  |                          OFF**  |
+---------------------------------+---------------------------------+
|                             ES  |                           No**  |
+---------------------------------+---------------------------------+
|                 SLAVE_SPI_PORT  |                      DISABLE**  |
+---------------------------------+---------------------------------+
|                MASTER_SPI_PORT  |                      DISABLE**  |
+---------------------------------+---------------------------------+
|                COMPRESS_CONFIG  |                          OFF**  |
+---------------------------------+---------------------------------+
|            BACKGROUND_RECONFIG  |                          OFF**  |
+---------------------------------+---------------------------------+
|                     DisableUES  |                        FALSE**  |
+---------------------------------+---------------------------------+
|            SLAVE_PARALLEL_PORT  |                      DISABLE**  |
+---------------------------------+---------------------------------+
|                      DONE_PULL  |                           ON**  |
+---------------------------------+---------------------------------+
|               CONFIG_IOVOLTAGE  |                          2.5**  |
+---------------------------------+---------------------------------+
|                        TRANSFR  |                          OFF**  |
+---------------------------------+---------------------------------+
 *  Default setting.
 ** The specified setting matches the default setting.


Creating bit map...
 
Bitstream Status: Final           Version 10.27.
 
Saving bit stream in "Projeto_impl1.bit".
Total CPU Time: 3 secs 
Total REAL Time: 4 secs 
Peak Memory Usage: 365 MB
