
            Lattice Mapping Report File for Design Module 'blink'


Design Information
------------------

Command line:   map -a ECP5U -p LFE5U-45F -t CABGA381 -s 6 -oc Commercial
     blink_impl1.ngd -o blink_impl1_map.ncd -pr blink_impl1.prf -mp
     blink_impl1.mrp -lpf C:/Users/ResTIC16/Documents/aula placa
     fpga/blink_VHDL/impl1/blink_impl1_synplify.lpf -lpf
     C:/Users/ResTIC16/Documents/aula placa fpga/blink_VHDL/Arquivos/blink.lpf
     -gui 
Target Vendor:  LATTICE
Target Device:  LFE5U-45FCABGA381
Target Performance:   6
Mapper:  sa5p00,  version:  Diamond (64-bit) 3.14.0.75.2
Mapped on:  09/02/25  11:24:16

Design Summary
--------------

   Number of registers:     25 out of 44457 (0%)
      PFU registers:           25 out of 43848 (0%)
      PIO registers:            0 out of   609 (0%)
   Number of SLICEs:        20 out of 21924 (0%)
      SLICEs as Logic/ROM:     20 out of 21924 (0%)
      SLICEs as RAM:            0 out of 16443 (0%)
      SLICEs as Carry:         13 out of 21924 (0%)
   Number of LUT4s:         38 out of 43848 (0%)
      Number used as logic LUTs:         12
      Number used as distributed RAM:     0
      Number used as ripple logic:       26
      Number used as shift registers:     0
   Number of PIO sites used: 2 out of 203 (1%)
   Number of block RAMs:  0 out of 108 (0%)
   Number of GSRs:  0 out of 1 (0%)
   JTAG used :      No
   Readback used :  No
   Oscillator used :  No
   Startup used :   No
   DTR used :   No
   Number of Dynamic Bank Controller (BCINRD):  0 out of 4 (0%)
   Number of Dynamic Bank Controller (BCLVDSOB):  0 out of 4 (0%)
   Number of DCC:  0 out of 60 (0%)
   Number of DCS:  0 out of 2 (0%)
   Number of PLLs:  0 out of 4 (0%)
   Number of DDRDLLs:  0 out of 4 (0%)
   Number of CLKDIV:  0 out of 4 (0%)
   Number of ECLKSYNC:  0 out of 10 (0%)
   Number of ECLKBRIDGECS:  0 out of 2 (0%)
   Notes:-
      1. Total number of LUT4s = (Number of logic LUT4s) + 2*(Number of
     distributed RAMs) + 2*(Number of ripple logic)
      2. Number of logic LUT4s does not include count of distributed RAM and
     ripple logic.

        Number Of Mapped DSP Components:
   --------------------------------
   MULT18X18D          0
   MULT9X9D            0
   ALU54B              0

                                    Page 1




Design:  blink                                         Date:  09/02/25  11:24:16

Design Summary (cont)
---------------------
   ALU24B              0
   PRADD18A            0
   PRADD9A             0
   --------------------------------
   Number of Used DSP MULT Sites:  0 out of 144 (0 %)
   Number of Used DSP ALU Sites:  0 out of 72 (0 %)
   Number of Used DSP PRADD Sites:  0 out of 144 (0 %)
   Number of clocks:  1
     Net clk_c: 14 loads, 14 rising, 0 falling (Driver: PIO clk )
   Number of Clock Enables:  0
   Number of LSRs:  1
     Net un1_counter_i: 13 loads, 13 LSLICEs
   Number of nets driven by tri-state buffers:  0
   Top 10 highest fanout non-clock nets:
     Net un1_counter_i: 14 loads
     Net counter[0]: 3 loads
     Net counter[14]: 3 loads
     Net counter[16]: 3 loads
     Net counter[22]: 3 loads
     Net counter[1]: 2 loads
     Net counter[23]: 2 loads
     Net counter[2]: 2 loads
     Net counter[3]: 2 loads
     Net counter[4]: 2 loads




   Number of warnings:  0
   Number of errors:    0
     

Design Errors/Warnings
----------------------

   No errors or warnings present.

IO (PIO) Attributes
-------------------

+---------------------+-----------+-----------+------------+
| IO Name             | Direction | Levelmode | IO         |
|                     |           |  IO_TYPE  | Register   |
+---------------------+-----------+-----------+------------+
| led                 | OUTPUT    | LVCMOS33  |            |
+---------------------+-----------+-----------+------------+
| clk                 | INPUT     | LVCMOS33  |            |
+---------------------+-----------+-----------+------------+

Removed logic
-------------

Block GSR_INST undriven or does not drive anything - clipped.
Block GND undriven or does not drive anything - clipped.
Signal VCC undriven or does not drive anything - clipped.
Signal un3_counter_cry_0_0_S1 undriven or does not drive anything - clipped.

                                    Page 2




Design:  blink                                         Date:  09/02/25  11:24:16

Removed logic (cont)
--------------------
Signal un3_counter_cry_0_0_S0 undriven or does not drive anything - clipped.
Signal N_1 undriven or does not drive anything - clipped.
Signal un3_counter_s_23_0_S1 undriven or does not drive anything - clipped.
Signal un3_counter_s_23_0_COUT undriven or does not drive anything - clipped.
Block VCC was optimized away.

     

Run Time and Memory Usage
-------------------------

   Total CPU Time: 0 secs  
   Total REAL Time: 0 secs  
   Peak Memory Usage: 158 MB
        










































                                    Page 3


Copyright (c) 1991-1994 by NeoCAD Inc. All rights reserved.
     Copyright (c) 1995 AT&T Corp.   All rights reserved.
     Copyright (c) 1995-2001 Lucent Technologies Inc.  All rights reserved.
     Copyright (c) 2001 Agere Systems   All rights reserved.
     Copyright (c) 2002-2024 Lattice Semiconductor Corporation,  All rights
     reserved.
