
Copyright (C) 1994-2023 Synopsys, Inc.
This Synopsys software and all associated documentation are proprietary to Synopsys, Inc.
and may only be used pursuant to the terms and conditions of a written license agreement
with Synopsys, Inc. All other use, reproduction, modification, or distribution of the
Synopsys software or the associated documentation is strictly prohibited.
Tool: Synplify Pro (R)
Build: V-2023.09L-2
Install: C:\lscc\diamond\3.14\synpbase
OS: Windows 10 or later
Hostname: LABFUZZYCHESS

Implementation : impl1

# Written on Tue Oct  7 16:12:52 2025

##### DESIGN INFO #######################################################

Top View:                "top"
Constraint File(s):      (none)




##### SUMMARY ############################################################

Found 0 issues in 0 out of 0 constraints


##### DETAILS ############################################################



Clock Relationships
*******************

Starting     Ending      |     rise to rise     |     fall to fall     |     rise to fall     |     fall to rise                     
------------------------------------------------------------------------------------------------------------------------------------
top|clk      top|clk     |     5.000            |     No paths         |     No paths         |     No paths                         
====================================================================================================================================
 Note: 'No paths' indicates there are no paths in the design for that pair of clock edges.
       'Diff grp' indicates that paths exist but the starting clock and ending clock are in different clock groups.


Unconstrained Start/End Points
******************************

p:led
p:pause
p:q[0]
p:q[1]
p:q[2]
p:q[3]
p:q[4]
p:q[5]
p:reset_n
p:up_down


Inapplicable constraints
************************

(none)


Applicable constraints with issues
**********************************

(none)


Constraints with matching wildcard expressions
**********************************************

(none)


Library Report
**************


# End of Constraint Checker Report
