{
"Synplify Pro (R) Job Log" : {
	"Date" : "16:13:18    07-Oct-2025",
	"Working Directory" : "I:/Meu Drive/Projetos_Verilog/Registrador_6_bits/Projeto/impl1",
	"Install" : "C:/lscc/diamond/3.14/synpbase"
},
"impl1" :{
   "Job Flow" : "Sequential",
   "Start Time" : "16:12:04",
   "Runtime" : "01m:13s",
   "Executable Run Time" : "01m:07s",
   "synthesis" : {
      "Job Flow" : "Sequential",
      "Start Time" : "16:12:04",
      "Runtime" : "01m:13s",
      "Executable Run Time" : "01m:07s",
      "compile" : {
         "Job Flow" : "Sequential",
         "Start Time" : "16:12:04",
         "Runtime" : "52s",
         "Executable Run Time" : "47s",
         "compile_flow" : {
            "Job Flow" : "Sequential",
            "Start Time" : "16:12:04",
            "Runtime" : "24s",
            "Executable Run Time" : "21s",
            "compiler" : {
               "executable" : "bin64/c_hdl.exe",
               "Run Directory" : "I:/Meu Drive/Projetos_Verilog/Registrador_6_bits/Projeto/impl1",
               "Run State" : "Complete",
               "Return Code" : "0",
               "Has Errors" : "no",
               "Run Start Time" : "16:12:04",
               "Run Time" : "21s",
               "Exe Run Time" : "18s",
               "Memory Usage" : "-",
               "Up-to-date (run skipped)" : "no"
            },
            "multi_srs_gen" : {
               "executable" : "bin64/syn_nfilter.exe",
               "Run Directory" : "I:/Meu Drive/Projetos_Verilog/Registrador_6_bits/Projeto/impl1",
               "Run State" : "Complete",
               "Return Code" : "0",
               "Has Errors" : "no",
               "Run Start Time" : "16:12:25",
               "Run Time" : "03s",
               "Exe Run Time" : "03s",
               "Memory Usage" : "-",
               "Up-to-date (run skipped)" : "no"
            }
         },
         "premap" : {
            "executable" : "bin64/m_gen_lattice.exe",
            "Run Directory" : "I:/Meu Drive/Projetos_Verilog/Registrador_6_bits/Projeto/impl1",
            "Run State" : "Complete",
            "Return Code" : "1",
            "Has Errors" : "no",
            "Run Start Time" : "16:12:28",
            "Run Time" : "28s",
            "Exe Run Time" : "26s",
            "Memory Usage" : "-",
            "Up-to-date (run skipped)" : "no"
         }
      },
      "map" : {
         "Job Flow" : "Sequential",
         "Start Time" : "16:12:56",
         "Runtime" : "21s",
         "Executable Run Time" : "20s",
         "fpga_mapper" : {
            "executable" : "bin64/m_gen_lattice.exe",
            "Run Directory" : "I:/Meu Drive/Projetos_Verilog/Registrador_6_bits/Projeto/impl1",
            "Run State" : "Complete",
            "Return Code" : "1",
            "Has Errors" : "no",
            "Run Start Time" : "16:12:56",
            "Run Time" : "21s",
            "Exe Run Time" : "20s",
            "Memory Usage" : "-",
            "Up-to-date (run skipped)" : "no"
         }
      }
   }
}
}