{
"Synplify Pro (R) Job Log" : {
	"Date" : "08:59:13    02-Oct-2025",
	"Working Directory" : "C:/Users/ResTIC16/Documents/fpga/AulaPratica_02102025/BlinkNormalcomNove/Projeto/impl1",
	"Install" : "C:/lscc/diamond/3.14/synpbase"
},
"impl1" :{
   "Job Flow" : "Sequential",
   "Start Time" : "08:58:51",
   "Runtime" : "22s",
   "Executable Run Time" : "19s",
   "synthesis" : {
      "Job Flow" : "Sequential",
      "Start Time" : "08:58:51",
      "Runtime" : "22s",
      "Executable Run Time" : "19s",
      "compile" : {
         "Job Flow" : "Sequential",
         "Start Time" : "08:58:51",
         "Runtime" : "12s",
         "Executable Run Time" : "10s",
         "compile_flow" : {
            "Job Flow" : "Sequential",
            "Start Time" : "08:58:51",
            "Runtime" : "06s",
            "Executable Run Time" : "04s",
            "compiler" : {
               "executable" : "bin64/c_hdl.exe",
               "Run Directory" : "C:/Users/ResTIC16/Documents/fpga/AulaPratica_02102025/BlinkNormalcomNove/Projeto/impl1",
               "Run State" : "Complete",
               "Return Code" : "0",
               "Has Errors" : "no",
               "Run Start Time" : "08:58:51",
               "Run Time" : "06s",
               "Exe Run Time" : "04s",
               "Memory Usage" : "-",
               "Up-to-date (run skipped)" : "no"
            },
            "multi_srs_gen" : {
               "executable" : "bin64/syn_nfilter.exe",
               "Run Directory" : "C:/Users/ResTIC16/Documents/fpga/AulaPratica_02102025/BlinkNormalcomNove/Projeto/impl1",
               "Run State" : "Complete",
               "Return Code" : "0",
               "Has Errors" : "no",
               "Run Start Time" : "08:58:57",
               "Run Time" : "00s",
               "Exe Run Time" : "00s",
               "Memory Usage" : "-",
               "Up-to-date (run skipped)" : "no"
            }
         },
         "premap" : {
            "executable" : "bin64/m_gen_lattice.exe",
            "Run Directory" : "C:/Users/ResTIC16/Documents/fpga/AulaPratica_02102025/BlinkNormalcomNove/Projeto/impl1",
            "Run State" : "Complete",
            "Return Code" : "1",
            "Has Errors" : "no",
            "Run Start Time" : "08:58:57",
            "Run Time" : "06s",
            "Exe Run Time" : "06s",
            "Memory Usage" : "-",
            "Up-to-date (run skipped)" : "no"
         }
      },
      "map" : {
         "Job Flow" : "Sequential",
         "Start Time" : "08:59:03",
         "Runtime" : "10s",
         "Executable Run Time" : "09s",
         "fpga_mapper" : {
            "executable" : "bin64/m_gen_lattice.exe",
            "Run Directory" : "C:/Users/ResTIC16/Documents/fpga/AulaPratica_02102025/BlinkNormalcomNove/Projeto/impl1",
            "Run State" : "Complete",
            "Return Code" : "1",
            "Has Errors" : "no",
            "Run Start Time" : "08:59:03",
            "Run Time" : "10s",
            "Exe Run Time" : "09s",
            "Memory Usage" : "-",
            "Up-to-date (run skipped)" : "no"
         }
      }
   }
}
}